{"/home/travis/build/MaibornWolff/codecharta/visualization/app/app.ts": {"path":"/home/travis/build/MaibornWolff/codecharta/visualization/app/app.ts","statementMap":{"0":{"start":{"line":2,"column":0},"end":{"line":null,"column":-1}},"1":{"start":{"line":3,"column":0},"end":{"line":null,"column":-1}},"2":{"start":{"line":4,"column":0},"end":{"line":null,"column":-1}},"3":{"start":{"line":5,"column":0},"end":{"line":null,"column":-1}},"4":{"start":{"line":6,"column":0},"end":{"line":null,"column":-1}},"5":{"start":{"line":9,"column":0},"end":{"line":null,"column":-1}},"6":{"start":{"line":11,"column":0},"end":{"line":null,"column":-1}},"7":{"start":{"line":16,"column":3},"end":{"line":null,"column":-1}},"8":{"start":{"line":17,"column":3},"end":{"line":null,"column":-1}},"9":{"start":{"line":24,"column":2},"end":{"line":null,"column":-1}},"10":{"start":{"line":31,"column":2},"end":{"line":null,"column":-1}},"11":{"start":{"line":36,"column":3},"end":{"line":null,"column":-1}},"12":{"start":{"line":37,"column":3},"end":{"line":null,"column":-1}}},"fnMap":{"0":{"name":"(anonymous_1)","decl":{"start":{"line":15,"column":2},"end":{"line":15,"column":21}},"loc":{"start":{"line":15,"column":22},"end":{"line":13,"column":9}}},"1":{"name":"(anonymous_2)","decl":{"start":{"line":23,"column":9},"end":{"line":23,"column":29}},"loc":{"start":{"line":23,"column":30},"end":{"line":11,"column":0}}},"2":{"name":"(anonymous_3)","decl":{"start":{"line":30,"column":9},"end":{"line":30,"column":26}},"loc":{"start":{"line":30,"column":27},"end":{"line":11,"column":0}}},"3":{"name":"(anonymous_4)","decl":{"start":{"line":35,"column":2},"end":{"line":35,"column":20}},"loc":{"start":{"line":35,"column":21},"end":{"line":33,"column":9}}}},"branchMap":{},"s":{"0":0,"1":0,"2":0,"3":0,"4":0,"5":0,"6":0,"7":0,"8":0,"9":0,"10":0,"11":0,"12":0},"f":{"0":0,"1":0,"2":0,"3":0},"b":{}}
,"/home/travis/build/MaibornWolff/codecharta/visualization/app/codeCharta/codeCharta.component.ts": {"path":"/home/travis/build/MaibornWolff/codecharta/visualization/app/codeCharta/codeCharta.component.ts","statementMap":{"0":{"start":{"line":27,"column":10},"end":{"line":27,"column":37}},"1":{"start":{"line":28,"column":10},"end":{"line":28,"column":29}},"2":{"start":{"line":29,"column":10},"end":{"line":29,"column":36}},"3":{"start":{"line":30,"column":10},"end":{"line":30,"column":38}},"4":{"start":{"line":31,"column":10},"end":{"line":31,"column":46}},"5":{"start":{"line":33,"column":10},"end":{"line":33,"column":42}},"6":{"start":{"line":17,"column":9},"end":{"line":21,"column":2}},"7":{"start":{"line":35,"column":2},"end":{"line":35,"column":46}},"8":{"start":{"line":36,"column":2},"end":{"line":36,"column":62}},"9":{"start":{"line":37,"column":2},"end":{"line":37,"column":52}},"10":{"start":{"line":38,"column":2},"end":{"line":38,"column":25}},"11":{"start":{"line":42,"column":2},"end":{"line":54,"column":5}},"12":{"start":{"line":45,"column":4},"end":{"line":50,"column":5}},"13":{"start":{"line":46,"column":5},"end":{"line":46,"column":31}},"14":{"start":{"line":47,"column":5},"end":{"line":47,"column":33}},"15":{"start":{"line":49,"column":5},"end":{"line":49,"column":33}},"16":{"start":{"line":53,"column":4},"end":{"line":53,"column":32}},"17":{"start":{"line":58,"column":2},"end":{"line":62,"column":3}},"18":{"start":{"line":59,"column":3},"end":{"line":61,"column":4}},"19":{"start":{"line":63,"column":2},"end":{"line":66,"column":4}},"20":{"start":{"line":70,"column":2},"end":{"line":70,"column":46}},"21":{"start":{"line":72,"column":2},"end":{"line":81,"column":5}},"22":{"start":{"line":75,"column":4},"end":{"line":75,"column":86}},"23":{"start":{"line":78,"column":4},"end":{"line":78,"column":55}},"24":{"start":{"line":79,"column":4},"end":{"line":79,"column":20}},"25":{"start":{"line":80,"column":4},"end":{"line":80,"column":23}},"26":{"start":{"line":85,"column":30},"end":{"line":85,"column":70}},"27":{"start":{"line":86,"column":16},"end":{"line":86,"column":63}},"28":{"start":{"line":88,"column":2},"end":{"line":94,"column":3}},"29":{"start":{"line":89,"column":3},"end":{"line":89,"column":59}},"30":{"start":{"line":90,"column":9},"end":{"line":94,"column":3}},"31":{"start":{"line":91,"column":3},"end":{"line":91,"column":49}},"32":{"start":{"line":93,"column":3},"end":{"line":93,"column":50}},"33":{"start":{"line":98,"column":2},"end":{"line":98,"column":72}},"34":{"start":{"line":102,"column":35},"end":{"line":106,"column":1}}},"fnMap":{"0":{"name":"(anonymous_0)","decl":{"start":{"line":26,"column":1},"end":{"line":27,"column":9}},"loc":{"start":{"line":33,"column":42},"end":{"line":39,"column":2}}},"1":{"name":"(anonymous_1)","decl":{"start":{"line":41,"column":8},"end":{"line":41,"column":23}},"loc":{"start":{"line":41,"column":24},"end":{"line":55,"column":2}}},"2":{"name":"(anonymous_2)","decl":{"start":{"line":44,"column":9},"end":{"line":44,"column":10}},"loc":{"start":{"line":44,"column":34},"end":{"line":51,"column":4}}},"3":{"name":"(anonymous_3)","decl":{"start":{"line":52,"column":10},"end":{"line":52,"column":12}},"loc":{"start":{"line":52,"column":15},"end":{"line":54,"column":4}}},"4":{"name":"(anonymous_4)","decl":{"start":{"line":57,"column":8},"end":{"line":57,"column":28}},"loc":{"start":{"line":57,"column":29},"end":{"line":67,"column":2}}},"5":{"name":"(anonymous_5)","decl":{"start":{"line":69,"column":9},"end":{"line":69,"column":23}},"loc":{"start":{"line":69,"column":47},"end":{"line":82,"column":2}}},"6":{"name":"(anonymous_6)","decl":{"start":{"line":74,"column":9},"end":{"line":74,"column":11}},"loc":{"start":{"line":74,"column":14},"end":{"line":76,"column":4}}},"7":{"name":"(anonymous_7)","decl":{"start":{"line":77,"column":10},"end":{"line":77,"column":11}},"loc":{"start":{"line":77,"column":14},"end":{"line":81,"column":4}}},"8":{"name":"(anonymous_8)","decl":{"start":{"line":84,"column":9},"end":{"line":84,"column":29}},"loc":{"start":{"line":84,"column":30},"end":{"line":95,"column":2}}},"9":{"name":"(anonymous_9)","decl":{"start":{"line":97,"column":9},"end":{"line":97,"column":19}},"loc":{"start":{"line":97,"column":35},"end":{"line":99,"column":2}}}},"branchMap":{"0":{"loc":{"start":{"line":45,"column":4},"end":{"line":50,"column":5}},"type":"if","locations":[{"start":{"line":45,"column":4},"end":{"line":50,"column":5}},{"start":{"line":45,"column":4},"end":{"line":50,"column":5}}]},"1":{"loc":{"start":{"line":58,"column":2},"end":{"line":62,"column":3}},"type":"if","locations":[{"start":{"line":58,"column":2},"end":{"line":62,"column":3}},{"start":{"line":58,"column":2},"end":{"line":62,"column":3}}]},"2":{"loc":{"start":{"line":88,"column":2},"end":{"line":94,"column":3}},"type":"if","locations":[{"start":{"line":88,"column":2},"end":{"line":94,"column":3}},{"start":{"line":88,"column":2},"end":{"line":94,"column":3}}]},"3":{"loc":{"start":{"line":88,"column":6},"end":{"line":88,"column":29}},"type":"binary-expr","locations":[{"start":{"line":88,"column":6},"end":{"line":88,"column":29}},{"start":{"line":88,"column":33},"end":{"line":88,"column":50}}]},"4":{"loc":{"start":{"line":90,"column":9},"end":{"line":94,"column":3}},"type":"if","locations":[{"start":{"line":90,"column":9},"end":{"line":94,"column":3}},{"start":{"line":90,"column":9},"end":{"line":94,"column":3}}]}},"s":{"0":10,"1":10,"2":10,"3":10,"4":10,"5":10,"6":10,"7":10,"8":10,"9":10,"10":10,"11":13,"12":13,"13":2,"14":2,"15":11,"16":1,"17":13,"18":11,"19":13,"20":15,"21":15,"22":15,"23":0,"24":0,"25":0,"26":2,"27":2,"28":2,"29":0,"30":2,"31":0,"32":2,"33":0,"34":93},"f":{"0":10,"1":13,"2":13,"3":1,"4":13,"5":15,"6":15,"7":0,"8":2,"9":0},"b":{"0":[2,11],"1":[11,2],"2":[0,2],"3":[2,0],"4":[0,2]}}
,"/home/travis/build/MaibornWolff/codecharta/visualization/app/codeCharta/codeCharta.model.ts": {"path":"/home/travis/build/MaibornWolff/codecharta/visualization/app/codeCharta/codeCharta.model.ts","statementMap":{"0":{"start":{"line":15,"column":0},"end":{"line":21,"column":1}},"1":{"start":{"line":16,"column":1},"end":{"line":16,"column":18}},"2":{"start":{"line":17,"column":1},"end":{"line":17,"column":24}},"3":{"start":{"line":18,"column":1},"end":{"line":18,"column":26}},"4":{"start":{"line":19,"column":1},"end":{"line":19,"column":20}},"5":{"start":{"line":20,"column":1},"end":{"line":20,"column":14}},"6":{"start":{"line":23,"column":0},"end":{"line":28,"column":1}},"7":{"start":{"line":24,"column":1},"end":{"line":24,"column":22}},"8":{"start":{"line":25,"column":1},"end":{"line":25,"column":20}},"9":{"start":{"line":26,"column":1},"end":{"line":26,"column":20}},"10":{"start":{"line":27,"column":1},"end":{"line":27,"column":24}},"11":{"start":{"line":64,"column":0},"end":{"line":67,"column":1}},"12":{"start":{"line":65,"column":1},"end":{"line":65,"column":14}},"13":{"start":{"line":66,"column":1},"end":{"line":66,"column":18}},"14":{"start":{"line":69,"column":0},"end":{"line":72,"column":1}},"15":{"start":{"line":70,"column":1},"end":{"line":70,"column":14}},"16":{"start":{"line":71,"column":1},"end":{"line":71,"column":36}},"17":{"start":{"line":166,"column":0},"end":{"line":169,"column":1}},"18":{"start":{"line":167,"column":1},"end":{"line":167,"column":22}},"19":{"start":{"line":168,"column":1},"end":{"line":168,"column":22}},"20":{"start":{"line":178,"column":0},"end":{"line":183,"column":1}},"21":{"start":{"line":179,"column":1},"end":{"line":179,"column":14}},"22":{"start":{"line":180,"column":1},"end":{"line":180,"column":14}},"23":{"start":{"line":181,"column":1},"end":{"line":181,"column":10}},"24":{"start":{"line":182,"column":1},"end":{"line":182,"column":14}},"25":{"start":{"line":195,"column":0},"end":{"line":198,"column":1}},"26":{"start":{"line":196,"column":1},"end":{"line":196,"column":20}},"27":{"start":{"line":197,"column":1},"end":{"line":197,"column":20}}},"fnMap":{"0":{"name":"(anonymous_0)","decl":{"start":{"line":15,"column":0},"end":{"line":15,"column":11}},"loc":{"start":{"line":15,"column":30},"end":{"line":21,"column":1}}},"1":{"name":"(anonymous_1)","decl":{"start":{"line":23,"column":0},"end":{"line":23,"column":11}},"loc":{"start":{"line":23,"column":27},"end":{"line":28,"column":1}}},"2":{"name":"(anonymous_2)","decl":{"start":{"line":64,"column":0},"end":{"line":64,"column":11}},"loc":{"start":{"line":64,"column":20},"end":{"line":67,"column":1}}},"3":{"name":"(anonymous_3)","decl":{"start":{"line":69,"column":0},"end":{"line":69,"column":11}},"loc":{"start":{"line":69,"column":25},"end":{"line":72,"column":1}}},"4":{"name":"(anonymous_4)","decl":{"start":{"line":166,"column":0},"end":{"line":166,"column":11}},"loc":{"start":{"line":166,"column":30},"end":{"line":169,"column":1}}},"5":{"name":"(anonymous_5)","decl":{"start":{"line":178,"column":0},"end":{"line":178,"column":11}},"loc":{"start":{"line":178,"column":26},"end":{"line":183,"column":1}}},"6":{"name":"(anonymous_6)","decl":{"start":{"line":195,"column":0},"end":{"line":195,"column":11}},"loc":{"start":{"line":195,"column":25},"end":{"line":198,"column":1}}}},"branchMap":{"0":{"loc":{"start":{"line":15,"column":12},"end":{"line":15,"column":30}},"type":"binary-expr","locations":[{"start":{"line":15,"column":12},"end":{"line":15,"column":30}},{"start":{"line":15,"column":12},"end":{"line":15,"column":30}}]},"1":{"loc":{"start":{"line":23,"column":12},"end":{"line":23,"column":27}},"type":"binary-expr","locations":[{"start":{"line":23,"column":12},"end":{"line":23,"column":27}},{"start":{"line":23,"column":12},"end":{"line":23,"column":27}}]},"2":{"loc":{"start":{"line":64,"column":12},"end":{"line":64,"column":20}},"type":"binary-expr","locations":[{"start":{"line":64,"column":12},"end":{"line":64,"column":20}},{"start":{"line":64,"column":12},"end":{"line":64,"column":20}}]},"3":{"loc":{"start":{"line":69,"column":12},"end":{"line":69,"column":25}},"type":"binary-expr","locations":[{"start":{"line":69,"column":12},"end":{"line":69,"column":25}},{"start":{"line":69,"column":12},"end":{"line":69,"column":25}}]},"4":{"loc":{"start":{"line":166,"column":12},"end":{"line":166,"column":30}},"type":"binary-expr","locations":[{"start":{"line":166,"column":12},"end":{"line":166,"column":30}},{"start":{"line":166,"column":12},"end":{"line":166,"column":30}}]},"5":{"loc":{"start":{"line":178,"column":12},"end":{"line":178,"column":26}},"type":"binary-expr","locations":[{"start":{"line":178,"column":12},"end":{"line":178,"column":26}},{"start":{"line":178,"column":12},"end":{"line":178,"column":26}}]},"6":{"loc":{"start":{"line":195,"column":12},"end":{"line":195,"column":25}},"type":"binary-expr","locations":[{"start":{"line":195,"column":12},"end":{"line":195,"column":25}},{"start":{"line":195,"column":12},"end":{"line":195,"column":25}}]}},"s":{"0":124,"1":124,"2":124,"3":124,"4":124,"5":124,"6":124,"7":124,"8":124,"9":124,"10":124,"11":124,"12":124,"13":124,"14":124,"15":124,"16":124,"17":124,"18":124,"19":124,"20":124,"21":124,"22":124,"23":124,"24":124,"25":124,"26":124,"27":124},"f":{"0":124,"1":124,"2":124,"3":124,"4":124,"5":124,"6":124},"b":{"0":[124,124],"1":[124,124],"2":[124,124],"3":[124,124],"4":[124,124],"5":[124,124],"6":[124,124]}}
,"/home/travis/build/MaibornWolff/codecharta/visualization/app/codeCharta/codeCharta.module.ts": {"path":"/home/travis/build/MaibornWolff/codecharta/visualization/app/codeCharta/codeCharta.module.ts","statementMap":{"0":{"start":{"line":12,"column":0},"end":{"line":12,"column":79}},"1":{"start":{"line":14,"column":0},"end":{"line":17,"column":65}}},"fnMap":{},"branchMap":{},"s":{"0":93,"1":93},"f":{},"b":{}}
,"/home/travis/build/MaibornWolff/codecharta/visualization/app/codeCharta/codeCharta.service.ts": {"path":"/home/travis/build/MaibornWolff/codecharta/visualization/app/codeCharta/codeCharta.service.ts","statementMap":{"0":{"start":{"line":13,"column":21},"end":{"line":13,"column":47}},"1":{"start":{"line":16,"column":2},"end":{"line":29,"column":4}},"2":{"start":{"line":17,"column":3},"end":{"line":26,"column":5}},"3":{"start":{"line":18,"column":19},"end":{"line":18,"column":63}},"4":{"start":{"line":19,"column":4},"end":{"line":25,"column":5}},"5":{"start":{"line":20,"column":20},"end":{"line":20,"column":79}},"6":{"start":{"line":21,"column":5},"end":{"line":21,"column":42}},"7":{"start":{"line":22,"column":5},"end":{"line":22,"column":48}},"8":{"start":{"line":24,"column":5},"end":{"line":24,"column":19}},"9":{"start":{"line":27,"column":3},"end":{"line":27,"column":92}},"10":{"start":{"line":28,"column":3},"end":{"line":28,"column":12}},"11":{"start":{"line":33,"column":2},"end":{"line":48,"column":3}},"12":{"start":{"line":52,"column":31},"end":{"line":52,"column":33}},"13":{"start":{"line":54,"column":2},"end":{"line":71,"column":3}},"14":{"start":{"line":55,"column":3},"end":{"line":58,"column":4}},"15":{"start":{"line":60,"column":3},"end":{"line":64,"column":4}},"16":{"start":{"line":61,"column":4},"end":{"line":61,"column":32}},"17":{"start":{"line":63,"column":4},"end":{"line":63,"column":50}},"18":{"start":{"line":66,"column":3},"end":{"line":70,"column":4}},"19":{"start":{"line":67,"column":4},"end":{"line":67,"column":32}},"20":{"start":{"line":69,"column":4},"end":{"line":69,"column":50}},"21":{"start":{"line":72,"column":2},"end":{"line":72,"column":26}},"22":{"start":{"line":76,"column":2},"end":{"line":80,"column":4}},"23":{"start":{"line":77,"column":3},"end":{"line":79,"column":4}},"24":{"start":{"line":78,"column":4},"end":{"line":78,"column":34}},"25":{"start":{"line":81,"column":2},"end":{"line":81,"column":18}},"26":{"start":{"line":9,"column":15},"end":{"line":9,"column":33}},"27":{"start":{"line":10,"column":15},"end":{"line":10,"column":60}},"28":{"start":{"line":11,"column":24},"end":{"line":11,"column":54}}},"fnMap":{"0":{"name":"(anonymous_0)","decl":{"start":{"line":13,"column":1},"end":{"line":13,"column":20}},"loc":{"start":{"line":13,"column":47},"end":{"line":13,"column":51}}},"1":{"name":"(anonymous_1)","decl":{"start":{"line":15,"column":8},"end":{"line":15,"column":16}},"loc":{"start":{"line":15,"column":47},"end":{"line":30,"column":2}}},"2":{"name":"(anonymous_2)","decl":{"start":{"line":16,"column":21},"end":{"line":16,"column":22}},"loc":{"start":{"line":16,"column":41},"end":{"line":29,"column":3}}},"3":{"name":"(anonymous_3)","decl":{"start":{"line":17,"column":25},"end":{"line":17,"column":26}},"loc":{"start":{"line":17,"column":56},"end":{"line":26,"column":4}}},"4":{"name":"(anonymous_4)","decl":{"start":{"line":32,"column":9},"end":{"line":32,"column":17}},"loc":{"start":{"line":32,"column":53},"end":{"line":49,"column":2}}},"5":{"name":"(anonymous_5)","decl":{"start":{"line":51,"column":9},"end":{"line":51,"column":25}},"loc":{"start":{"line":51,"column":57},"end":{"line":73,"column":2}}},"6":{"name":"(anonymous_6)","decl":{"start":{"line":75,"column":9},"end":{"line":75,"column":39}},"loc":{"start":{"line":75,"column":50},"end":{"line":82,"column":2}}},"7":{"name":"(anonymous_7)","decl":{"start":{"line":76,"column":20},"end":{"line":76,"column":21}},"loc":{"start":{"line":76,"column":24},"end":{"line":80,"column":3}}}},"branchMap":{"0":{"loc":{"start":{"line":19,"column":4},"end":{"line":25,"column":5}},"type":"if","locations":[{"start":{"line":19,"column":4},"end":{"line":25,"column":5}},{"start":{"line":19,"column":4},"end":{"line":25,"column":5}}]},"1":{"loc":{"start":{"line":41,"column":12},"end":{"line":41,"column":29}},"type":"binary-expr","locations":[{"start":{"line":41,"column":12},"end":{"line":41,"column":29}},{"start":{"line":41,"column":33},"end":{"line":41,"column":35}}]},"2":{"loc":{"start":{"line":43,"column":53},"end":{"line":43,"column":74}},"type":"binary-expr","locations":[{"start":{"line":43,"column":53},"end":{"line":43,"column":74}},{"start":{"line":43,"column":78},"end":{"line":43,"column":80}}]},"3":{"loc":{"start":{"line":44,"column":21},"end":{"line":44,"column":47}},"type":"binary-expr","locations":[{"start":{"line":44,"column":21},"end":{"line":44,"column":47}},{"start":{"line":44,"column":51},"end":{"line":44,"column":53}}]},"4":{"loc":{"start":{"line":54,"column":2},"end":{"line":71,"column":3}},"type":"if","locations":[{"start":{"line":54,"column":2},"end":{"line":71,"column":3}},{"start":{"line":54,"column":2},"end":{"line":71,"column":3}}]},"5":{"loc":{"start":{"line":54,"column":6},"end":{"line":54,"column":31}},"type":"binary-expr","locations":[{"start":{"line":54,"column":6},"end":{"line":54,"column":31}},{"start":{"line":54,"column":35},"end":{"line":54,"column":50}}]},"6":{"loc":{"start":{"line":60,"column":3},"end":{"line":64,"column":4}},"type":"if","locations":[{"start":{"line":60,"column":3},"end":{"line":64,"column":4}},{"start":{"line":60,"column":3},"end":{"line":64,"column":4}}]},"7":{"loc":{"start":{"line":66,"column":3},"end":{"line":70,"column":4}},"type":"if","locations":[{"start":{"line":66,"column":3},"end":{"line":70,"column":4}},{"start":{"line":66,"column":3},"end":{"line":70,"column":4}}]},"8":{"loc":{"start":{"line":77,"column":3},"end":{"line":79,"column":4}},"type":"if","locations":[{"start":{"line":77,"column":3},"end":{"line":79,"column":4}},{"start":{"line":77,"column":3},"end":{"line":79,"column":4}}]}},"s":{"0":18,"1":6,"2":6,"3":6,"4":5,"5":3,"6":3,"7":3,"8":2,"9":5,"10":3,"11":3,"12":3,"13":3,"14":3,"15":0,"16":0,"17":0,"18":0,"19":0,"20":0,"21":0,"22":3,"23":1,"24":1,"25":3,"26":104,"27":104,"28":104},"f":{"0":18,"1":6,"2":6,"3":6,"4":3,"5":3,"6":3,"7":1},"b":{"0":[3,2],"1":[3,3],"2":[3,2],"3":[3,3],"4":[3,0],"5":[3,0],"6":[0,0],"7":[0,0],"8":[1,0]}}
,"/home/travis/build/MaibornWolff/codecharta/visualization/app/codeCharta/model/files.ts": {"path":"/home/travis/build/MaibornWolff/codecharta/visualization/app/codeCharta/model/files.ts","statementMap":{"0":{"start":{"line":2,"column":14},"end":{"line":2,"column":31}},"1":{"start":{"line":5,"column":21},"end":{"line":5,"column":44}},"2":{"start":{"line":8,"column":2},"end":{"line":8,"column":19}},"3":{"start":{"line":12,"column":2},"end":{"line":12,"column":17}},"4":{"start":{"line":16,"column":2},"end":{"line":18,"column":4}},"5":{"start":{"line":17,"column":3},"end":{"line":17,"column":55}},"6":{"start":{"line":22,"column":2},"end":{"line":22,"column":36}},"7":{"start":{"line":22,"column":29},"end":{"line":22,"column":35}},"8":{"start":{"line":26,"column":2},"end":{"line":26,"column":90}},"9":{"start":{"line":30,"column":2},"end":{"line":30,"column":38}},"10":{"start":{"line":34,"column":2},"end":{"line":40,"column":4}},"11":{"start":{"line":35,"column":3},"end":{"line":39,"column":4}},"12":{"start":{"line":36,"column":4},"end":{"line":36,"column":58}},"13":{"start":{"line":38,"column":4},"end":{"line":38,"column":56}},"14":{"start":{"line":44,"column":2},"end":{"line":44,"column":46}},"15":{"start":{"line":48,"column":2},"end":{"line":56,"column":4}},"16":{"start":{"line":49,"column":3},"end":{"line":55,"column":4}},"17":{"start":{"line":50,"column":4},"end":{"line":50,"column":61}},"18":{"start":{"line":51,"column":10},"end":{"line":55,"column":4}},"19":{"start":{"line":52,"column":4},"end":{"line":52,"column":62}},"20":{"start":{"line":54,"column":4},"end":{"line":54,"column":56}},"21":{"start":{"line":60,"column":2},"end":{"line":60,"column":81}},"22":{"start":{"line":64,"column":2},"end":{"line":70,"column":4}},"23":{"start":{"line":65,"column":3},"end":{"line":69,"column":4}},"24":{"start":{"line":66,"column":4},"end":{"line":66,"column":59}},"25":{"start":{"line":68,"column":4},"end":{"line":68,"column":56}},"26":{"start":{"line":74,"column":2},"end":{"line":74,"column":70}},"27":{"start":{"line":74,"column":49},"end":{"line":74,"column":68}},"28":{"start":{"line":78,"column":2},"end":{"line":78,"column":47}},"29":{"start":{"line":82,"column":39},"end":{"line":82,"column":97}},"30":{"start":{"line":82,"column":60},"end":{"line":82,"column":96}},"31":{"start":{"line":83,"column":2},"end":{"line":83,"column":63}},"32":{"start":{"line":87,"column":2},"end":{"line":87,"column":53}},"33":{"start":{"line":87,"column":46},"end":{"line":87,"column":52}},"34":{"start":{"line":91,"column":2},"end":{"line":91,"column":73}},"35":{"start":{"line":91,"column":32},"end":{"line":91,"column":72}},"36":{"start":{"line":95,"column":2},"end":{"line":95,"column":73}},"37":{"start":{"line":95,"column":30},"end":{"line":95,"column":72}},"38":{"start":{"line":99,"column":2},"end":{"line":99,"column":126}},"39":{"start":{"line":99,"column":30},"end":{"line":99,"column":125}},"40":{"start":{"line":103,"column":2},"end":{"line":103,"column":74}},"41":{"start":{"line":103,"column":30},"end":{"line":103,"column":73}}},"fnMap":{"0":{"name":"(anonymous_0)","decl":{"start":{"line":5,"column":1},"end":{"line":5,"column":20}},"loc":{"start":{"line":5,"column":44},"end":{"line":5,"column":48}}},"1":{"name":"(anonymous_1)","decl":{"start":{"line":7,"column":8},"end":{"line":7,"column":15}},"loc":{"start":{"line":7,"column":16},"end":{"line":9,"column":2}}},"2":{"name":"(anonymous_2)","decl":{"start":{"line":11,"column":8},"end":{"line":11,"column":12}},"loc":{"start":{"line":11,"column":13},"end":{"line":13,"column":2}}},"3":{"name":"(anonymous_3)","decl":{"start":{"line":15,"column":8},"end":{"line":15,"column":21}},"loc":{"start":{"line":15,"column":22},"end":{"line":19,"column":2}}},"4":{"name":"(anonymous_4)","decl":{"start":{"line":16,"column":30},"end":{"line":16,"column":31}},"loc":{"start":{"line":16,"column":34},"end":{"line":18,"column":3}}},"5":{"name":"(anonymous_5)","decl":{"start":{"line":21,"column":8},"end":{"line":21,"column":17}},"loc":{"start":{"line":21,"column":18},"end":{"line":23,"column":2}}},"6":{"name":"(anonymous_6)","decl":{"start":{"line":22,"column":24},"end":{"line":22,"column":25}},"loc":{"start":{"line":22,"column":29},"end":{"line":22,"column":35}}},"7":{"name":"(anonymous_7)","decl":{"start":{"line":25,"column":8},"end":{"line":25,"column":14}},"loc":{"start":{"line":25,"column":28},"end":{"line":27,"column":2}}},"8":{"name":"(anonymous_8)","decl":{"start":{"line":29,"column":8},"end":{"line":29,"column":15}},"loc":{"start":{"line":29,"column":29},"end":{"line":31,"column":2}}},"9":{"name":"(anonymous_9)","decl":{"start":{"line":33,"column":8},"end":{"line":33,"column":22}},"loc":{"start":{"line":33,"column":40},"end":{"line":41,"column":2}}},"10":{"name":"(anonymous_10)","decl":{"start":{"line":34,"column":30},"end":{"line":34,"column":31}},"loc":{"start":{"line":34,"column":34},"end":{"line":40,"column":3}}},"11":{"name":"(anonymous_11)","decl":{"start":{"line":43,"column":8},"end":{"line":43,"column":16}},"loc":{"start":{"line":43,"column":30},"end":{"line":45,"column":2}}},"12":{"name":"(anonymous_12)","decl":{"start":{"line":47,"column":8},"end":{"line":47,"column":22}},"loc":{"start":{"line":47,"column":77},"end":{"line":57,"column":2}}},"13":{"name":"(anonymous_13)","decl":{"start":{"line":48,"column":30},"end":{"line":48,"column":31}},"loc":{"start":{"line":48,"column":34},"end":{"line":56,"column":3}}},"14":{"name":"(anonymous_14)","decl":{"start":{"line":59,"column":8},"end":{"line":59,"column":15}},"loc":{"start":{"line":59,"column":54},"end":{"line":61,"column":2}}},"15":{"name":"(anonymous_15)","decl":{"start":{"line":63,"column":8},"end":{"line":63,"column":25}},"loc":{"start":{"line":63,"column":53},"end":{"line":71,"column":2}}},"16":{"name":"(anonymous_16)","decl":{"start":{"line":64,"column":30},"end":{"line":64,"column":31}},"loc":{"start":{"line":64,"column":34},"end":{"line":70,"column":3}}},"17":{"name":"(anonymous_17)","decl":{"start":{"line":73,"column":8},"end":{"line":73,"column":18}},"loc":{"start":{"line":73,"column":43},"end":{"line":75,"column":2}}},"18":{"name":"(anonymous_18)","decl":{"start":{"line":74,"column":44},"end":{"line":74,"column":45}},"loc":{"start":{"line":74,"column":49},"end":{"line":74,"column":68}}},"19":{"name":"(anonymous_19)","decl":{"start":{"line":77,"column":8},"end":{"line":77,"column":26}},"loc":{"start":{"line":77,"column":27},"end":{"line":79,"column":2}}},"20":{"name":"(anonymous_20)","decl":{"start":{"line":81,"column":8},"end":{"line":81,"column":24}},"loc":{"start":{"line":81,"column":42},"end":{"line":84,"column":2}}},"21":{"name":"(anonymous_21)","decl":{"start":{"line":82,"column":55},"end":{"line":82,"column":56}},"loc":{"start":{"line":82,"column":60},"end":{"line":82,"column":96}}},"22":{"name":"(anonymous_22)","decl":{"start":{"line":86,"column":8},"end":{"line":86,"column":22}},"loc":{"start":{"line":86,"column":23},"end":{"line":88,"column":2}}},"23":{"name":"(anonymous_23)","decl":{"start":{"line":87,"column":41},"end":{"line":87,"column":42}},"loc":{"start":{"line":87,"column":46},"end":{"line":87,"column":52}}},"24":{"name":"(anonymous_24)","decl":{"start":{"line":90,"column":8},"end":{"line":90,"column":27}},"loc":{"start":{"line":90,"column":28},"end":{"line":92,"column":2}}},"25":{"name":"(anonymous_25)","decl":{"start":{"line":91,"column":27},"end":{"line":91,"column":28}},"loc":{"start":{"line":91,"column":32},"end":{"line":91,"column":72}}},"26":{"name":"(anonymous_26)","decl":{"start":{"line":94,"column":8},"end":{"line":94,"column":20}},"loc":{"start":{"line":94,"column":21},"end":{"line":96,"column":2}}},"27":{"name":"(anonymous_27)","decl":{"start":{"line":95,"column":25},"end":{"line":95,"column":26}},"loc":{"start":{"line":95,"column":30},"end":{"line":95,"column":72}}},"28":{"name":"(anonymous_28)","decl":{"start":{"line":98,"column":8},"end":{"line":98,"column":19}},"loc":{"start":{"line":98,"column":20},"end":{"line":100,"column":2}}},"29":{"name":"(anonymous_29)","decl":{"start":{"line":99,"column":25},"end":{"line":99,"column":26}},"loc":{"start":{"line":99,"column":30},"end":{"line":99,"column":125}}},"30":{"name":"(anonymous_30)","decl":{"start":{"line":102,"column":8},"end":{"line":102,"column":21}},"loc":{"start":{"line":102,"column":22},"end":{"line":104,"column":2}}},"31":{"name":"(anonymous_31)","decl":{"start":{"line":103,"column":25},"end":{"line":103,"column":26}},"loc":{"start":{"line":103,"column":30},"end":{"line":103,"column":73}}}},"branchMap":{"0":{"loc":{"start":{"line":5,"column":42},"end":{"line":5,"column":44}},"type":"default-arg","locations":[{"start":{"line":5,"column":42},"end":{"line":5,"column":44}}]},"1":{"loc":{"start":{"line":35,"column":3},"end":{"line":39,"column":4}},"type":"if","locations":[{"start":{"line":35,"column":3},"end":{"line":39,"column":4}},{"start":{"line":35,"column":3},"end":{"line":39,"column":4}}]},"2":{"loc":{"start":{"line":49,"column":3},"end":{"line":55,"column":4}},"type":"if","locations":[{"start":{"line":49,"column":3},"end":{"line":55,"column":4}},{"start":{"line":49,"column":3},"end":{"line":55,"column":4}}]},"3":{"loc":{"start":{"line":51,"column":10},"end":{"line":55,"column":4}},"type":"if","locations":[{"start":{"line":51,"column":10},"end":{"line":55,"column":4}},{"start":{"line":51,"column":10},"end":{"line":55,"column":4}}]},"4":{"loc":{"start":{"line":65,"column":3},"end":{"line":69,"column":4}},"type":"if","locations":[{"start":{"line":65,"column":3},"end":{"line":69,"column":4}},{"start":{"line":65,"column":3},"end":{"line":69,"column":4}}]},"5":{"loc":{"start":{"line":83,"column":29},"end":{"line":83,"column":51}},"type":"cond-expr","locations":[{"start":{"line":83,"column":29},"end":{"line":83,"column":51}},{"start":{"line":83,"column":54},"end":{"line":83,"column":63}}]},"6":{"loc":{"start":{"line":99,"column":30},"end":{"line":99,"column":75}},"type":"binary-expr","locations":[{"start":{"line":99,"column":30},"end":{"line":99,"column":75}},{"start":{"line":99,"column":79},"end":{"line":99,"column":125}}]}},"s":{"0":120,"1":329,"2":50,"3":105,"4":2,"5":4,"6":12,"7":8,"8":236,"9":34,"10":68,"11":120,"12":67,"13":53,"14":57,"15":16,"16":30,"17":16,"18":14,"19":14,"20":0,"21":12,"22":13,"23":26,"24":23,"25":3,"26":8,"27":14,"28":1209,"29":3,"30":4,"31":3,"32":3,"33":3,"34":1249,"35":90,"36":24,"37":36,"38":88,"39":41,"40":20,"41":28},"f":{"0":329,"1":50,"2":105,"3":2,"4":4,"5":12,"6":8,"7":236,"8":34,"9":68,"10":120,"11":57,"12":16,"13":30,"14":12,"15":13,"16":26,"17":8,"18":14,"19":1209,"20":3,"21":4,"22":3,"23":3,"24":1249,"25":90,"26":24,"27":36,"28":88,"29":41,"30":20,"31":28},"b":{"0":[317],"1":[67,53],"2":[16,14],"3":[14,0],"4":[23,3],"5":[2,1],"6":[41,30]}}
,"/home/travis/build/MaibornWolff/codecharta/visualization/app/codeCharta/state/edgeMetricData.service.ts": {"path":"/home/travis/build/MaibornWolff/codecharta/visualization/app/codeCharta/state/edgeMetricData.service.ts","statementMap":{"0":{"start":{"line":20,"column":21},"end":{"line":20,"column":50}},"1":{"start":{"line":20,"column":60},"end":{"line":20,"column":86}},"2":{"start":{"line":17,"column":9},"end":{"line":17,"column":42}},"3":{"start":{"line":21,"column":2},"end":{"line":21,"column":47}},"4":{"start":{"line":22,"column":2},"end":{"line":22,"column":51}},"5":{"start":{"line":26,"column":2},"end":{"line":26,"column":26}},"6":{"start":{"line":30,"column":2},"end":{"line":30,"column":26}},"7":{"start":{"line":34,"column":2},"end":{"line":34,"column":47}},"8":{"start":{"line":35,"column":2},"end":{"line":35,"column":22}},"9":{"start":{"line":36,"column":2},"end":{"line":36,"column":31}},"10":{"start":{"line":37,"column":2},"end":{"line":37,"column":36}},"11":{"start":{"line":41,"column":2},"end":{"line":43,"column":3}},"12":{"start":{"line":42,"column":3},"end":{"line":42,"column":12}},"13":{"start":{"line":45,"column":2},"end":{"line":45,"column":45}},"14":{"start":{"line":45,"column":38},"end":{"line":45,"column":44}},"15":{"start":{"line":49,"column":2},"end":{"line":51,"column":3}},"16":{"start":{"line":50,"column":3},"end":{"line":50,"column":11}},"17":{"start":{"line":52,"column":2},"end":{"line":52,"column":53}},"18":{"start":{"line":56,"column":2},"end":{"line":58,"column":3}},"19":{"start":{"line":57,"column":3},"end":{"line":57,"column":12}},"20":{"start":{"line":60,"column":44},"end":{"line":60,"column":46}},"21":{"start":{"line":61,"column":35},"end":{"line":61,"column":81}},"22":{"start":{"line":62,"column":2},"end":{"line":64,"column":3}},"23":{"start":{"line":63,"column":3},"end":{"line":63,"column":72}},"24":{"start":{"line":66,"column":2},"end":{"line":66,"column":34}},"25":{"start":{"line":70,"column":22},"end":{"line":70,"column":91}},"26":{"start":{"line":70,"column":57},"end":{"line":70,"column":90}},"27":{"start":{"line":71,"column":24},"end":{"line":71,"column":33}},"28":{"start":{"line":73,"column":2},"end":{"line":75,"column":4}},"29":{"start":{"line":74,"column":3},"end":{"line":74,"column":87}},"30":{"start":{"line":76,"column":2},"end":{"line":76,"column":24}},"31":{"start":{"line":80,"column":2},"end":{"line":80,"column":28}},"32":{"start":{"line":84,"column":2},"end":{"line":89,"column":3}},"33":{"start":{"line":85,"column":3},"end":{"line":85,"column":12}},"34":{"start":{"line":87,"column":19},"end":{"line":87,"column":49}},"35":{"start":{"line":88,"column":3},"end":{"line":88,"column":44}},"36":{"start":{"line":93,"column":2},"end":{"line":93,"column":37}},"37":{"start":{"line":94,"column":28},"end":{"line":97,"column":67}},"38":{"start":{"line":97,"column":21},"end":{"line":97,"column":66}},"39":{"start":{"line":98,"column":33},"end":{"line":98,"column":64}},"40":{"start":{"line":99,"column":2},"end":{"line":108,"column":5}},"41":{"start":{"line":103,"column":4},"end":{"line":107,"column":6}},"42":{"start":{"line":104,"column":5},"end":{"line":106,"column":6}},"43":{"start":{"line":105,"column":6},"end":{"line":105,"column":40}},"44":{"start":{"line":109,"column":2},"end":{"line":109,"column":32}},"45":{"start":{"line":113,"column":19},"end":{"line":113,"column":63}},"46":{"start":{"line":113,"column":39},"end":{"line":113,"column":62}},"47":{"start":{"line":114,"column":17},"end":{"line":114,"column":59}},"48":{"start":{"line":114,"column":37},"end":{"line":114,"column":58}},"49":{"start":{"line":115,"column":2},"end":{"line":115,"column":95}},"50":{"start":{"line":119,"column":20},"end":{"line":119,"column":71}},"51":{"start":{"line":120,"column":2},"end":{"line":120,"column":81}},"52":{"start":{"line":124,"column":2},"end":{"line":127,"column":3}},"53":{"start":{"line":125,"column":27},"end":{"line":125,"column":61}},"54":{"start":{"line":126,"column":3},"end":{"line":126,"column":75}},"55":{"start":{"line":131,"column":2},"end":{"line":133,"column":3}},"56":{"start":{"line":132,"column":3},"end":{"line":132,"column":57}},"57":{"start":{"line":134,"column":2},"end":{"line":134,"column":52}},"58":{"start":{"line":138,"column":2},"end":{"line":138,"column":56}},"59":{"start":{"line":139,"column":2},"end":{"line":139,"column":54}},"60":{"start":{"line":140,"column":2},"end":{"line":140,"column":45}},"61":{"start":{"line":141,"column":2},"end":{"line":141,"column":43}},"62":{"start":{"line":145,"column":2},"end":{"line":147,"column":3}},"63":{"start":{"line":146,"column":3},"end":{"line":146,"column":62}},"64":{"start":{"line":151,"column":33},"end":{"line":151,"column":35}},"65":{"start":{"line":153,"column":2},"end":{"line":162,"column":4}},"66":{"start":{"line":154,"column":28},"end":{"line":154,"column":29}},"67":{"start":{"line":155,"column":3},"end":{"line":160,"column":5}},"68":{"start":{"line":156,"column":26},"end":{"line":156,"column":57}},"69":{"start":{"line":157,"column":4},"end":{"line":159,"column":5}},"70":{"start":{"line":158,"column":5},"end":{"line":158,"column":39}},"71":{"start":{"line":161,"column":3},"end":{"line":161,"column":70}},"72":{"start":{"line":164,"column":2},"end":{"line":164,"column":19}},"73":{"start":{"line":168,"column":28},"end":{"line":168,"column":37}},"74":{"start":{"line":169,"column":2},"end":{"line":176,"column":3}},"75":{"start":{"line":170,"column":3},"end":{"line":175,"column":5}},"76":{"start":{"line":171,"column":31},"end":{"line":173,"column":5}},"77":{"start":{"line":172,"column":41},"end":{"line":172,"column":104}},"78":{"start":{"line":174,"column":4},"end":{"line":174,"column":52}},"79":{"start":{"line":177,"column":2},"end":{"line":177,"column":47}},"80":{"start":{"line":181,"column":2},"end":{"line":181,"column":57}},"81":{"start":{"line":185,"column":2},"end":{"line":185,"column":103}},"82":{"start":{"line":189,"column":2},"end":{"line":191,"column":4}},"83":{"start":{"line":190,"column":3},"end":{"line":190,"column":43}},"84":{"start":{"line":15,"column":16},"end":{"line":15,"column":75}}},"fnMap":{"0":{"name":"(anonymous_0)","decl":{"start":{"line":20,"column":1},"end":{"line":20,"column":20}},"loc":{"start":{"line":20,"column":86},"end":{"line":23,"column":2}}},"1":{"name":"(anonymous_1)","decl":{"start":{"line":25,"column":8},"end":{"line":25,"column":25}},"loc":{"start":{"line":25,"column":53},"end":{"line":27,"column":2}}},"2":{"name":"(anonymous_2)","decl":{"start":{"line":29,"column":8},"end":{"line":29,"column":30}},"loc":{"start":{"line":29,"column":44},"end":{"line":31,"column":2}}},"3":{"name":"(anonymous_3)","decl":{"start":{"line":33,"column":9},"end":{"line":33,"column":25}},"loc":{"start":{"line":33,"column":26},"end":{"line":38,"column":2}}},"4":{"name":"(anonymous_4)","decl":{"start":{"line":40,"column":8},"end":{"line":40,"column":21}},"loc":{"start":{"line":40,"column":22},"end":{"line":46,"column":2}}},"5":{"name":"(anonymous_5)","decl":{"start":{"line":45,"column":33},"end":{"line":45,"column":34}},"loc":{"start":{"line":45,"column":38},"end":{"line":45,"column":44}}},"6":{"name":"(anonymous_6)","decl":{"start":{"line":48,"column":8},"end":{"line":48,"column":35}},"loc":{"start":{"line":48,"column":55},"end":{"line":53,"column":2}}},"7":{"name":"(anonymous_7)","decl":{"start":{"line":55,"column":8},"end":{"line":55,"column":31}},"loc":{"start":{"line":55,"column":74},"end":{"line":67,"column":2}}},"8":{"name":"(anonymous_8)","decl":{"start":{"line":69,"column":8},"end":{"line":69,"column":29}},"loc":{"start":{"line":69,"column":63},"end":{"line":77,"column":2}}},"9":{"name":"(anonymous_9)","decl":{"start":{"line":70,"column":51},"end":{"line":70,"column":52}},"loc":{"start":{"line":70,"column":57},"end":{"line":70,"column":90}}},"10":{"name":"(anonymous_10)","decl":{"start":{"line":73,"column":22},"end":{"line":73,"column":27}},"loc":{"start":{"line":73,"column":31},"end":{"line":75,"column":3}}},"11":{"name":"(anonymous_11)","decl":{"start":{"line":79,"column":8},"end":{"line":79,"column":20}},"loc":{"start":{"line":79,"column":21},"end":{"line":81,"column":2}}},"12":{"name":"(anonymous_12)","decl":{"start":{"line":83,"column":9},"end":{"line":83,"column":24}},"loc":{"start":{"line":83,"column":25},"end":{"line":90,"column":2}}},"13":{"name":"(anonymous_13)","decl":{"start":{"line":92,"column":9},"end":{"line":92,"column":31}},"loc":{"start":{"line":92,"column":32},"end":{"line":110,"column":2}}},"14":{"name":"(anonymous_14)","decl":{"start":{"line":97,"column":8},"end":{"line":97,"column":16}},"loc":{"start":{"line":97,"column":21},"end":{"line":97,"column":66}}},"15":{"name":"(anonymous_15)","decl":{"start":{"line":102,"column":12},"end":{"line":102,"column":20}},"loc":{"start":{"line":102,"column":24},"end":{"line":108,"column":4}}},"16":{"name":"(anonymous_16)","decl":{"start":{"line":103,"column":55},"end":{"line":103,"column":58}},"loc":{"start":{"line":103,"column":62},"end":{"line":107,"column":5}}},"17":{"name":"(anonymous_17)","decl":{"start":{"line":112,"column":9},"end":{"line":112,"column":37}},"loc":{"start":{"line":112,"column":70},"end":{"line":116,"column":2}}},"18":{"name":"(anonymous_18)","decl":{"start":{"line":113,"column":34},"end":{"line":113,"column":35}},"loc":{"start":{"line":113,"column":39},"end":{"line":113,"column":62}}},"19":{"name":"(anonymous_19)","decl":{"start":{"line":114,"column":32},"end":{"line":114,"column":33}},"loc":{"start":{"line":114,"column":37},"end":{"line":114,"column":58}}},"20":{"name":"(anonymous_20)","decl":{"start":{"line":118,"column":9},"end":{"line":118,"column":24}},"loc":{"start":{"line":118,"column":38},"end":{"line":121,"column":2}}},"21":{"name":"(anonymous_21)","decl":{"start":{"line":123,"column":9},"end":{"line":123,"column":31}},"loc":{"start":{"line":123,"column":43},"end":{"line":128,"column":2}}},"22":{"name":"(anonymous_22)","decl":{"start":{"line":130,"column":9},"end":{"line":130,"column":25}},"loc":{"start":{"line":130,"column":49},"end":{"line":135,"column":2}}},"23":{"name":"(anonymous_23)","decl":{"start":{"line":137,"column":9},"end":{"line":137,"column":22}},"loc":{"start":{"line":137,"column":103},"end":{"line":142,"column":2}}},"24":{"name":"(anonymous_24)","decl":{"start":{"line":144,"column":9},"end":{"line":144,"column":30}},"loc":{"start":{"line":144,"column":95},"end":{"line":148,"column":2}}},"25":{"name":"(anonymous_25)","decl":{"start":{"line":150,"column":9},"end":{"line":150,"column":28}},"loc":{"start":{"line":150,"column":80},"end":{"line":165,"column":2}}},"26":{"name":"(anonymous_26)","decl":{"start":{"line":153,"column":18},"end":{"line":153,"column":19}},"loc":{"start":{"line":153,"column":55},"end":{"line":162,"column":3}}},"27":{"name":"(anonymous_27)","decl":{"start":{"line":155,"column":22},"end":{"line":155,"column":23}},"loc":{"start":{"line":155,"column":52},"end":{"line":160,"column":4}}},"28":{"name":"(anonymous_28)","decl":{"start":{"line":167,"column":9},"end":{"line":167,"column":30}},"loc":{"start":{"line":167,"column":31},"end":{"line":178,"column":2}}},"29":{"name":"(anonymous_29)","decl":{"start":{"line":170,"column":35},"end":{"line":170,"column":36}},"loc":{"start":{"line":170,"column":50},"end":{"line":175,"column":4}}},"30":{"name":"(anonymous_30)","decl":{"start":{"line":172,"column":31},"end":{"line":172,"column":32}},"loc":{"start":{"line":172,"column":41},"end":{"line":172,"column":104}}},"31":{"name":"(anonymous_31)","decl":{"start":{"line":180,"column":9},"end":{"line":180,"column":21}},"loc":{"start":{"line":180,"column":22},"end":{"line":182,"column":2}}},"32":{"name":"(anonymous_32)","decl":{"start":{"line":184,"column":9},"end":{"line":184,"column":35}},"loc":{"start":{"line":184,"column":36},"end":{"line":186,"column":2}}},"33":{"name":"(anonymous_33)","decl":{"start":{"line":188,"column":8},"end":{"line":188,"column":13}},"loc":{"start":{"line":188,"column":99},"end":{"line":192,"column":2}}},"34":{"name":"(anonymous_34)","decl":{"start":{"line":189,"column":71},"end":{"line":189,"column":72}},"loc":{"start":{"line":189,"column":87},"end":{"line":191,"column":3}}}},"branchMap":{"0":{"loc":{"start":{"line":41,"column":2},"end":{"line":43,"column":3}},"type":"if","locations":[{"start":{"line":41,"column":2},"end":{"line":43,"column":3}},{"start":{"line":41,"column":2},"end":{"line":43,"column":3}}]},"1":{"loc":{"start":{"line":49,"column":2},"end":{"line":51,"column":3}},"type":"if","locations":[{"start":{"line":49,"column":2},"end":{"line":51,"column":3}},{"start":{"line":49,"column":2},"end":{"line":51,"column":3}}]},"2":{"loc":{"start":{"line":49,"column":6},"end":{"line":49,"column":30}},"type":"binary-expr","locations":[{"start":{"line":49,"column":6},"end":{"line":49,"column":30}},{"start":{"line":49,"column":34},"end":{"line":49,"column":74}}]},"3":{"loc":{"start":{"line":56,"column":2},"end":{"line":58,"column":3}},"type":"if","locations":[{"start":{"line":56,"column":2},"end":{"line":58,"column":3}},{"start":{"line":56,"column":2},"end":{"line":58,"column":3}}]},"4":{"loc":{"start":{"line":56,"column":6},"end":{"line":56,"column":30}},"type":"binary-expr","locations":[{"start":{"line":56,"column":6},"end":{"line":56,"column":30}},{"start":{"line":56,"column":34},"end":{"line":56,"column":74}}]},"5":{"loc":{"start":{"line":84,"column":2},"end":{"line":89,"column":3}},"type":"if","locations":[{"start":{"line":84,"column":2},"end":{"line":89,"column":3}},{"start":{"line":84,"column":2},"end":{"line":89,"column":3}}]},"6":{"loc":{"start":{"line":104,"column":5},"end":{"line":106,"column":6}},"type":"if","locations":[{"start":{"line":104,"column":5},"end":{"line":106,"column":6}},{"start":{"line":104,"column":5},"end":{"line":106,"column":6}}]},"7":{"loc":{"start":{"line":115,"column":9},"end":{"line":115,"column":17}},"type":"binary-expr","locations":[{"start":{"line":115,"column":9},"end":{"line":115,"column":17}},{"start":{"line":115,"column":21},"end":{"line":115,"column":27}},{"start":{"line":115,"column":31},"end":{"line":115,"column":62}},{"start":{"line":115,"column":66},"end":{"line":115,"column":95}}]},"8":{"loc":{"start":{"line":131,"column":2},"end":{"line":133,"column":3}},"type":"if","locations":[{"start":{"line":131,"column":2},"end":{"line":133,"column":3}},{"start":{"line":131,"column":2},"end":{"line":133,"column":3}}]},"9":{"loc":{"start":{"line":145,"column":2},"end":{"line":147,"column":3}},"type":"if","locations":[{"start":{"line":145,"column":2},"end":{"line":147,"column":3}},{"start":{"line":145,"column":2},"end":{"line":147,"column":3}}]},"10":{"loc":{"start":{"line":157,"column":4},"end":{"line":159,"column":5}},"type":"if","locations":[{"start":{"line":157,"column":4},"end":{"line":159,"column":5}},{"start":{"line":157,"column":4},"end":{"line":159,"column":5}}]},"11":{"loc":{"start":{"line":169,"column":2},"end":{"line":176,"column":3}},"type":"if","locations":[{"start":{"line":169,"column":2},"end":{"line":176,"column":3}},{"start":{"line":169,"column":2},"end":{"line":176,"column":3}}]}},"s":{"0":196,"1":196,"2":196,"3":196,"4":196,"5":14,"6":5,"7":19,"8":19,"9":19,"10":19,"11":6,"12":0,"13":6,"14":6,"15":2,"16":1,"17":1,"18":2,"19":1,"20":1,"21":1,"22":1,"23":2,"24":1,"25":4,"26":4,"27":4,"28":4,"29":3,"30":4,"31":5,"32":19,"33":14,"34":5,"35":5,"36":5,"37":5,"38":5,"39":5,"40":5,"41":5,"42":15,"43":10,"44":5,"45":15,"46":65,"47":15,"48":60,"49":15,"50":20,"51":20,"52":10,"53":20,"54":20,"55":20,"56":15,"57":20,"58":20,"59":20,"60":20,"61":20,"62":40,"63":35,"64":5,"65":5,"66":15,"67":15,"68":35,"69":35,"70":20,"71":15,"72":5,"73":21,"74":21,"75":13,"76":17,"77":24,"78":17,"79":21,"80":19,"81":19,"82":12,"83":14,"84":93},"f":{"0":196,"1":14,"2":5,"3":19,"4":6,"5":6,"6":2,"7":2,"8":4,"9":4,"10":3,"11":5,"12":19,"13":5,"14":5,"15":5,"16":15,"17":15,"18":65,"19":60,"20":20,"21":10,"22":20,"23":20,"24":40,"25":5,"26":15,"27":35,"28":21,"29":17,"30":24,"31":19,"32":19,"33":12,"34":14},"b":{"0":[0,6],"1":[1,1],"2":[2,2],"3":[1,1],"4":[2,2],"5":[14,5],"6":[10,5],"7":[15,10,10,10],"8":[15,5],"9":[35,5],"10":[20,15],"11":[13,8]}}
,"/home/travis/build/MaibornWolff/codecharta/visualization/app/codeCharta/state/injector.service.ts": {"path":"/home/travis/build/MaibornWolff/codecharta/visualization/app/codeCharta/state/injector.service.ts","statementMap":{"0":{"start":{"line":48,"column":10},"end":{"line":48,"column":52}},"1":{"start":{"line":49,"column":10},"end":{"line":49,"column":68}},"2":{"start":{"line":50,"column":10},"end":{"line":50,"column":56}},"3":{"start":{"line":51,"column":10},"end":{"line":51,"column":52}},"4":{"start":{"line":52,"column":10},"end":{"line":52,"column":50}},"5":{"start":{"line":53,"column":10},"end":{"line":53,"column":36}},"6":{"start":{"line":54,"column":10},"end":{"line":54,"column":40}},"7":{"start":{"line":55,"column":10},"end":{"line":55,"column":44}},"8":{"start":{"line":56,"column":10},"end":{"line":56,"column":82}},"9":{"start":{"line":57,"column":10},"end":{"line":57,"column":78}},"10":{"start":{"line":58,"column":10},"end":{"line":58,"column":64}},"11":{"start":{"line":59,"column":10},"end":{"line":59,"column":60}},"12":{"start":{"line":60,"column":10},"end":{"line":60,"column":52}},"13":{"start":{"line":61,"column":10},"end":{"line":61,"column":50}},"14":{"start":{"line":62,"column":10},"end":{"line":62,"column":60}},"15":{"start":{"line":63,"column":10},"end":{"line":63,"column":58}},"16":{"start":{"line":64,"column":10},"end":{"line":64,"column":60}},"17":{"start":{"line":65,"column":10},"end":{"line":65,"column":38}},"18":{"start":{"line":66,"column":10},"end":{"line":66,"column":40}},"19":{"start":{"line":67,"column":10},"end":{"line":67,"column":46}},"20":{"start":{"line":68,"column":10},"end":{"line":68,"column":66}},"21":{"start":{"line":69,"column":10},"end":{"line":69,"column":60}},"22":{"start":{"line":70,"column":10},"end":{"line":70,"column":54}},"23":{"start":{"line":71,"column":10},"end":{"line":71,"column":36}},"24":{"start":{"line":72,"column":10},"end":{"line":72,"column":54}},"25":{"start":{"line":73,"column":10},"end":{"line":73,"column":46}},"26":{"start":{"line":74,"column":10},"end":{"line":74,"column":46}},"27":{"start":{"line":75,"column":10},"end":{"line":75,"column":38}},"28":{"start":{"line":76,"column":10},"end":{"line":76,"column":52}},"29":{"start":{"line":77,"column":10},"end":{"line":77,"column":60}},"30":{"start":{"line":78,"column":10},"end":{"line":78,"column":56}},"31":{"start":{"line":79,"column":10},"end":{"line":79,"column":50}},"32":{"start":{"line":80,"column":10},"end":{"line":80,"column":62}},"33":{"start":{"line":81,"column":10},"end":{"line":81,"column":48}},"34":{"start":{"line":82,"column":10},"end":{"line":82,"column":46}},"35":{"start":{"line":83,"column":10},"end":{"line":83,"column":44}},"36":{"start":{"line":84,"column":10},"end":{"line":84,"column":46}},"37":{"start":{"line":85,"column":10},"end":{"line":85,"column":62}}},"fnMap":{"0":{"name":"(anonymous_0)","decl":{"start":{"line":45,"column":1},"end":{"line":48,"column":9}},"loc":{"start":{"line":85,"column":62},"end":{"line":86,"column":5}}}},"branchMap":{},"s":{"0":8,"1":8,"2":8,"3":8,"4":8,"5":8,"6":8,"7":8,"8":8,"9":8,"10":8,"11":8,"12":8,"13":8,"14":8,"15":8,"16":8,"17":8,"18":8,"19":8,"20":8,"21":8,"22":8,"23":8,"24":8,"25":8,"26":8,"27":8,"28":8,"29":8,"30":8,"31":8,"32":8,"33":8,"34":8,"35":8,"36":8,"37":8},"f":{"0":8},"b":{}}
,"/home/travis/build/MaibornWolff/codecharta/visualization/app/codeCharta/state/metric.service.ts": {"path":"/home/travis/build/MaibornWolff/codecharta/visualization/app/codeCharta/state/metric.service.ts","statementMap":{"0":{"start":{"line":35,"column":21},"end":{"line":35,"column":50}},"1":{"start":{"line":35,"column":60},"end":{"line":35,"column":86}},"2":{"start":{"line":33,"column":9},"end":{"line":33,"column":38}},"3":{"start":{"line":36,"column":2},"end":{"line":36,"column":47}},"4":{"start":{"line":37,"column":2},"end":{"line":37,"column":51}},"5":{"start":{"line":41,"column":2},"end":{"line":41,"column":25}},"6":{"start":{"line":45,"column":2},"end":{"line":45,"column":25}},"7":{"start":{"line":49,"column":2},"end":{"line":49,"column":41}},"8":{"start":{"line":49,"column":34},"end":{"line":49,"column":40}},"9":{"start":{"line":53,"column":2},"end":{"line":53,"column":24}},"10":{"start":{"line":57,"column":2},"end":{"line":57,"column":56}},"11":{"start":{"line":57,"column":35},"end":{"line":57,"column":55}},"12":{"start":{"line":61,"column":29},"end":{"line":61,"column":76}},"13":{"start":{"line":61,"column":55},"end":{"line":61,"column":75}},"14":{"start":{"line":62,"column":2},"end":{"line":62,"column":45}},"15":{"start":{"line":66,"column":24},"end":{"line":68,"column":4}},"16":{"start":{"line":67,"column":3},"end":{"line":67,"column":37}},"17":{"start":{"line":70,"column":2},"end":{"line":72,"column":3}},"18":{"start":{"line":71,"column":3},"end":{"line":71,"column":35}},"19":{"start":{"line":73,"column":2},"end":{"line":73,"column":13}},"20":{"start":{"line":77,"column":2},"end":{"line":77,"column":43}},"21":{"start":{"line":78,"column":2},"end":{"line":78,"column":23}},"22":{"start":{"line":79,"column":2},"end":{"line":79,"column":30}},"23":{"start":{"line":83,"column":31},"end":{"line":83,"column":56}},"24":{"start":{"line":85,"column":2},"end":{"line":91,"column":4}},"25":{"start":{"line":86,"column":3},"end":{"line":90,"column":5}},"26":{"start":{"line":87,"column":4},"end":{"line":89,"column":5}},"27":{"start":{"line":88,"column":5},"end":{"line":88,"column":45}},"28":{"start":{"line":93,"column":2},"end":{"line":93,"column":29}},"29":{"start":{"line":97,"column":2},"end":{"line":103,"column":3}},"30":{"start":{"line":98,"column":3},"end":{"line":98,"column":12}},"31":{"start":{"line":101,"column":19},"end":{"line":101,"column":49}},"32":{"start":{"line":102,"column":3},"end":{"line":102,"column":48}},"33":{"start":{"line":107,"column":51},"end":{"line":107,"column":60}},"34":{"start":{"line":109,"column":2},"end":{"line":122,"column":5}},"35":{"start":{"line":113,"column":48},"end":{"line":113,"column":86}},"36":{"start":{"line":114,"column":4},"end":{"line":121,"column":6}},"37":{"start":{"line":115,"column":5},"end":{"line":120,"column":6}},"38":{"start":{"line":119,"column":6},"end":{"line":119,"column":53}},"39":{"start":{"line":123,"column":2},"end":{"line":123,"column":16}},"40":{"start":{"line":127,"column":31},"end":{"line":127,"column":64}},"41":{"start":{"line":129,"column":2},"end":{"line":135,"column":4}},"42":{"start":{"line":130,"column":3},"end":{"line":134,"column":4}},"43":{"start":{"line":131,"column":4},"end":{"line":133,"column":6}},"44":{"start":{"line":139,"column":21},"end":{"line":139,"column":23}},"45":{"start":{"line":141,"column":2},"end":{"line":146,"column":4}},"46":{"start":{"line":142,"column":3},"end":{"line":145,"column":5}},"47":{"start":{"line":147,"column":2},"end":{"line":147,"column":45}},"48":{"start":{"line":151,"column":2},"end":{"line":151,"column":84}},"49":{"start":{"line":151,"column":36},"end":{"line":151,"column":82}},"50":{"start":{"line":155,"column":2},"end":{"line":160,"column":3}},"51":{"start":{"line":155,"column":33},"end":{"line":155,"column":51}},"52":{"start":{"line":156,"column":3},"end":{"line":159,"column":5}},"53":{"start":{"line":164,"column":2},"end":{"line":164,"column":84}},"54":{"start":{"line":168,"column":2},"end":{"line":170,"column":4}},"55":{"start":{"line":169,"column":3},"end":{"line":169,"column":37}},"56":{"start":{"line":30,"column":16},"end":{"line":30,"column":61}}},"fnMap":{"0":{"name":"(anonymous_0)","decl":{"start":{"line":35,"column":1},"end":{"line":35,"column":20}},"loc":{"start":{"line":35,"column":86},"end":{"line":38,"column":2}}},"1":{"name":"(anonymous_1)","decl":{"start":{"line":40,"column":8},"end":{"line":40,"column":30}},"loc":{"start":{"line":40,"column":44},"end":{"line":42,"column":2}}},"2":{"name":"(anonymous_2)","decl":{"start":{"line":44,"column":8},"end":{"line":44,"column":25}},"loc":{"start":{"line":44,"column":53},"end":{"line":46,"column":2}}},"3":{"name":"(anonymous_3)","decl":{"start":{"line":48,"column":8},"end":{"line":48,"column":17}},"loc":{"start":{"line":48,"column":18},"end":{"line":50,"column":2}}},"4":{"name":"(anonymous_4)","decl":{"start":{"line":49,"column":29},"end":{"line":49,"column":30}},"loc":{"start":{"line":49,"column":34},"end":{"line":49,"column":40}}},"5":{"name":"(anonymous_5)","decl":{"start":{"line":52,"column":8},"end":{"line":52,"column":20}},"loc":{"start":{"line":52,"column":21},"end":{"line":54,"column":2}}},"6":{"name":"(anonymous_6)","decl":{"start":{"line":56,"column":8},"end":{"line":56,"column":24}},"loc":{"start":{"line":56,"column":44},"end":{"line":58,"column":2}}},"7":{"name":"(anonymous_7)","decl":{"start":{"line":57,"column":30},"end":{"line":57,"column":31}},"loc":{"start":{"line":57,"column":35},"end":{"line":57,"column":55}}},"8":{"name":"(anonymous_8)","decl":{"start":{"line":60,"column":8},"end":{"line":60,"column":31}},"loc":{"start":{"line":60,"column":51},"end":{"line":63,"column":2}}},"9":{"name":"(anonymous_9)","decl":{"start":{"line":61,"column":50},"end":{"line":61,"column":51}},"loc":{"start":{"line":61,"column":55},"end":{"line":61,"column":75}}},"10":{"name":"(anonymous_10)","decl":{"start":{"line":65,"column":8},"end":{"line":65,"column":31}},"loc":{"start":{"line":65,"column":65},"end":{"line":74,"column":2}}},"11":{"name":"(anonymous_11)","decl":{"start":{"line":66,"column":93},"end":{"line":66,"column":94}},"loc":{"start":{"line":66,"column":97},"end":{"line":68,"column":3}}},"12":{"name":"(anonymous_12)","decl":{"start":{"line":76,"column":9},"end":{"line":76,"column":24}},"loc":{"start":{"line":76,"column":25},"end":{"line":80,"column":2}}},"13":{"name":"(anonymous_13)","decl":{"start":{"line":82,"column":9},"end":{"line":82,"column":31}},"loc":{"start":{"line":82,"column":63},"end":{"line":94,"column":2}}},"14":{"name":"(anonymous_14)","decl":{"start":{"line":85,"column":31},"end":{"line":85,"column":43}},"loc":{"start":{"line":85,"column":47},"end":{"line":91,"column":3}}},"15":{"name":"(anonymous_15)","decl":{"start":{"line":86,"column":32},"end":{"line":86,"column":44}},"loc":{"start":{"line":86,"column":48},"end":{"line":90,"column":4}}},"16":{"name":"(anonymous_16)","decl":{"start":{"line":96,"column":9},"end":{"line":96,"column":24}},"loc":{"start":{"line":96,"column":25},"end":{"line":104,"column":2}}},"17":{"name":"(anonymous_17)","decl":{"start":{"line":106,"column":9},"end":{"line":106,"column":31}},"loc":{"start":{"line":106,"column":32},"end":{"line":124,"column":2}}},"18":{"name":"(anonymous_18)","decl":{"start":{"line":112,"column":12},"end":{"line":112,"column":13}},"loc":{"start":{"line":112,"column":37},"end":{"line":122,"column":4}}},"19":{"name":"(anonymous_19)","decl":{"start":{"line":114,"column":18},"end":{"line":114,"column":19}},"loc":{"start":{"line":114,"column":55},"end":{"line":121,"column":5}}},"20":{"name":"(anonymous_20)","decl":{"start":{"line":126,"column":9},"end":{"line":126,"column":35}},"loc":{"start":{"line":126,"column":111},"end":{"line":136,"column":2}}},"21":{"name":"(anonymous_21)","decl":{"start":{"line":129,"column":21},"end":{"line":129,"column":22}},"loc":{"start":{"line":129,"column":40},"end":{"line":135,"column":3}}},"22":{"name":"(anonymous_22)","decl":{"start":{"line":138,"column":9},"end":{"line":138,"column":32}},"loc":{"start":{"line":138,"column":74},"end":{"line":148,"column":2}}},"23":{"name":"(anonymous_23)","decl":{"start":{"line":141,"column":18},"end":{"line":141,"column":19}},"loc":{"start":{"line":141,"column":61},"end":{"line":146,"column":3}}},"24":{"name":"(anonymous_24)","decl":{"start":{"line":150,"column":9},"end":{"line":150,"column":27}},"loc":{"start":{"line":150,"column":53},"end":{"line":152,"column":2}}},"25":{"name":"(anonymous_25)","decl":{"start":{"line":151,"column":25},"end":{"line":151,"column":26}},"loc":{"start":{"line":151,"column":36},"end":{"line":151,"column":82}}},"26":{"name":"(anonymous_26)","decl":{"start":{"line":154,"column":9},"end":{"line":154,"column":22}},"loc":{"start":{"line":154,"column":23},"end":{"line":161,"column":2}}},"27":{"name":"(anonymous_27)","decl":{"start":{"line":155,"column":28},"end":{"line":155,"column":29}},"loc":{"start":{"line":155,"column":33},"end":{"line":155,"column":51}}},"28":{"name":"(anonymous_28)","decl":{"start":{"line":163,"column":9},"end":{"line":163,"column":29}},"loc":{"start":{"line":163,"column":30},"end":{"line":165,"column":2}}},"29":{"name":"(anonymous_29)","decl":{"start":{"line":167,"column":8},"end":{"line":167,"column":13}},"loc":{"start":{"line":167,"column":91},"end":{"line":171,"column":2}}},"30":{"name":"(anonymous_30)","decl":{"start":{"line":168,"column":56},"end":{"line":168,"column":57}},"loc":{"start":{"line":168,"column":72},"end":{"line":170,"column":3}}}},"branchMap":{"0":{"loc":{"start":{"line":62,"column":18},"end":{"line":62,"column":33}},"type":"cond-expr","locations":[{"start":{"line":62,"column":18},"end":{"line":62,"column":33}},{"start":{"line":62,"column":36},"end":{"line":62,"column":45}}]},"1":{"loc":{"start":{"line":70,"column":2},"end":{"line":72,"column":3}},"type":"if","locations":[{"start":{"line":70,"column":2},"end":{"line":72,"column":3}},{"start":{"line":70,"column":2},"end":{"line":72,"column":3}}]},"2":{"loc":{"start":{"line":87,"column":4},"end":{"line":89,"column":5}},"type":"if","locations":[{"start":{"line":87,"column":4},"end":{"line":89,"column":5}},{"start":{"line":87,"column":4},"end":{"line":89,"column":5}}]},"3":{"loc":{"start":{"line":97,"column":2},"end":{"line":103,"column":3}},"type":"if","locations":[{"start":{"line":97,"column":2},"end":{"line":103,"column":3}},{"start":{"line":97,"column":2},"end":{"line":103,"column":3}}]},"4":{"loc":{"start":{"line":115,"column":5},"end":{"line":120,"column":6}},"type":"if","locations":[{"start":{"line":115,"column":5},"end":{"line":120,"column":6}},{"start":{"line":115,"column":5},"end":{"line":120,"column":6}}]},"5":{"loc":{"start":{"line":116,"column":6},"end":{"line":116,"column":20}},"type":"binary-expr","locations":[{"start":{"line":116,"column":6},"end":{"line":116,"column":20}},{"start":{"line":117,"column":6},"end":{"line":117,"column":121}}]},"6":{"loc":{"start":{"line":130,"column":3},"end":{"line":134,"column":4}},"type":"if","locations":[{"start":{"line":130,"column":3},"end":{"line":134,"column":4}},{"start":{"line":130,"column":3},"end":{"line":134,"column":4}}]},"7":{"loc":{"start":{"line":130,"column":7},"end":{"line":130,"column":27}},"type":"binary-expr","locations":[{"start":{"line":130,"column":7},"end":{"line":130,"column":27}},{"start":{"line":130,"column":31},"end":{"line":130,"column":91}}]},"8":{"loc":{"start":{"line":151,"column":54},"end":{"line":151,"column":55}},"type":"cond-expr","locations":[{"start":{"line":151,"column":54},"end":{"line":151,"column":55}},{"start":{"line":151,"column":58},"end":{"line":151,"column":82}}]},"9":{"loc":{"start":{"line":151,"column":76},"end":{"line":151,"column":78}},"type":"cond-expr","locations":[{"start":{"line":151,"column":76},"end":{"line":151,"column":78}},{"start":{"line":151,"column":81},"end":{"line":151,"column":82}}]},"10":{"loc":{"start":{"line":155,"column":2},"end":{"line":160,"column":3}},"type":"if","locations":[{"start":{"line":155,"column":2},"end":{"line":160,"column":3}},{"start":{"line":155,"column":2},"end":{"line":160,"column":3}}]}},"s":{"0":214,"1":214,"2":214,"3":214,"4":214,"5":3,"6":17,"7":2,"8":3,"9":4,"10":0,"11":0,"12":73,"13":50,"14":73,"15":6,"16":11,"17":6,"18":5,"19":1,"20":20,"21":20,"22":20,"23":6,"24":6,"25":15,"26":0,"27":0,"28":6,"29":16,"30":15,"31":1,"32":1,"33":1,"34":1,"35":1,"36":1,"37":3,"38":3,"39":1,"40":3,"41":3,"42":9,"43":6,"44":1,"45":1,"46":3,"47":1,"48":1,"49":3,"50":20,"51":18,"52":20,"53":20,"54":184,"55":70,"56":93},"f":{"0":214,"1":3,"2":17,"3":2,"4":3,"5":4,"6":0,"7":0,"8":73,"9":50,"10":6,"11":11,"12":20,"13":6,"14":15,"15":0,"16":16,"17":1,"18":1,"19":3,"20":3,"21":9,"22":1,"23":3,"24":1,"25":3,"26":20,"27":18,"28":20,"29":184,"30":70},"b":{"0":[35,38],"1":[5,1],"2":[0,0],"3":[15,1],"4":[3,0],"5":[3,3],"6":[6,3],"7":[9,6],"8":[2,1],"9":[1,0],"10":[20,0]}}
,"/home/travis/build/MaibornWolff/codecharta/visualization/app/codeCharta/state/nodeSearch.service.ts": {"path":"/home/travis/build/MaibornWolff/codecharta/visualization/app/codeCharta/state/nodeSearch.service.ts","statementMap":{"0":{"start":{"line":21,"column":10},"end":{"line":21,"column":39}},"1":{"start":{"line":22,"column":10},"end":{"line":22,"column":36}},"2":{"start":{"line":23,"column":10},"end":{"line":23,"column":58}},"3":{"start":{"line":17,"column":9},"end":{"line":17,"column":42}},"4":{"start":{"line":25,"column":2},"end":{"line":25,"column":55}},"5":{"start":{"line":29,"column":2},"end":{"line":29,"column":60}},"6":{"start":{"line":30,"column":2},"end":{"line":30,"column":33}},"7":{"start":{"line":31,"column":2},"end":{"line":31,"column":39}},"8":{"start":{"line":35,"column":2},"end":{"line":43,"column":3}},"9":{"start":{"line":36,"column":3},"end":{"line":36,"column":12}},"10":{"start":{"line":38,"column":17},"end":{"line":41,"column":21}},"11":{"start":{"line":41,"column":14},"end":{"line":41,"column":20}},"12":{"start":{"line":42,"column":3},"end":{"line":42,"column":69}},"13":{"start":{"line":47,"column":31},"end":{"line":47,"column":104}},"14":{"start":{"line":47,"column":97},"end":{"line":47,"column":103}},"15":{"start":{"line":48,"column":2},"end":{"line":48,"column":72}},"16":{"start":{"line":52,"column":2},"end":{"line":52,"column":94}},"17":{"start":{"line":56,"column":2},"end":{"line":58,"column":4}},"18":{"start":{"line":57,"column":3},"end":{"line":57,"column":40}},"19":{"start":{"line":15,"column":16},"end":{"line":15,"column":67}}},"fnMap":{"0":{"name":"(anonymous_0)","decl":{"start":{"line":20,"column":1},"end":{"line":21,"column":9}},"loc":{"start":{"line":23,"column":58},"end":{"line":26,"column":2}}},"1":{"name":"(anonymous_1)","decl":{"start":{"line":28,"column":8},"end":{"line":28,"column":29}},"loc":{"start":{"line":28,"column":52},"end":{"line":32,"column":2}}},"2":{"name":"(anonymous_2)","decl":{"start":{"line":34,"column":9},"end":{"line":34,"column":25}},"loc":{"start":{"line":34,"column":48},"end":{"line":44,"column":2}}},"3":{"name":"(anonymous_3)","decl":{"start":{"line":41,"column":9},"end":{"line":41,"column":10}},"loc":{"start":{"line":41,"column":14},"end":{"line":41,"column":20}}},"4":{"name":"(anonymous_4)","decl":{"start":{"line":46,"column":9},"end":{"line":46,"column":38}},"loc":{"start":{"line":46,"column":39},"end":{"line":49,"column":2}}},"5":{"name":"(anonymous_5)","decl":{"start":{"line":47,"column":92},"end":{"line":47,"column":93}},"loc":{"start":{"line":47,"column":97},"end":{"line":47,"column":103}}},"6":{"name":"(anonymous_6)","decl":{"start":{"line":51,"column":9},"end":{"line":51,"column":32}},"loc":{"start":{"line":51,"column":33},"end":{"line":53,"column":2}}},"7":{"name":"(anonymous_7)","decl":{"start":{"line":55,"column":8},"end":{"line":55,"column":13}},"loc":{"start":{"line":55,"column":88},"end":{"line":59,"column":2}}},"8":{"name":"(anonymous_8)","decl":{"start":{"line":56,"column":63},"end":{"line":56,"column":64}},"loc":{"start":{"line":56,"column":79},"end":{"line":58,"column":3}}}},"branchMap":{"0":{"loc":{"start":{"line":35,"column":2},"end":{"line":43,"column":3}},"type":"if","locations":[{"start":{"line":35,"column":2},"end":{"line":43,"column":3}},{"start":{"line":35,"column":2},"end":{"line":43,"column":3}}]},"1":{"loc":{"start":{"line":47,"column":64},"end":{"line":47,"column":66}},"type":"cond-expr","locations":[{"start":{"line":47,"column":64},"end":{"line":47,"column":66}},{"start":{"line":47,"column":69},"end":{"line":47,"column":104}}]}},"s":{"0":13,"1":13,"2":13,"3":13,"4":13,"5":17,"6":17,"7":17,"8":17,"9":15,"10":2,"11":12,"12":2,"13":17,"14":2,"15":17,"16":17,"17":1,"18":0,"19":93},"f":{"0":13,"1":17,"2":17,"3":12,"4":17,"5":2,"6":17,"7":1,"8":0},"b":{"0":[15,2],"1":[15,2]}}
,"/home/travis/build/MaibornWolff/codecharta/visualization/app/codeCharta/state/state.module.ts": {"path":"/home/travis/build/MaibornWolff/codecharta/visualization/app/codeCharta/state/state.module.ts","statementMap":{"0":{"start":{"line":48,"column":0},"end":{"line":92,"column":57}}},"fnMap":{},"branchMap":{},"s":{"0":93},"f":{},"b":{}}
,"/home/travis/build/MaibornWolff/codecharta/visualization/app/codeCharta/state/store.service.ts": {"path":"/home/travis/build/MaibornWolff/codecharta/visualization/app/codeCharta/state/store.service.ts","statementMap":{"0":{"start":{"line":22,"column":21},"end":{"line":22,"column":50}},"1":{"start":{"line":23,"column":2},"end":{"line":23,"column":39}},"2":{"start":{"line":27,"column":2},"end":{"line":38,"column":3}},"3":{"start":{"line":37,"column":3},"end":{"line":37,"column":39}},"4":{"start":{"line":40,"column":2},"end":{"line":45,"column":4}},"5":{"start":{"line":41,"column":3},"end":{"line":41,"column":36}},"6":{"start":{"line":42,"column":3},"end":{"line":44,"column":4}},"7":{"start":{"line":43,"column":4},"end":{"line":43,"column":34}},"8":{"start":{"line":49,"column":2},"end":{"line":49,"column":30}},"9":{"start":{"line":53,"column":2},"end":{"line":53,"column":90}},"10":{"start":{"line":57,"column":2},"end":{"line":59,"column":4}},"11":{"start":{"line":58,"column":3},"end":{"line":58,"column":45}},"12":{"start":{"line":18,"column":16},"end":{"line":18,"column":53}}},"fnMap":{"0":{"name":"(anonymous_0)","decl":{"start":{"line":22,"column":1},"end":{"line":22,"column":20}},"loc":{"start":{"line":22,"column":50},"end":{"line":24,"column":2}}},"1":{"name":"(anonymous_1)","decl":{"start":{"line":26,"column":8},"end":{"line":26,"column":15}},"loc":{"start":{"line":26,"column":60},"end":{"line":46,"column":2}}},"2":{"name":"(anonymous_2)","decl":{"start":{"line":40,"column":36},"end":{"line":40,"column":47}},"loc":{"start":{"line":40,"column":51},"end":{"line":45,"column":3}}},"3":{"name":"(anonymous_3)","decl":{"start":{"line":48,"column":8},"end":{"line":48,"column":15}},"loc":{"start":{"line":48,"column":16},"end":{"line":50,"column":2}}},"4":{"name":"(anonymous_4)","decl":{"start":{"line":52,"column":9},"end":{"line":52,"column":14}},"loc":{"start":{"line":52,"column":34},"end":{"line":54,"column":2}}},"5":{"name":"(anonymous_5)","decl":{"start":{"line":56,"column":8},"end":{"line":56,"column":13}},"loc":{"start":{"line":56,"column":83},"end":{"line":60,"column":2}}},"6":{"name":"(anonymous_6)","decl":{"start":{"line":57,"column":51},"end":{"line":57,"column":52}},"loc":{"start":{"line":57,"column":67},"end":{"line":59,"column":3}}}},"branchMap":{"0":{"loc":{"start":{"line":26,"column":55},"end":{"line":26,"column":60}},"type":"default-arg","locations":[{"start":{"line":26,"column":55},"end":{"line":26,"column":60}}]},"1":{"loc":{"start":{"line":27,"column":2},"end":{"line":38,"column":3}},"type":"if","locations":[{"start":{"line":27,"column":2},"end":{"line":38,"column":3}},{"start":{"line":27,"column":2},"end":{"line":38,"column":3}}]},"2":{"loc":{"start":{"line":29,"column":4},"end":{"line":29,"column":52}},"type":"binary-expr","locations":[{"start":{"line":29,"column":4},"end":{"line":29,"column":52}},{"start":{"line":30,"column":4},"end":{"line":30,"column":53}},{"start":{"line":31,"column":4},"end":{"line":31,"column":61}},{"start":{"line":32,"column":4},"end":{"line":32,"column":55}},{"start":{"line":33,"column":4},"end":{"line":33,"column":53}},{"start":{"line":34,"column":4},"end":{"line":34,"column":12}}]},"3":{"loc":{"start":{"line":42,"column":3},"end":{"line":44,"column":4}},"type":"if","locations":[{"start":{"line":42,"column":3},"end":{"line":44,"column":4}},{"start":{"line":42,"column":3},"end":{"line":44,"column":4}}]}},"s":{"0":720,"1":720,"2":1444,"3":706,"4":1444,"5":2834,"6":2831,"7":2827,"8":3404,"9":2827,"10":455,"11":40376,"12":93},"f":{"0":720,"1":1444,"2":2834,"3":3404,"4":2827,"5":455,"6":40376},"b":{"0":[1440],"1":[706,738],"2":[1444,731,716,715,711,710],"3":[2827,4]}}
,"/home/travis/build/MaibornWolff/codecharta/visualization/app/codeCharta/state/store/reducer.ts": {"path":"/home/travis/build/MaibornWolff/codecharta/visualization/app/codeCharta/state/store/reducer.ts","statementMap":{"0":{"start":{"line":9,"column":20},"end":{"line":16,"column":2}}},"fnMap":{},"branchMap":{},"s":{"0":94},"f":{},"b":{}}
,"/home/travis/build/MaibornWolff/codecharta/visualization/app/codeCharta/state/store/state.actions.ts": {"path":"/home/travis/build/MaibornWolff/codecharta/visualization/app/codeCharta/state/store/state.actions.ts","statementMap":{"0":{"start":{"line":10,"column":0},"end":{"line":12,"column":1}},"1":{"start":{"line":11,"column":1},"end":{"line":11,"column":24}},"2":{"start":{"line":22,"column":1},"end":{"line":25,"column":2}},"3":{"start":{"line":28,"column":35},"end":{"line":35,"column":1}}},"fnMap":{"0":{"name":"(anonymous_0)","decl":{"start":{"line":10,"column":0},"end":{"line":10,"column":11}},"loc":{"start":{"line":10,"column":24},"end":{"line":12,"column":1}}},"1":{"name":"setState","decl":{"start":{"line":21,"column":16},"end":{"line":21,"column":24}},"loc":{"start":{"line":21,"column":70},"end":{"line":26,"column":1}}}},"branchMap":{"0":{"loc":{"start":{"line":10,"column":12},"end":{"line":10,"column":24}},"type":"binary-expr","locations":[{"start":{"line":10,"column":12},"end":{"line":10,"column":24}},{"start":{"line":10,"column":12},"end":{"line":10,"column":24}}]},"1":{"loc":{"start":{"line":21,"column":58},"end":{"line":21,"column":70}},"type":"default-arg","locations":[{"start":{"line":21,"column":58},"end":{"line":21,"column":70}}]}},"s":{"0":94,"1":94,"2":38,"3":94},"f":{"0":94,"1":38},"b":{"0":[94,94],"1":[1]}}
,"/home/travis/build/MaibornWolff/codecharta/visualization/app/codeCharta/state/store/state.splitter.ts": {"path":"/home/travis/build/MaibornWolff/codecharta/visualization/app/codeCharta/state/store/state.splitter.ts","statementMap":{"0":{"start":{"line":20,"column":1},"end":{"line":22,"column":2}},"1":{"start":{"line":21,"column":2},"end":{"line":21,"column":52}},"2":{"start":{"line":24,"column":1},"end":{"line":26,"column":2}},"3":{"start":{"line":25,"column":2},"end":{"line":25,"column":49}},"4":{"start":{"line":28,"column":1},"end":{"line":30,"column":2}},"5":{"start":{"line":29,"column":2},"end":{"line":29,"column":48}},"6":{"start":{"line":32,"column":1},"end":{"line":34,"column":2}},"7":{"start":{"line":33,"column":2},"end":{"line":33,"column":52}},"8":{"start":{"line":36,"column":1},"end":{"line":60,"column":2}},"9":{"start":{"line":37,"column":28},"end":{"line":37,"column":30}},"10":{"start":{"line":40,"column":2},"end":{"line":42,"column":3}},"11":{"start":{"line":41,"column":3},"end":{"line":41,"column":91}},"12":{"start":{"line":44,"column":2},"end":{"line":46,"column":3}},"13":{"start":{"line":45,"column":3},"end":{"line":45,"column":82}},"14":{"start":{"line":48,"column":2},"end":{"line":50,"column":3}},"15":{"start":{"line":49,"column":3},"end":{"line":49,"column":80}},"16":{"start":{"line":52,"column":2},"end":{"line":54,"column":3}},"17":{"start":{"line":53,"column":3},"end":{"line":53,"column":80}},"18":{"start":{"line":56,"column":2},"end":{"line":58,"column":3}},"19":{"start":{"line":57,"column":3},"end":{"line":57,"column":67}},"20":{"start":{"line":59,"column":2},"end":{"line":59,"column":16}},"21":{"start":{"line":61,"column":1},"end":{"line":61,"column":16}}},"fnMap":{"0":{"name":"splitStateActions","decl":{"start":{"line":18,"column":16},"end":{"line":18,"column":33}},"loc":{"start":{"line":18,"column":50},"end":{"line":62,"column":1}}}},"branchMap":{"0":{"loc":{"start":{"line":20,"column":1},"end":{"line":22,"column":2}},"type":"if","locations":[{"start":{"line":20,"column":1},"end":{"line":22,"column":2}},{"start":{"line":20,"column":1},"end":{"line":22,"column":2}}]},"1":{"loc":{"start":{"line":24,"column":1},"end":{"line":26,"column":2}},"type":"if","locations":[{"start":{"line":24,"column":1},"end":{"line":26,"column":2}},{"start":{"line":24,"column":1},"end":{"line":26,"column":2}}]},"2":{"loc":{"start":{"line":28,"column":1},"end":{"line":30,"column":2}},"type":"if","locations":[{"start":{"line":28,"column":1},"end":{"line":30,"column":2}},{"start":{"line":28,"column":1},"end":{"line":30,"column":2}}]},"3":{"loc":{"start":{"line":32,"column":1},"end":{"line":34,"column":2}},"type":"if","locations":[{"start":{"line":32,"column":1},"end":{"line":34,"column":2}},{"start":{"line":32,"column":1},"end":{"line":34,"column":2}}]},"4":{"loc":{"start":{"line":36,"column":1},"end":{"line":60,"column":2}},"type":"if","locations":[{"start":{"line":36,"column":1},"end":{"line":60,"column":2}},{"start":{"line":36,"column":1},"end":{"line":60,"column":2}}]},"5":{"loc":{"start":{"line":40,"column":2},"end":{"line":42,"column":3}},"type":"if","locations":[{"start":{"line":40,"column":2},"end":{"line":42,"column":3}},{"start":{"line":40,"column":2},"end":{"line":42,"column":3}}]},"6":{"loc":{"start":{"line":44,"column":2},"end":{"line":46,"column":3}},"type":"if","locations":[{"start":{"line":44,"column":2},"end":{"line":46,"column":3}},{"start":{"line":44,"column":2},"end":{"line":46,"column":3}}]},"7":{"loc":{"start":{"line":48,"column":2},"end":{"line":50,"column":3}},"type":"if","locations":[{"start":{"line":48,"column":2},"end":{"line":50,"column":3}},{"start":{"line":48,"column":2},"end":{"line":50,"column":3}}]},"8":{"loc":{"start":{"line":52,"column":2},"end":{"line":54,"column":3}},"type":"if","locations":[{"start":{"line":52,"column":2},"end":{"line":54,"column":3}},{"start":{"line":52,"column":2},"end":{"line":54,"column":3}}]},"9":{"loc":{"start":{"line":56,"column":2},"end":{"line":58,"column":3}},"type":"if","locations":[{"start":{"line":56,"column":2},"end":{"line":58,"column":3}},{"start":{"line":56,"column":2},"end":{"line":58,"column":3}}]}},"s":{"0":1450,"1":13,"2":1437,"3":1,"4":1436,"5":15,"6":1421,"7":0,"8":1421,"9":35,"10":35,"11":32,"12":35,"13":29,"14":35,"15":32,"16":35,"17":28,"18":35,"19":28,"20":35,"21":1386},"f":{"0":1450},"b":{"0":[13,1437],"1":[1,1436],"2":[15,1421],"3":[0,1421],"4":[35,1386],"5":[32,3],"6":[29,6],"7":[32,3],"8":[28,7],"9":[28,7]}}
,"/home/travis/build/MaibornWolff/codecharta/visualization/app/codeCharta/state/store/appSettings/appSettings.actions.ts": {"path":"/home/travis/build/MaibornWolff/codecharta/visualization/app/codeCharta/state/store/appSettings/appSettings.actions.ts","statementMap":{"0":{"start":{"line":25,"column":0},"end":{"line":27,"column":1}},"1":{"start":{"line":26,"column":1},"end":{"line":26,"column":38}},"2":{"start":{"line":37,"column":1},"end":{"line":40,"column":2}},"3":{"start":{"line":43,"column":47},"end":{"line":65,"column":1}}},"fnMap":{"0":{"name":"(anonymous_0)","decl":{"start":{"line":25,"column":0},"end":{"line":25,"column":11}},"loc":{"start":{"line":25,"column":30},"end":{"line":27,"column":1}}},"1":{"name":"setAppSettings","decl":{"start":{"line":36,"column":16},"end":{"line":36,"column":30}},"loc":{"start":{"line":36,"column":94},"end":{"line":41,"column":1}}}},"branchMap":{"0":{"loc":{"start":{"line":25,"column":12},"end":{"line":25,"column":30}},"type":"binary-expr","locations":[{"start":{"line":25,"column":12},"end":{"line":25,"column":30}},{"start":{"line":25,"column":12},"end":{"line":25,"column":30}}]},"1":{"loc":{"start":{"line":36,"column":76},"end":{"line":36,"column":94}},"type":"default-arg","locations":[{"start":{"line":36,"column":76},"end":{"line":36,"column":94}}]}},"s":{"0":94,"1":94,"2":17,"3":94},"f":{"0":94,"1":17},"b":{"0":[94,94],"1":[16]}}
,"/home/travis/build/MaibornWolff/codecharta/visualization/app/codeCharta/state/store/appSettings/appSettings.reducer.ts": {"path":"/home/travis/build/MaibornWolff/codecharta/visualization/app/codeCharta/state/store/appSettings/appSettings.reducer.ts","statementMap":{"0":{"start":{"line":24,"column":20},"end":{"line":46,"column":2}}},"fnMap":{},"branchMap":{},"s":{"0":95},"f":{},"b":{}}
[...]
"column":89},"end":{"line":56,"column":116}}]},"7":{"loc":{"start":{"line":78,"column":7},"end":{"line":78,"column":76}},"type":"cond-expr","locations":[{"start":{"line":78,"column":7},"end":{"line":78,"column":76}},{"start":{"line":79,"column":7},"end":{"line":79,"column":8}}]},"8":{"loc":{"start":{"line":77,"column":4},"end":{"line":77,"column":27}},"type":"binary-expr","locations":[{"start":{"line":77,"column":4},"end":{"line":77,"column":27}},{"start":{"line":77,"column":31},"end":{"line":77,"column":86}}]},"9":{"loc":{"start":{"line":80,"column":12},"end":{"line":80,"column":36}},"type":"binary-expr","locations":[{"start":{"line":80,"column":12},"end":{"line":80,"column":36}},{"start":{"line":80,"column":40},"end":{"line":80,"column":101}}]},"10":{"loc":{"start":{"line":80,"column":42},"end":{"line":80,"column":52}},"type":"binary-expr","locations":[{"start":{"line":80,"column":42},"end":{"line":80,"column":52}},{"start":{"line":80,"column":56},"end":{"line":80,"column":87}},{"start":{"line":80,"column":91},"end":{"line":80,"column":100}}]},"11":{"loc":{"start":{"line":92,"column":2},"end":{"line":96,"column":3}},"type":"if","locations":[{"start":{"line":92,"column":2},"end":{"line":96,"column":3}},{"start":{"line":92,"column":2},"end":{"line":96,"column":3}}]},"12":{"loc":{"start":{"line":100,"column":2},"end":{"line":104,"column":3}},"type":"if","locations":[{"start":{"line":100,"column":2},"end":{"line":104,"column":3}},{"start":{"line":100,"column":2},"end":{"line":104,"column":3}}]},"13":{"loc":{"start":{"line":109,"column":2},"end":{"line":115,"column":3}},"type":"if","locations":[{"start":{"line":109,"column":2},"end":{"line":115,"column":3}},{"start":{"line":109,"column":2},"end":{"line":115,"column":3}}]},"14":{"loc":{"start":{"line":110,"column":3},"end":{"line":110,"column":43}},"type":"binary-expr","locations":[{"start":{"line":110,"column":3},"end":{"line":110,"column":43}},{"start":{"line":111,"column":3},"end":{"line":111,"column":23}},{"start":{"line":112,"column":3},"end":{"line":112,"column":63}}]},"15":{"loc":{"start":{"line":117,"column":2},"end":{"line":119,"column":3}},"type":"if","locations":[{"start":{"line":117,"column":2},"end":{"line":119,"column":3}},{"start":{"line":117,"column":2},"end":{"line":119,"column":3}}]},"16":{"loc":{"start":{"line":117,"column":6},"end":{"line":117,"column":41}},"type":"binary-expr","locations":[{"start":{"line":117,"column":6},"end":{"line":117,"column":41}},{"start":{"line":117,"column":45},"end":{"line":117,"column":76}},{"start":{"line":117,"column":80},"end":{"line":117,"column":122}}]},"17":{"loc":{"start":{"line":118,"column":65},"end":{"line":118,"column":69}},"type":"cond-expr","locations":[{"start":{"line":118,"column":65},"end":{"line":118,"column":69}},{"start":{"line":118,"column":72},"end":{"line":118,"column":110}}]},"18":{"loc":{"start":{"line":123,"column":14},"end":{"line":123,"column":32}},"type":"binary-expr","locations":[{"start":{"line":123,"column":14},"end":{"line":123,"column":32}},{"start":{"line":123,"column":36},"end":{"line":123,"column":45}}]},"19":{"loc":{"start":{"line":129,"column":3},"end":{"line":129,"column":78}},"type":"binary-expr","locations":[{"start":{"line":129,"column":3},"end":{"line":129,"column":78}},{"start":{"line":130,"column":3},"end":{"line":131,"column":16}}]},"20":{"loc":{"start":{"line":130,"column":39},"end":{"line":130,"column":82}},"type":"binary-expr","locations":[{"start":{"line":130,"column":39},"end":{"line":130,"column":82}},{"start":{"line":130,"column":86},"end":{"line":130,"column":127}}]},"21":{"loc":{"start":{"line":144,"column":61},"end":{"line":144,"column":94}},"type":"cond-expr","locations":[{"start":{"line":144,"column":61},"end":{"line":144,"column":94}},{"start":{"line":144,"column":97},"end":{"line":144,"column":129}}]},"22":{"loc":{"start":{"line":145,"column":2},"end":{"line":161,"column":3}},"type":"if","locations":[{"start":{"line":145,"column":2},"end":{"line":161,"column":3}},{"start":{"line":145,"column":2},"end":{"line":161,"column":3}}]},"23":{"loc":{"start":{"line":150,"column":3},"end":{"line":160,"column":4}},"type":"if","locations":[{"start":{"line":150,"column":3},"end":{"line":160,"column":4}},{"start":{"line":150,"column":3},"end":{"line":160,"column":4}}]},"24":{"loc":{"start":{"line":152,"column":10},"end":{"line":160,"column":4}},"type":"if","locations":[{"start":{"line":152,"column":10},"end":{"line":160,"column":4}},{"start":{"line":152,"column":10},"end":{"line":160,"column":4}}]},"25":{"loc":{"start":{"line":154,"column":10},"end":{"line":160,"column":4}},"type":"if","locations":[{"start":{"line":154,"column":10},"end":{"line":160,"column":4}},{"start":{"line":154,"column":10},"end":{"line":160,"column":4}}]},"26":{"loc":{"start":{"line":155,"column":44},"end":{"line":155,"column":76}},"type":"cond-expr","locations":[{"start":{"line":155,"column":44},"end":{"line":155,"column":76}},{"start":{"line":155,"column":79},"end":{"line":155,"column":95}}]},"27":{"loc":{"start":{"line":156,"column":10},"end":{"line":160,"column":4}},"type":"if","locations":[{"start":{"line":156,"column":10},"end":{"line":160,"column":4}},{"start":{"line":156,"column":10},"end":{"line":160,"column":4}}]},"28":{"loc":{"start":{"line":157,"column":44},"end":{"line":157,"column":60}},"type":"cond-expr","locations":[{"start":{"line":157,"column":44},"end":{"line":157,"column":60}},{"start":{"line":157,"column":63},"end":{"line":157,"column":95}}]}},"s":{"0":9,"1":9,"2":4,"3":5,"4":9,"5":1,"6":1,"7":1,"8":1,"9":43,"10":43,"11":0,"12":43,"13":37,"14":6,"15":43,"16":43,"17":43,"18":43,"19":43,"20":43,"21":43,"22":43,"23":43,"24":43,"25":43,"26":43,"27":18,"28":25,"29":43,"30":18,"31":25,"32":51,"33":51,"34":7,"35":1,"36":51,"37":2,"38":51,"39":51,"40":51,"41":1,"42":1,"43":2,"44":3,"45":51,"46":52,"47":52,"48":0,"49":52,"50":52,"51":28,"52":24,"53":1,"54":23,"55":14,"56":9,"57":8,"58":1,"59":95,"60":95,"61":95},"f":{"0":9,"1":1,"2":1,"3":43,"4":43,"5":43,"6":43,"7":51,"8":7,"9":1,"10":1,"11":2,"12":3,"13":51,"14":52},"b":{"0":[4,5],"1":[9,4],"2":[43,27],"3":[0,43],"4":[37,6],"5":[43,11],"6":[32,11],"7":[3,40],"8":[43,5],"9":[43,6],"10":[6,4,4],"11":[18,25],"12":[18,25],"13":[1,50],"14":[51,7,7],"15":[2,49],"16":[51,51,2],"17":[0,2],"18":[51,50],"19":[1,1],"20":[1,1],"21":[45,7],"22":[0,52],"23":[28,24],"24":[1,23],"25":[14,9],"26":[1,13],"27":[8,1],"28":[2,6]}}
,"/home/travis/build/MaibornWolff/codecharta/visualization/app/codeCharta/util/urlExtractor.ts": {"path":"/home/travis/build/MaibornWolff/codecharta/visualization/app/codeCharta/util/urlExtractor.ts","statementMap":{"0":{"start":{"line":8,"column":21},"end":{"line":8,"column":48}},"1":{"start":{"line":8,"column":58},"end":{"line":8,"column":77}},"2":{"start":{"line":11,"column":24},"end":{"line":11,"column":55}},"3":{"start":{"line":12,"column":14},"end":{"line":12,"column":70}},"4":{"start":{"line":13,"column":13},"end":{"line":13,"column":48}},"5":{"start":{"line":15,"column":2},"end":{"line":17,"column":3}},"6":{"start":{"line":16,"column":3},"end":{"line":16,"column":14}},"7":{"start":{"line":18,"column":2},"end":{"line":20,"column":3}},"8":{"start":{"line":19,"column":3},"end":{"line":19,"column":12}},"9":{"start":{"line":21,"column":2},"end":{"line":21,"column":59}},"10":{"start":{"line":25,"column":18},"end":{"line":25,"column":46}},"11":{"start":{"line":27,"column":2},"end":{"line":29,"column":3}},"12":{"start":{"line":28,"column":3},"end":{"line":28,"column":17}},"13":{"start":{"line":31,"column":2},"end":{"line":33,"column":3}},"14":{"start":{"line":32,"column":3},"end":{"line":32,"column":26}},"15":{"start":{"line":35,"column":25},"end":{"line":35,"column":27}},"16":{"start":{"line":37,"column":2},"end":{"line":43,"column":4}},"17":{"start":{"line":38,"column":3},"end":{"line":42,"column":4}},"18":{"start":{"line":40,"column":5},"end":{"line":40,"column":61}},"19":{"start":{"line":45,"column":2},"end":{"line":45,"column":38}},"20":{"start":{"line":49,"column":2},"end":{"line":62,"column":4}},"21":{"start":{"line":50,"column":3},"end":{"line":61,"column":4}},"22":{"start":{"line":51,"column":4},"end":{"line":58,"column":14}},"23":{"start":{"line":52,"column":5},"end":{"line":57,"column":6}},"24":{"start":{"line":53,"column":6},"end":{"line":53,"column":54}},"25":{"start":{"line":54,"column":6},"end":{"line":54,"column":57}},"26":{"start":{"line":56,"column":6},"end":{"line":56,"column":14}},"27":{"start":{"line":60,"column":4},"end":{"line":60,"column":12}},"28":{"start":{"line":6,"column":16},"end":{"line":6,"column":29}}},"fnMap":{"0":{"name":"(anonymous_0)","decl":{"start":{"line":8,"column":1},"end":{"line":8,"column":20}},"loc":{"start":{"line":8,"column":77},"end":{"line":8,"column":81}}},"1":{"name":"(anonymous_1)","decl":{"start":{"line":10,"column":8},"end":{"line":10,"column":25}},"loc":{"start":{"line":10,"column":39},"end":{"line":22,"column":2}}},"2":{"name":"(anonymous_2)","decl":{"start":{"line":24,"column":8},"end":{"line":24,"column":32}},"loc":{"start":{"line":24,"column":33},"end":{"line":46,"column":2}}},"3":{"name":"(anonymous_3)","decl":{"start":{"line":37,"column":20},"end":{"line":37,"column":27}},"loc":{"start":{"line":37,"column":31},"end":{"line":43,"column":3}}},"4":{"name":"(anonymous_4)","decl":{"start":{"line":39,"column":16},"end":{"line":39,"column":17}},"loc":{"start":{"line":39,"column":36},"end":{"line":41,"column":5}}},"5":{"name":"(anonymous_5)","decl":{"start":{"line":48,"column":8},"end":{"line":48,"column":26}},"loc":{"start":{"line":48,"column":40},"end":{"line":63,"column":2}}},"6":{"name":"(anonymous_6)","decl":{"start":{"line":49,"column":21},"end":{"line":49,"column":22}},"loc":{"start":{"line":49,"column":41},"end":{"line":62,"column":3}}},"7":{"name":"(anonymous_7)","decl":{"start":{"line":51,"column":30},"end":{"line":51,"column":31}},"loc":{"start":{"line":51,"column":66},"end":{"line":58,"column":5}}}},"branchMap":{"0":{"loc":{"start":{"line":15,"column":2},"end":{"line":17,"column":3}},"type":"if","locations":[{"start":{"line":15,"column":2},"end":{"line":17,"column":3}},{"start":{"line":15,"column":2},"end":{"line":17,"column":3}}]},"1":{"loc":{"start":{"line":18,"column":2},"end":{"line":20,"column":3}},"type":"if","locations":[{"start":{"line":18,"column":2},"end":{"line":20,"column":3}},{"start":{"line":18,"column":2},"end":{"line":20,"column":3}}]},"2":{"loc":{"start":{"line":27,"column":2},"end":{"line":29,"column":3}},"type":"if","locations":[{"start":{"line":27,"column":2},"end":{"line":29,"column":3}},{"start":{"line":27,"column":2},"end":{"line":29,"column":3}}]},"3":{"loc":{"start":{"line":31,"column":2},"end":{"line":33,"column":3}},"type":"if","locations":[{"start":{"line":31,"column":2},"end":{"line":33,"column":3}},{"start":{"line":31,"column":2},"end":{"line":33,"column":3}}]},"4":{"loc":{"start":{"line":50,"column":3},"end":{"line":61,"column":4}},"type":"if","locations":[{"start":{"line":50,"column":3},"end":{"line":61,"column":4}},{"start":{"line":50,"column":3},"end":{"line":61,"column":4}}]},"5":{"loc":{"start":{"line":50,"column":7},"end":{"line":50,"column":11}},"type":"binary-expr","locations":[{"start":{"line":50,"column":7},"end":{"line":50,"column":11}},{"start":{"line":50,"column":15},"end":{"line":50,"column":30}}]},"6":{"loc":{"start":{"line":52,"column":5},"end":{"line":57,"column":6}},"type":"if","locations":[{"start":{"line":52,"column":5},"end":{"line":57,"column":6}},{"start":{"line":52,"column":5},"end":{"line":57,"column":6}}]}},"s":{"0":20,"1":20,"2":4,"3":4,"4":4,"5":4,"6":2,"7":2,"8":0,"9":2,"10":14,"11":14,"12":11,"13":14,"14":1,"15":14,"16":14,"17":5,"18":5,"19":14,"20":4,"21":4,"22":2,"23":2,"24":1,"25":1,"26":1,"27":2,"28":94},"f":{"0":20,"1":4,"2":14,"3":5,"4":5,"5":4,"6":4,"7":2},"b":{"0":[2,2],"1":[0,2],"2":[11,3],"3":[1,13],"4":[2,2],"5":[4,2],"6":[1,1]}}
,"/home/travis/build/MaibornWolff/codecharta/visualization/app/codeCharta/util/color/colorConverter.ts": {"path":"/home/travis/build/MaibornWolff/codecharta/visualization/app/codeCharta/util/color/colorConverter.ts","statementMap":{"0":{"start":{"line":7,"column":2},"end":{"line":7,"column":39}},"1":{"start":{"line":11,"column":19},"end":{"line":11,"column":43}},"2":{"start":{"line":12,"column":22},"end":{"line":12,"column":53}},"3":{"start":{"line":13,"column":2},"end":{"line":13,"column":31}},"4":{"start":{"line":17,"column":29},"end":{"line":17,"column":48}},"5":{"start":{"line":18,"column":2},"end":{"line":18,"column":59}},"6":{"start":{"line":22,"column":29},"end":{"line":22,"column":48}},"7":{"start":{"line":23,"column":2},"end":{"line":23,"column":31}},"8":{"start":{"line":27,"column":2},"end":{"line":34,"column":3}},"9":{"start":{"line":38,"column":14},"end":{"line":38,"column":34}},"10":{"start":{"line":39,"column":2},"end":{"line":39,"column":40}},"11":{"start":{"line":43,"column":25},"end":{"line":43,"column":65}},"12":{"start":{"line":44,"column":2},"end":{"line":44,"column":134}},"13":{"start":{"line":48,"column":12},"end":{"line":48,"column":38}},"14":{"start":{"line":49,"column":12},"end":{"line":49,"column":38}},"15":{"start":{"line":50,"column":12},"end":{"line":50,"column":38}},"16":{"start":{"line":52,"column":2},"end":{"line":52,"column":27}},"17":{"start":{"line":56,"column":21},"end":{"line":56,"column":61}},"18":{"start":{"line":57,"column":19},"end":{"line":57,"column":57}},"19":{"start":{"line":58,"column":20},"end":{"line":58,"column":34}},"20":{"start":{"line":59,"column":19},"end":{"line":59,"column":21}},"21":{"start":{"line":61,"column":2},"end":{"line":65,"column":3}},"22":{"start":{"line":62,"column":18},"end":{"line":62,"column":62}},"23":{"start":{"line":63,"column":14},"end":{"line":63,"column":41}},"24":{"start":{"line":64,"column":3},"end":{"line":64,"column":47}},"25":{"start":{"line":66,"column":2},"end":{"line":66,"column":19}},"26":{"start":{"line":70,"column":27},"end":{"line":70,"column":46}},"27":{"start":{"line":71,"column":32},"end":{"line":71,"column":85}},"28":{"start":{"line":72,"column":2},"end":{"line":72,"column":44}},"29":{"start":{"line":76,"column":13},"end":{"line":76,"column":30}},"30":{"start":{"line":77,"column":2},"end":{"line":79,"column":3}},"31":{"start":{"line":78,"column":3},"end":{"line":78,"column":67}},"32":{"start":{"line":80,"column":2},"end":{"line":80,"column":108}},"33":{"start":{"line":84,"column":2},"end":{"line":84,"column":70}},"34":{"start":{"line":88,"column":15},"end":{"line":88,"column":82}},"35":{"start":{"line":89,"column":13},"end":{"line":89,"column":20}},"36":{"start":{"line":90,"column":13},"end":{"line":90,"column":40}},"37":{"start":{"line":91,"column":13},"end":{"line":91,"column":41}},"38":{"start":{"line":92,"column":13},"end":{"line":92,"column":20}},"39":{"start":{"line":93,"column":2},"end":{"line":93,"column":94}},"40":{"start":{"line":97,"column":2},"end":{"line":97,"column":98}}},"fnMap":{"0":{"name":"(anonymous_0)","decl":{"start":{"line":6,"column":8},"end":{"line":6,"column":13}},"loc":{"start":{"line":6,"column":45},"end":{"line":8,"column":2}}},"1":{"name":"(anonymous_1)","decl":{"start":{"line":10,"column":8},"end":{"line":10,"column":13}},"loc":{"start":{"line":10,"column":53},"end":{"line":14,"column":2}}},"2":{"name":"(anonymous_2)","decl":{"start":{"line":16,"column":8},"end":{"line":16,"column":13}},"loc":{"start":{"line":16,"column":64},"end":{"line":19,"column":2}}},"3":{"name":"(anonymous_3)","decl":{"start":{"line":21,"column":8},"end":{"line":21,"column":13}},"loc":{"start":{"line":21,"column":50},"end":{"line":24,"column":2}}},"4":{"name":"(anonymous_4)","decl":{"start":{"line":26,"column":8},"end":{"line":26,"column":13}},"loc":{"start":{"line":26,"column":51},"end":{"line":35,"column":2}}},"5":{"name":"(anonymous_5)","decl":{"start":{"line":37,"column":8},"end":{"line":37,"column":13}},"loc":{"start":{"line":37,"column":35},"end":{"line":40,"column":2}}},"6":{"name":"(anonymous_6)","decl":{"start":{"line":42,"column":8},"end":{"line":42,"column":13}},"loc":{"start":{"line":42,"column":43},"end":{"line":45,"column":2}}},"7":{"name":"(anonymous_7)","decl":{"start":{"line":47,"column":8},"end":{"line":47,"column":13}},"loc":{"start":{"line":47,"column":43},"end":{"line":53,"column":2}}},"8":{"name":"(anonymous_8)","decl":{"start":{"line":55,"column":8},"end":{"line":55,"column":13}},"loc":{"start":{"line":55,"column":75},"end":{"line":67,"column":2}}},"9":{"name":"(anonymous_9)","decl":{"start":{"line":69,"column":8},"end":{"line":69,"column":13}},"loc":{"start":{"line":69,"column":42},"end":{"line":73,"column":2}}},"10":{"name":"(anonymous_10)","decl":{"start":{"line":75,"column":9},"end":{"line":75,"column":14}},"loc":{"start":{"line":75,"column":35},"end":{"line":81,"column":2}}},"11":{"name":"(anonymous_11)","decl":{"start":{"line":83,"column":9},"end":{"line":83,"column":14}},"loc":{"start":{"line":83,"column":57},"end":{"line":85,"column":2}}},"12":{"name":"(anonymous_12)","decl":{"start":{"line":87,"column":9},"end":{"line":87,"column":14}},"loc":{"start":{"line":87,"column":64},"end":{"line":94,"column":2}}},"13":{"name":"(anonymous_13)","decl":{"start":{"line":96,"column":9},"end":{"line":96,"column":14}},"loc":{"start":{"line":96,"column":43},"end":{"line":98,"column":2}}}},"branchMap":{"0":{"loc":{"start":{"line":16,"column":63},"end":{"line":16,"column":64}},"type":"default-arg","locations":[{"start":{"line":16,"column":63},"end":{"line":16,"column":64}}]},"1":{"loc":{"start":{"line":77,"column":2},"end":{"line":79,"column":3}},"type":"if","locations":[{"start":{"line":77,"column":2},"end":{"line":79,"column":3}},{"start":{"line":77,"column":2},"end":{"line":79,"column":3}}]}},"s":{"0":374,"1":2,"2":2,"3":2,"4":8,"5":8,"6":14,"7":14,"8":35,"9":6,"10":6,"11":371,"12":371,"13":1,"14":1,"15":1,"16":1,"17":7,"18":7,"19":7,"20":7,"21":7,"22":35,"23":35,"24":35,"25":7,"26":35,"27":35,"28":35,"29":57,"30":57,"31":2,"32":57,"33":35,"34":70,"35":70,"36":70,"37":70,"38":70,"39":70,"40":35},"f":{"0":374,"1":2,"2":8,"3":14,"4":35,"5":6,"6":371,"7":1,"8":7,"9":35,"10":57,"11":35,"12":70,"13":35},"b":{"0":[7],"1":[2,55]}}
,"/home/travis/build/MaibornWolff/codecharta/visualization/app/codeCharta/util/color/hsl.ts": {"path":"/home/travis/build/MaibornWolff/codecharta/visualization/app/codeCharta/util/color/hsl.ts","statementMap":{"0":{"start":{"line":4,"column":21},"end":{"line":4,"column":30}},"1":{"start":{"line":4,"column":40},"end":{"line":4,"column":49}},"2":{"start":{"line":4,"column":59},"end":{"line":4,"column":68}},"3":{"start":{"line":7,"column":2},"end":{"line":7,"column":56}},"4":{"start":{"line":11,"column":2},"end":{"line":11,"column":17}},"5":{"start":{"line":15,"column":2},"end":{"line":15,"column":15}},"6":{"start":{"line":19,"column":2},"end":{"line":19,"column":16}},"7":{"start":{"line":23,"column":2},"end":{"line":23,"column":49}}},"fnMap":{"0":{"name":"(anonymous_0)","decl":{"start":{"line":4,"column":1},"end":{"line":4,"column":20}},"loc":{"start":{"line":4,"column":68},"end":{"line":4,"column":72}}},"1":{"name":"(anonymous_1)","decl":{"start":{"line":6,"column":8},"end":{"line":6,"column":12}},"loc":{"start":{"line":6,"column":13},"end":{"line":8,"column":2}}},"2":{"name":"(anonymous_2)","decl":{"start":{"line":10,"column":8},"end":{"line":10,"column":24}},"loc":{"start":{"line":10,"column":39},"end":{"line":12,"column":2}}},"3":{"name":"(anonymous_3)","decl":{"start":{"line":14,"column":8},"end":{"line":14,"column":19}},"loc":{"start":{"line":14,"column":20},"end":{"line":16,"column":2}}},"4":{"name":"(anonymous_4)","decl":{"start":{"line":18,"column":8},"end":{"line":18,"column":19}},"loc":{"start":{"line":18,"column":34},"end":{"line":20,"column":2}}},"5":{"name":"(anonymous_5)","decl":{"start":{"line":22,"column":8},"end":{"line":22,"column":15}},"loc":{"start":{"line":22,"column":16},"end":{"line":24,"column":2}}}},"branchMap":{},"s":{"0":12,"1":12,"2":12,"3":7,"4":7,"5":8,"6":6,"7":2},"f":{"0":12,"1":7,"2":7,"3":8,"4":6,"5":2},"b":{}}
}
