TN:
SF:/home/travis/build/MaibornWolff/codecharta/visualization/app/app.ts
FN:15,(anonymous_1)
FN:23,(anonymous_2)
FN:30,(anonymous_3)
FN:35,(anonymous_4)
FNF:4
FNH:0
FNDA:0,(anonymous_1)
FNDA:0,(anonymous_2)
FNDA:0,(anonymous_3)
FNDA:0,(anonymous_4)
DA:2,0
DA:3,0
DA:4,0
DA:5,0
DA:6,0
DA:9,0
DA:11,0
DA:16,0
DA:17,0
DA:24,0
DA:31,0
DA:36,0
DA:37,0
LF:13
LH:0
BRF:0
BRH:0
end_of_record
TN:
SF:/home/travis/build/MaibornWolff/codecharta/visualization/app/codeCharta/codeCharta.component.ts
FN:26,(anonymous_0)
FN:41,(anonymous_1)
FN:44,(anonymous_2)
FN:52,(anonymous_3)
FN:57,(anonymous_4)
FN:69,(anonymous_5)
FN:74,(anonymous_6)
FN:77,(anonymous_7)
FN:84,(anonymous_8)
FN:97,(anonymous_9)
FNF:10
FNH:8
FNDA:10,(anonymous_0)
FNDA:13,(anonymous_1)
FNDA:13,(anonymous_2)
FNDA:1,(anonymous_3)
FNDA:13,(anonymous_4)
FNDA:15,(anonymous_5)
FNDA:15,(anonymous_6)
FNDA:0,(anonymous_7)
FNDA:2,(anonymous_8)
FNDA:0,(anonymous_9)
DA:17,10
DA:27,10
DA:28,10
DA:29,10
DA:30,10
DA:31,10
DA:33,10
DA:35,10
DA:36,10
DA:37,10
DA:38,10
DA:42,13
DA:45,13
DA:46,2
DA:47,2
DA:49,11
DA:53,1
DA:58,13
DA:59,11
DA:63,13
DA:70,15
DA:72,15
DA:75,15
DA:78,0
DA:79,0
DA:80,0
DA:85,2
DA:86,2
DA:88,2
DA:89,0
DA:90,2
DA:91,0
DA:93,2
DA:98,0
DA:102,93
LF:35
LH:29
BRDA:45,0,0,2
BRDA:45,0,1,11
BRDA:58,1,0,11
BRDA:58,1,1,2
BRDA:88,2,0,0
BRDA:88,2,1,2
BRDA:88,3,0,2
BRDA:88,3,1,0
BRDA:90,4,0,0
BRDA:90,4,1,2
BRF:10
BRH:7
end_of_record
TN:
SF:/home/travis/build/MaibornWolff/codecharta/visualization/app/codeCharta/codeCharta.model.ts
FN:15,(anonymous_0)
FN:23,(anonymous_1)
FN:64,(anonymous_2)
FN:69,(anonymous_3)
FN:166,(anonymous_4)
FN:178,(anonymous_5)
FN:195,(anonymous_6)
FNF:7
FNH:7
FNDA:124,(anonymous_0)
FNDA:124,(anonymous_1)
FNDA:124,(anonymous_2)
FNDA:124,(anonymous_3)
FNDA:124,(anonymous_4)
FNDA:124,(anonymous_5)
FNDA:124,(anonymous_6)
DA:15,124
DA:16,124
DA:17,124
DA:18,124
DA:19,124
DA:20,124
DA:23,124
DA:24,124
DA:25,124
DA:26,124
DA:27,124
DA:64,124
DA:65,124
DA:66,124
DA:69,124
DA:70,124
DA:71,124
DA:166,124
DA:167,124
DA:168,124
DA:178,124
DA:179,124
DA:180,124
DA:181,124
DA:182,124
DA:195,124
DA:196,124
DA:197,124
LF:28
LH:28
BRDA:15,0,0,124
BRDA:15,0,1,124
BRDA:23,1,0,124
BRDA:23,1,1,124
BRDA:64,2,0,124
BRDA:64,2,1,124
BRDA:69,3,0,124
BRDA:69,3,1,124
BRDA:166,4,0,124
BRDA:166,4,1,124
BRDA:178,5,0,124
BRDA:178,5,1,124
BRDA:195,6,0,124
BRDA:195,6,1,124
BRF:14
BRH:14
end_of_record
TN:
SF:/home/travis/build/MaibornWolff/codecharta/visualization/app/codeCharta/codeCharta.module.ts
FNF:0
FNH:0
DA:12,93
DA:14,93
LF:2
LH:2
BRF:0
BRH:0
end_of_record
TN:
SF:/home/travis/build/MaibornWolff/codecharta/visualization/app/codeCharta/codeCharta.service.ts
FN:13,(anonymous_0)
FN:15,(anonymous_1)
FN:16,(anonymous_2)
FN:17,(anonymous_3)
FN:32,(anonymous_4)
FN:51,(anonymous_5)
FN:75,(anonymous_6)
FN:76,(anonymous_7)
FNF:8
FNH:8
FNDA:18,(anonymous_0)
FNDA:6,(anonymous_1)
FNDA:6,(anonymous_2)
FNDA:6,(anonymous_3)
FNDA:3,(anonymous_4)
FNDA:3,(anonymous_5)
FNDA:3,(anonymous_6)
FNDA:1,(anonymous_7)
DA:9,104
DA:10,104
DA:11,104
DA:13,18
DA:16,6
DA:17,6
DA:18,6
DA:19,5
DA:20,3
DA:21,3
DA:22,3
DA:24,2
DA:27,5
DA:28,3
DA:33,3
DA:52,3
DA:54,3
DA:55,3
DA:60,0
DA:61,0
DA:63,0
DA:66,0
DA:67,0
DA:69,0
DA:72,0
DA:76,3
DA:77,1
DA:78,1
DA:81,3
LF:29
LH:22
BRDA:19,0,0,3
BRDA:19,0,1,2
BRDA:41,1,0,3
BRDA:41,1,1,3
BRDA:43,2,0,3
BRDA:43,2,1,2
BRDA:44,3,0,3
BRDA:44,3,1,3
BRDA:54,4,0,3
BRDA:54,4,1,0
BRDA:54,5,0,3
BRDA:54,5,1,0
BRDA:60,6,0,0
BRDA:60,6,1,0
BRDA:66,7,0,0
BRDA:66,7,1,0
BRDA:77,8,0,1
BRDA:77,8,1,0
BRF:18
BRH:11
end_of_record
TN:
SF:/home/travis/build/MaibornWolff/codecharta/visualization/app/codeCharta/model/files.ts
FN:5,(anonymous_0)
FN:7,(anonymous_1)
FN:11,(anonymous_2)
FN:15,(anonymous_3)
FN:16,(anonymous_4)
FN:21,(anonymous_5)
FN:22,(anonymous_6)
FN:25,(anonymous_7)
FN:29,(anonymous_8)
FN:33,(anonymous_9)
FN:34,(anonymous_10)
FN:43,(anonymous_11)
FN:47,(anonymous_12)
FN:48,(anonymous_13)
FN:59,(anonymous_14)
FN:63,(anonymous_15)
FN:64,(anonymous_16)
FN:73,(anonymous_17)
FN:74,(anonymous_18)
FN:77,(anonymous_19)
FN:81,(anonymous_20)
FN:82,(anonymous_21)
FN:86,(anonymous_22)
FN:87,(anonymous_23)
FN:90,(anonymous_24)
FN:91,(anonymous_25)
FN:94,(anonymous_26)
FN:95,(anonymous_27)
FN:98,(anonymous_28)
FN:99,(anonymous_29)
FN:102,(anonymous_30)
FN:103,(anonymous_31)
FNF:32
FNH:32
FNDA:329,(anonymous_0)
FNDA:50,(anonymous_1)
FNDA:105,(anonymous_2)
FNDA:2,(anonymous_3)
FNDA:4,(anonymous_4)
FNDA:12,(anonymous_5)
FNDA:8,(anonymous_6)
FNDA:236,(anonymous_7)
FNDA:34,(anonymous_8)
FNDA:68,(anonymous_9)
FNDA:120,(anonymous_10)
FNDA:57,(anonymous_11)
FNDA:16,(anonymous_12)
FNDA:30,(anonymous_13)
FNDA:12,(anonymous_14)
FNDA:13,(anonymous_15)
FNDA:26,(anonymous_16)
FNDA:8,(anonymous_17)
FNDA:14,(anonymous_18)
FNDA:1209,(anonymous_19)
FNDA:3,(anonymous_20)
FNDA:4,(anonymous_21)
FNDA:3,(anonymous_22)
FNDA:3,(anonymous_23)
FNDA:1249,(anonymous_24)
FNDA:90,(anonymous_25)
FNDA:24,(anonymous_26)
FNDA:36,(anonymous_27)
FNDA:88,(anonymous_28)
FNDA:41,(anonymous_29)
FNDA:20,(anonymous_30)
FNDA:28,(anonymous_31)
DA:2,120
DA:5,329
DA:8,50
DA:12,105
DA:16,2
DA:17,4
DA:22,12
DA:26,236
DA:30,34
DA:34,68
DA:35,120
DA:36,67
DA:38,53
DA:44,57
DA:48,16
DA:49,30
DA:50,16
DA:51,14
DA:52,14
DA:54,0
DA:60,12
DA:64,13
DA:65,26
DA:66,23
DA:68,3
DA:74,14
DA:78,1209
DA:82,4
DA:83,3
DA:87,3
DA:91,1249
DA:95,36
DA:99,88
DA:103,28
LF:34
LH:33
BRDA:5,0,0,317
BRDA:35,1,0,67
BRDA:35,1,1,53
BRDA:49,2,0,16
BRDA:49,2,1,14
BRDA:51,3,0,14
BRDA:51,3,1,0
BRDA:65,4,0,23
BRDA:65,4,1,3
BRDA:83,5,0,2
BRDA:83,5,1,1
BRDA:99,6,0,41
BRDA:99,6,1,30
BRF:13
BRH:12
end_of_record
TN:
SF:/home/travis/build/MaibornWolff/codecharta/visualization/app/codeCharta/state/edgeMetricData.service.ts
FN:20,(anonymous_0)
FN:25,(anonymous_1)
FN:29,(anonymous_2)
FN:33,(anonymous_3)
FN:40,(anonymous_4)
FN:45,(anonymous_5)
FN:48,(anonymous_6)
FN:55,(anonymous_7)
FN:69,(anonymous_8)
FN:70,(anonymous_9)
FN:73,(anonymous_10)
FN:79,(anonymous_11)
FN:83,(anonymous_12)
FN:92,(anonymous_13)
FN:97,(anonymous_14)
FN:102,(anonymous_15)
FN:103,(anonymous_16)
FN:112,(anonymous_17)
FN:113,(anonymous_18)
FN:114,(anonymous_19)
FN:118,(anonymous_20)
FN:123,(anonymous_21)
FN:130,(anonymous_22)
FN:137,(anonymous_23)
FN:144,(anonymous_24)
FN:150,(anonymous_25)
FN:153,(anonymous_26)
FN:155,(anonymous_27)
FN:167,(anonymous_28)
FN:170,(anonymous_29)
FN:172,(anonymous_30)
FN:180,(anonymous_31)
FN:184,(anonymous_32)
FN:188,(anonymous_33)
FN:189,(anonymous_34)
FNF:35
FNH:35
FNDA:196,(anonymous_0)
FNDA:14,(anonymous_1)
FNDA:5,(anonymous_2)
FNDA:19,(anonymous_3)
FNDA:6,(anonymous_4)
FNDA:6,(anonymous_5)
FNDA:2,(anonymous_6)
FNDA:2,(anonymous_7)
FNDA:4,(anonymous_8)
FNDA:4,(anonymous_9)
FNDA:3,(anonymous_10)
FNDA:5,(anonymous_11)
FNDA:19,(anonymous_12)
FNDA:5,(anonymous_13)
FNDA:5,(anonymous_14)
FNDA:5,(anonymous_15)
FNDA:15,(anonymous_16)
FNDA:15,(anonymous_17)
FNDA:65,(anonymous_18)
FNDA:60,(anonymous_19)
FNDA:20,(anonymous_20)
FNDA:10,(anonymous_21)
FNDA:20,(anonymous_22)
FNDA:20,(anonymous_23)
FNDA:40,(anonymous_24)
FNDA:5,(anonymous_25)
FNDA:15,(anonymous_26)
FNDA:35,(anonymous_27)
FNDA:21,(anonymous_28)
FNDA:17,(anonymous_29)
FNDA:24,(anonymous_30)
FNDA:19,(anonymous_31)
FNDA:19,(anonymous_32)
FNDA:12,(anonymous_33)
FNDA:14,(anonymous_34)
DA:15,93
DA:17,196
DA:20,196
DA:21,196
DA:22,196
DA:26,14
DA:30,5
DA:34,19
DA:35,19
DA:36,19
DA:37,19
DA:41,6
DA:42,0
DA:45,6
DA:49,2
DA:50,1
DA:52,1
DA:56,2
DA:57,1
DA:60,1
DA:61,1
DA:62,1
DA:63,2
DA:66,1
DA:70,4
DA:71,4
DA:73,4
DA:74,3
DA:76,4
DA:80,5
DA:84,19
DA:85,14
DA:87,5
DA:88,5
DA:93,5
DA:94,5
DA:97,5
DA:98,5
DA:99,5
DA:103,5
DA:104,15
DA:105,10
DA:109,5
DA:113,65
DA:114,60
DA:115,15
DA:119,20
DA:120,20
DA:124,10
DA:125,20
DA:126,20
DA:131,20
DA:132,15
DA:134,20
DA:138,20
DA:139,20
DA:140,20
DA:141,20
DA:145,40
DA:146,35
DA:151,5
DA:153,5
DA:154,15
DA:155,15
DA:156,35
DA:157,35
DA:158,20
DA:161,15
DA:164,5
DA:168,21
DA:169,21
DA:170,13
DA:171,17
DA:172,24
DA:174,17
DA:177,21
DA:181,19
DA:185,19
DA:189,12
DA:190,14
LF:80
LH:79
BRDA:41,0,0,0
BRDA:41,0,1,6
BRDA:49,1,0,1
BRDA:49,1,1,1
BRDA:49,2,0,2
BRDA:49,2,1,2
BRDA:56,3,0,1
BRDA:56,3,1,1
BRDA:56,4,0,2
BRDA:56,4,1,2
BRDA:84,5,0,14
BRDA:84,5,1,5
BRDA:104,6,0,10
BRDA:104,6,1,5
BRDA:115,7,0,15
BRDA:115,7,1,10
BRDA:115,7,2,10
BRDA:115,7,3,10
BRDA:131,8,0,15
BRDA:131,8,1,5
BRDA:145,9,0,35
BRDA:145,9,1,5
BRDA:157,10,0,20
BRDA:157,10,1,15
BRDA:169,11,0,13
BRDA:169,11,1,8
BRF:26
BRH:25
end_of_record
TN:
SF:/home/travis/build/MaibornWolff/codecharta/visualization/app/codeCharta/state/injector.service.ts
FN:45,(anonymous_0)
FNF:1
FNH:1
FNDA:8,(anonymous_0)
DA:48,8
DA:49,8
DA:50,8
DA:51,8
DA:52,8
DA:53,8
DA:54,8
DA:55,8
DA:56,8
DA:57,8
DA:58,8
DA:59,8
DA:60,8
DA:61,8
DA:62,8
DA:63,8
DA:64,8
DA:65,8
DA:66,8
DA:67,8
DA:68,8
DA:69,8
DA:70,8
DA:71,8
DA:72,8
DA:73,8
DA:74,8
DA:75,8
DA:76,8
DA:77,8
DA:78,8
DA:79,8
DA:80,8
DA:81,8
DA:82,8
DA:83,8
DA:84,8
DA:85,8
LF:38
LH:38
BRF:0
BRH:0
end_of_record
TN:
SF:/home/travis/build/MaibornWolff/codecharta/visualization/app/codeCharta/state/metric.service.ts
FN:35,(anonymous_0)
FN:40,(anonymous_1)
FN:44,(anonymous_2)
FN:48,(anonymous_3)
FN:49,(anonymous_4)
FN:52,(anonymous_5)
FN:56,(anonymous_6)
FN:57,(anonymous_7)
FN:60,(anonymous_8)
FN:61,(anonymous_9)
FN:65,(anonymous_10)
FN:66,(anonymous_11)
FN:76,(anonymous_12)
FN:82,(anonymous_13)
FN:85,(anonymous_14)
FN:86,(anonymous_15)
FN:96,(anonymous_16)
FN:106,(anonymous_17)
FN:112,(anonymous_18)
FN:114,(anonymous_19)
FN:126,(anonymous_20)
FN:129,(anonymous_21)
FN:138,(anonymous_22)
FN:141,(anonymous_23)
FN:150,(anonymous_24)
FN:151,(anonymous_25)
FN:154,(anonymous_26)
FN:155,(anonymous_27)
FN:163,(anonymous_28)
FN:167,(anonymous_29)
FN:168,(anonymous_30)
FNF:31
FNH:28
FNDA:214,(anonymous_0)
FNDA:3,(anonymous_1)
FNDA:17,(anonymous_2)
FNDA:2,(anonymous_3)
FNDA:3,(anonymous_4)
FNDA:4,(anonymous_5)
FNDA:0,(anonymous_6)
FNDA:0,(anonymous_7)
FNDA:73,(anonymous_8)
FNDA:50,(anonymous_9)
FNDA:6,(anonymous_10)
FNDA:11,(anonymous_11)
FNDA:20,(anonymous_12)
FNDA:6,(anonymous_13)
FNDA:15,(anonymous_14)
FNDA:0,(anonymous_15)
FNDA:16,(anonymous_16)
FNDA:1,(anonymous_17)
FNDA:1,(anonymous_18)
FNDA:3,(anonymous_19)
FNDA:3,(anonymous_20)
FNDA:9,(anonymous_21)
FNDA:1,(anonymous_22)
FNDA:3,(anonymous_23)
FNDA:1,(anonymous_24)
FNDA:3,(anonymous_25)
FNDA:20,(anonymous_26)
FNDA:18,(anonymous_27)
FNDA:20,(anonymous_28)
FNDA:184,(anonymous_29)
FNDA:70,(anonymous_30)
DA:30,93
DA:33,214
DA:35,214
DA:36,214
DA:37,214
DA:41,3
DA:45,17
DA:49,3
DA:53,4
DA:57,0
DA:61,73
DA:62,73
DA:66,6
DA:67,11
DA:70,6
DA:71,5
DA:73,1
DA:77,20
DA:78,20
DA:79,20
DA:83,6
DA:85,6
DA:86,15
DA:87,0
DA:88,0
DA:93,6
DA:97,16
DA:98,15
DA:101,1
DA:102,1
DA:107,1
DA:109,1
DA:113,1
DA:114,1
DA:115,3
DA:119,3
DA:123,1
DA:127,3
DA:129,3
DA:130,9
DA:131,6
DA:139,1
DA:141,1
DA:142,3
DA:147,1
DA:151,3
DA:155,20
DA:156,20
DA:164,20
DA:168,184
DA:169,70
LF:51
LH:48
BRDA:62,0,0,35
BRDA:62,0,1,38
BRDA:70,1,0,5
BRDA:70,1,1,1
BRDA:87,2,0,0
BRDA:87,2,1,0
BRDA:97,3,0,15
BRDA:97,3,1,1
BRDA:115,4,0,3
BRDA:115,4,1,0
BRDA:116,5,0,3
BRDA:116,5,1,3
BRDA:130,6,0,6
BRDA:130,6,1,3
BRDA:130,7,0,9
BRDA:130,7,1,6
BRDA:151,8,0,2
BRDA:151,8,1,1
BRDA:151,9,0,1
BRDA:151,9,1,0
BRDA:155,10,0,20
BRDA:155,10,1,0
BRF:22
BRH:17
end_of_record
TN:
SF:/home/travis/build/MaibornWolff/codecharta/visualization/app/codeCharta/state/nodeSearch.service.ts
FN:20,(anonymous_0)
FN:28,(anonymous_1)
FN:34,(anonymous_2)
FN:41,(anonymous_3)
FN:46,(anonymous_4)
FN:47,(anonymous_5)
FN:51,(anonymous_6)
FN:55,(anonymous_7)
FN:56,(anonymous_8)
FNF:9
FNH:8
FNDA:13,(anonymous_0)
FNDA:17,(anonymous_1)
FNDA:17,(anonymous_2)
FNDA:12,(anonymous_3)
FNDA:17,(anonymous_4)
FNDA:2,(anonymous_5)
FNDA:17,(anonymous_6)
FNDA:1,(anonymous_7)
FNDA:0,(anonymous_8)
DA:15,93
DA:17,13
DA:21,13
DA:22,13
DA:23,13
DA:25,13
DA:29,17
DA:30,17
DA:31,17
DA:35,17
DA:36,15
DA:38,2
DA:41,12
DA:42,2
DA:47,17
DA:48,17
DA:52,17
DA:56,1
DA:57,0
LF:19
LH:18
BRDA:35,0,0,15
BRDA:35,0,1,2
BRDA:47,1,0,15
BRDA:47,1,1,2
BRF:4
BRH:4
end_of_record
TN:
SF:/home/travis/build/MaibornWolff/codecharta/visualization/app/codeCharta/state/state.module.ts
FNF:0
FNH:0
DA:48,93
LF:1
LH:1
BRF:0
BRH:0
end_of_record
TN:
SF:/home/travis/build/MaibornWolff/codecharta/visualization/app/codeCharta/state/store.service.ts
FN:22,(anonymous_0)
FN:26,(anonymous_1)
FN:40,(anonymous_2)
FN:48,(anonymous_3)
FN:52,(anonymous_4)
FN:56,(anonymous_5)
FN:57,(anonymous_6)
FNF:7
FNH:7
FNDA:720,(anonymous_0)
FNDA:1444,(anonymous_1)
FNDA:2834,(anonymous_2)
FNDA:3404,(anonymous_3)
FNDA:2827,(anonymous_4)
FNDA:455,(anonymous_5)
FNDA:40376,(anonymous_6)
DA:18,93
DA:22,720
DA:23,720
DA:27,1444
DA:37,706
DA:40,1444
DA:41,2834
DA:42,2831
DA:43,2827
DA:49,3404
DA:53,2827
DA:57,455
DA:58,40376
LF:13
LH:13
BRDA:26,0,0,1440
BRDA:27,1,0,706
BRDA:27,1,1,738
BRDA:29,2,0,1444
BRDA:29,2,1,731
BRDA:29,2,2,716
BRDA:29,2,3,715
BRDA:29,2,4,711
BRDA:29,2,5,710
BRDA:42,3,0,2827
BRDA:42,3,1,4
BRF:11
BRH:11
end_of_record
TN:
SF:/home/travis/build/MaibornWolff/codecharta/visualization/app/codeCharta/state/store/reducer.ts
FNF:0
FNH:0
DA:9,94
LF:1
LH:1
BRF:0
BRH:0
end_of_record
TN:
SF:/home/travis/build/MaibornWolff/codecharta/visualization/app/codeCharta/state/store/state.actions.ts
FN:10,(anonymous_0)
FN:21,setState
FNF:2
FNH:2
FNDA:94,(anonymous_0)
FNDA:38,setState
DA:10,94
DA:11,94
DA:22,38
DA:28,94
LF:4
LH:4
BRDA:10,0,0,94
BRDA:10,0,1,94
BRDA:21,1,0,1
BRF:3
BRH:3
end_of_record
TN:
SF:/home/travis/build/MaibornWolff/codecharta/visualization/app/codeCharta/state/store/state.splitter.ts
FN:18,splitStateActions
FNF:1
FNH:1
FNDA:1450,splitStateActions
DA:20,1450
DA:21,13
DA:24,1437
DA:25,1
DA:28,1436
DA:29,15
DA:32,1421
DA:33,0
DA:36,1421
DA:37,35
DA:40,35
DA:41,32
DA:44,35
DA:45,29
DA:48,35
DA:49,32
DA:52,35
DA:53,28
DA:56,35
DA:57,28
DA:59,35
DA:61,1386
LF:22
LH:21
BRDA:20,0,0,13
BRDA:20,0,1,1437
BRDA:24,1,0,1
BRDA:24,1,1,1436
BRDA:28,2,0,15
BRDA:28,2,1,1421
BRDA:32,3,0,0
BRDA:32,3,1,1421
BRDA:36,4,0,35
BRDA:36,4,1,1386
BRDA:40,5,0,32
BRDA:40,5,1,3
BRDA:44,6,0,29
BRDA:44,6,1,6
BRDA:48,7,0,32
BRDA:48,7,1,3
BRDA:52,8,0,28
BRDA:52,8,1,7
BRDA:56,9,0,28
BRDA:56,9,1,7
BRF:20
BRH:19
end_of_record
TN:
SF:/home/travis/build/MaibornWolff/codecharta/visualization/app/codeCharta/state/store/appSettings/appSettings.actions.ts
FN:25,(anonymous_0)
FN:36,setAppSettings
FNF:2
FNH:2
FNDA:94,(anonymous_0)
FNDA:17,setAppSettings
DA:25,94
DA:26,94
DA:37,17
DA:43,94
LF:4
LH:4
BRDA:25,0,0,94
BRDA:25,0,1,94
BRDA:36,1,0,16
BRF:3
BRH:3
end_of_record
TN:
SF:/home/travis/build/MaibornWolff/codecharta/visualization/app/codeCharta/state/store/appSettings/appSettings.reducer.ts
FNF:0
FNH:0
DA:24,95
LF:1
LH:1
BRF:0
BRH:0
end_of_record
TN:
SF:/home/travis/build/MaibornWolff/codecharta/visualization/app/codeCharta/state/store/appSettings/appSettings.splitter.ts
FN:25,splitAppSettingsActions
FNF:1
FNH:1
FNDA:47,splitAppSettingsActions
DA:26,47
DA:29,47
DA:30,42
DA:33,47
DA:34,42
DA:37,47
DA:38,42
DA:41,47
DA:42,42
DA:45,47
DA:46,42
DA:49,47
DA:50,42
DA:53,47
DA:54,42
DA:57,47
DA:58,42
DA:61,47
DA:62,42
DA:65,47
DA:66,42
DA:69,47
DA:70,42
DA:73,47
DA:74,42
DA:77,47
DA:78,44
DA:81,47
DA:82,44
DA:85,47
DA:86,43
DA:89,47
DA:90,44
DA:93,47
DA:94,43
DA:97,47
DA:98,42
DA:101,47
DA:102,42
DA:105,47
DA:106,42
DA:109,47
LF:42
LH:42
BRDA:29,0,0,42
BRDA:29,0,1,5
BRDA:33,1,0,42
BRDA:33,1,1,5
BRDA:37,2,0,42
BRDA:37,2,1,5
BRDA:41,3,0,42
BRDA:41,3,1,5
BRDA:45,4,0,42
BRDA:45,4,1,5
BRDA:49,5,0,42
BRDA:49,5,1,5
BRDA:53,6,0,42
BRDA:53,6,1,5
BRDA:57,7,0,42
BRDA:57,7,1,5
BRDA:61,8,0,42
BRDA:61,8,1,5
BRDA:65,9,0,42
BRDA:65,9,1,5
BRDA:69,10,0,42
BRDA:69,10,1,5
BRDA:73,11,0,42
BRDA:73,11,1,5
BRDA:77,12,0,44
BRDA:77,12,1,3
BRDA:81,13,0,44
BRDA:81,13,1,3
BRDA:85,14,0,43
BRDA:85,14,1,4
BRDA:89,15,0,44
BRDA:89,15,1,3
BRDA:93,16,0,43
BRDA:93,16,1,4
BRDA:97,17,0,42
BRDA:97,17,1,5
BRDA:101,18,0,42
BRDA:101,18,1,5
BRDA:105,19,0,42
BRDA:105,19,1,5
BRF:40
BRH:40
end_of_record
TN:
SF:/home/travis/build/MaibornWolff/codecharta/visualization/app/codeCharta/state/store/appSettings/amountOfEdgePreviews/amountOfEdgePreviews.actions.ts
FN:3,(anonymous_0)
FN:14,setAmountOfEdgePreviews
FNF:2
FNH:2
FNDA:97,(anonymous_0)
FNDA:1150,setAmountOfEdgePreviews
DA:3,97
DA:4,97
DA:15,1150
DA:21,97
LF:4
LH:4
BRDA:3,0,0,97
BRDA:3,0,1,97
BRDA:14,1,0,1102
BRF:3
BRH:3
end_of_record
TN:
SF:/home/travis/build/MaibornWolff/codecharta/visualization/app/codeCharta/state/store/appSettings/amountOfEdgePreviews/amountOfEdgePreviews.reducer.ts
FN:3,amountOfEdgePreviews
FNF:1
FNH:1
FNDA:3974,amountOfEdgePreviews
DA:4,3974
DA:6,50
DA:8,3924
LF:3
LH:3
BRDA:3,0,0,1101
BRDA:5,1,0,50
BRDA:5,1,1,3924
BRF:3
BRH:3
end_of_record
TN:
SF:/home/travis/build/MaibornWolff/codecharta/visualization/app/codeCharta/state/store/appSettings/amountOfEdgePreviews/amountOfEdgePreviews.service.ts
FN:13,(anonymous_0)
FN:17,(anonymous_1)
FN:23,(anonymous_2)
FN:27,(anonymous_3)
FN:31,(anonymous_4)
FN:32,(anonymous_5)
FNF:6
FNH:5
FNDA:12,(anonymous_0)
FNDA:1063,(anonymous_1)
FNDA:29,(anonymous_2)
FNDA:29,(anonymous_3)
FNDA:1,(anonymous_4)
FNDA:0,(anonymous_5)
DA:11,93
DA:13,12
DA:14,12
DA:18,1063
DA:19,29
DA:24,29
DA:28,29
DA:32,1
DA:33,0
LF:9
LH:8
BRDA:18,0,0,29
BRDA:18,0,1,1034
BRF:2
BRH:2
end_of_record
TN:
SF:/home/travis/build/MaibornWolff/codecharta/visualization/app/codeCharta/state/store/appSettings/amountOfEdgePreviews/amountOfEdgePreviews.splitter.ts
FN:3,splitAmountOfEdgePreviewsAction
FNF:1
FNH:1
FNDA:42,splitAmountOfEdgePreviewsAction
DA:4,42
LF:1
LH:1
BRF:0
BRH:0
end_of_record
TN:
SF:/home/travis/build/MaibornWolff/codecharta/visualization/app/codeCharta/state/store/appSettings/amountOfTopLabels/amountOfTopLabels.actions.ts
FN:3,(anonymous_0)
FN:14,setAmountOfTopLabels
FNF:2
FNH:2
FNDA:97,(anonymous_0)
FNDA:1150,setAmountOfTopLabels
DA:3,97
DA:4,97
DA:15,1150
DA:21,97
LF:4
LH:4
BRDA:3,0,0,97
BRDA:3,0,1,97
BRDA:14,1,0,1102
BRF:3
BRH:3
end_of_record
TN:
SF:/home/travis/build/MaibornWolff/codecharta/visualization/app/codeCharta/state/store/appSettings/amountOfTopLabels/amountOfTopLabels.reducer.ts
FN:3,amountOfTopLabels
FNF:1
FNH:1
FNDA:3974,amountOfTopLabels
DA:4,3974
DA:6,50
DA:8,3924
LF:3
LH:3
BRDA:3,0,0,1101
BRDA:5,1,0,50
BRDA:5,1,1,3924
BRF:3
BRH:3
end_of_record
TN:
SF:/home/travis/build/MaibornWolff/codecharta/visualization/app/codeCharta/state/store/appSettings/amountOfTopLabels/amountOfTopLabels.service.ts
FN:13,(anonymous_0)
FN:17,(anonymous_1)
FN:23,(anonymous_2)
FN:27,(anonymous_3)
FN:31,(anonymous_4)
FN:32,(anonymous_5)
FNF:6
FNH:5
FNDA:12,(anonymous_0)
FNDA:1063,(anonymous_1)
FNDA:29,(anonymous_2)
FNDA:29,(anonymous_3)
FNDA:1,(anonymous_4)
FNDA:0,(anonymous_5)
DA:11,93
DA:13,12
DA:14,12
DA:18,1063
DA:19,29
DA:24,29
DA:28,29
DA:32,1
DA:33,0
LF:9
LH:8
BRDA:18,0,0,29
BRDA:18,0,1,1034
BRF:2
BRH:2
end_of_record
TN:
SF:/home/travis/build/MaibornWolff/codecharta/visualization/app/codeCharta/state/store/appSettings/amountOfTopLabels/amountOfTopLabels.splitter.ts
FN:3,splitAmountOfTopLabelsAction
FNF:1
FNH:1
FNDA:42,splitAmountOfTopLabelsAction
DA:4,42
LF:1
LH:1
BRF:0
BRH:0
end_of_record
TN:
SF:/home/travis/build/MaibornWolff/codecharta/visualization/app/codeCharta/state/store/appSettings/camera/camera.actions.ts
FN:4,(anonymous_0)
FN:15,setCamera
FNF:2
FNH:2
FNDA:97,(anonymous_0)
FNDA:1153,setCamera
DA:4,97
DA:5,97
DA:16,1153
DA:22,97
LF:4
LH:4
BRDA:4,0,0,97
BRDA:4,0,1,97
BRDA:15,1,0,1104
BRF:3
BRH:3
end_of_record
TN:
SF:/home/travis/build/MaibornWolff/codecharta/visualization/app/codeCharta/state/store/appSettings/camera/camera.reducer.ts
FN:4,camera
FNF:1
FNH:1
FNDA:3974,camera
DA:5,3974
DA:7,51
DA:9,3923
LF:3
LH:3
BRDA:4,0,0,1101
BRDA:6,1,0,51
BRDA:6,1,1,3923
BRF:3
BRH:3
end_of_record
TN:
SF:/home/travis/build/MaibornWolff/codecharta/visualization/app/codeCharta/state/store/appSettings/camera/camera.service.ts
FN:14,(anonymous_0)
FN:18,(anonymous_1)
FN:24,(anonymous_2)
FN:28,(anonymous_3)
FN:33,(anonymous_4)
FN:34,(anonymous_5)
FNF:6
FNH:4
FNDA:10,(anonymous_0)
FNDA:1061,(anonymous_1)
FNDA:28,(anonymous_2)
FNDA:28,(anonymous_3)
FNDA:0,(anonymous_4)
FNDA:0,(anonymous_5)
DA:12,93
DA:14,10
DA:15,10
DA:19,1061
DA:20,28
DA:25,28
DA:34,0
DA:35,0
LF:8
LH:6
BRDA:19,0,0,28
BRDA:19,0,1,1033
BRF:2
BRH:2
end_of_record
TN:
SF:/home/travis/build/MaibornWolff/codecharta/visualization/app/codeCharta/state/store/appSettings/camera/camera.splitter.ts
FN:4,splitCameraAction
FNF:1
FNH:1
FNDA:43,splitCameraAction
DA:5,43
LF:1
LH:1
BRF:0
BRH:0
end_of_record
TN:
SF:/home/travis/build/MaibornWolff/codecharta/visualization/app/codeCharta/state/store/appSettings/dynamicMargin/dynamicMargin.actions.ts
FN:3,(anonymous_0)
FN:14,setDynamicMargin
FNF:2
FNH:2
FNDA:97,(anonymous_0)
FNDA:1154,setDynamicMargin
DA:3,97
DA:4,97
DA:15,1154
DA:21,97
LF:4
LH:4
BRDA:3,0,0,97
BRDA:3,0,1,97
BRDA:14,1,0,1102
BRF:3
BRH:3
end_of_record
TN:
SF:/home/travis/build/MaibornWolff/codecharta/visualization/app/codeCharta/state/store/appSettings/dynamicMargin/dynamicMargin.reducer.ts
FN:3,dynamicMargin
FNF:1
FNH:1
FNDA:3974,dynamicMargin
DA:4,3974
DA:6,54
DA:8,3920
LF:3
LH:3
BRDA:3,0,0,1101
BRDA:5,1,0,54
BRDA:5,1,1,3920
BRF:3
BRH:3
end_of_record
TN:
SF:/home/travis/build/MaibornWolff/codecharta/visualization/app/codeCharta/state/store/appSettings/dynamicMargin/dynamicMargin.service.ts
FN:13,(anonymous_0)
FN:17,(anonymous_1)
FN:23,(anonymous_2)
FN:27,(anonymous_3)
FN:31,(anonymous_4)
FN:32,(anonymous_5)
FNF:6
FNH:6
FNDA:12,(anonymous_0)
FNDA:1063,(anonymous_1)
FNDA:29,(anonymous_2)
FNDA:29,(anonymous_3)
FNDA:14,(anonymous_4)
FNDA:28,(anonymous_5)
DA:11,93
DA:13,12
DA:14,12
DA:18,1063
DA:19,29
DA:24,29
DA:28,29
DA:32,14
DA:33,28
LF:9
LH:9
BRDA:18,0,0,29
BRDA:18,0,1,1034
BRF:2
BRH:2
end_of_record
TN:
SF:/home/travis/build/MaibornWolff/codecharta/visualization/app/codeCharta/state/store/appSettings/dynamicMargin/dynamicMargin.splitter.ts
FN:3,splitDynamicMarginAction
FNF:1
FNH:1
FNDA:42,splitDynamicMarginAction
DA:4,42
LF:1
LH:1
BRF:0
BRH:0
end_of_record
TN:
SF:/home/travis/build/MaibornWolff/codecharta/visualization/app/codeCharta/state/store/appSettings/edgeHeight/edgeHeight.actions.ts
FN:3,(anonymous_0)
FN:14,setEdgeHeight
FNF:2
FNH:2
FNDA:97,(anonymous_0)
FNDA:1147,setEdgeHeight
DA:3,97
DA:4,97
DA:15,1147
DA:21,97
LF:4
LH:4
BRDA:3,0,0,97
BRDA:3,0,1,97
BRDA:14,1,0,1102
BRF:3
BRH:3
end_of_record
TN:
SF:/home/travis/build/MaibornWolff/codecharta/visualization/app/codeCharta/state/store/appSettings/edgeHeight/edgeHeight.reducer.ts
FN:3,edgeHeight
FNF:1
FNH:1
FNDA:3974,edgeHeight
DA:4,3974
DA:6,46
DA:8,3928
LF:3
LH:3
BRDA:3,0,0,1101
BRDA:5,1,0,46
BRDA:5,1,1,3928
BRF:3
BRH:3
end_of_record
TN:
SF:/home/travis/build/MaibornWolff/codecharta/visualization/app/codeCharta/state/store/appSettings/edgeHeight/edgeHeight.service.ts
FN:13,(anonymous_0)
FN:17,(anonymous_1)
FN:23,(anonymous_2)
FN:27,(anonymous_3)
FN:31,(anonymous_4)
FN:32,(anonymous_5)
FNF:6
FNH:5
FNDA:12,(anonymous_0)
FNDA:1063,(anonymous_1)
FNDA:29,(anonymous_2)
FNDA:29,(anonymous_3)
FNDA:3,(anonymous_4)
FNDA:0,(anonymous_5)
DA:11,93
DA:13,12
DA:14,12
DA:18,1063
DA:19,29
DA:24,29
DA:28,29
DA:32,3
DA:33,0
LF:9
LH:8
BRDA:18,0,0,29
BRDA:18,0,1,1034
BRF:2
BRH:2
end_of_record
TN:
SF:/home/travis/build/MaibornWolff/codecharta/visualization/app/codeCharta/state/store/appSettings/edgeHeight/edgeHeight.splitter.ts
FN:3,splitEdgeHeightAction
FNF:1
FNH:1
FNDA:43,splitEdgeHeightAction
DA:4,43
LF:1
LH:1
BRF:0
BRH:0
end_of_record
TN:
SF:/home/travis/build/MaibornWolff/codecharta/visualization/app/codeCharta/state/store/appSettings/hideFlatBuildings/hideFlatBuildings.actions.ts
FN:3,(anonymous_0)
FN:14,setHideFlatBuildings
FNF:2
FNH:2
FNDA:97,(anonymous_0)
FNDA:1149,setHideFlatBuildings
DA:3,97
DA:4,97
DA:15,1149
DA:21,97
LF:4
LH:4
BRDA:3,0,0,97
BRDA:3,0,1,97
BRDA:14,1,0,1102
BRF:3
BRH:3
end_of_record
TN:
SF:/home/travis/build/MaibornWolff/codecharta/visualization/app/codeCharta/state/store/appSettings/hideFlatBuildings/hideFlatBuildings.reducer.ts
FN:3,hideFlatBuildings
FNF:1
FNH:1
FNDA:3974,hideFlatBuildings
DA:4,3974
DA:6,49
DA:8,3925
LF:3
LH:3
BRDA:3,0,0,1101
BRDA:5,1,0,49
BRDA:5,1,1,3925
BRF:3
BRH:3
end_of_record
TN:
SF:/home/travis/build/MaibornWolff/codecharta/visualization/app/codeCharta/state/store/appSettings/hideFlatBuildings/hideFlatBuildings.service.ts
FN:13,(anonymous_0)
FN:17,(anonymous_1)
FN:23,(anonymous_2)
FN:27,(anonymous_3)
FN:31,(anonymous_4)
FN:32,(anonymous_5)
FNF:6
FNH:5
FNDA:12,(anonymous_0)
FNDA:1063,(anonymous_1)
FNDA:29,(anonymous_2)
FNDA:29,(anonymous_3)
FNDA:1,(anonymous_4)
FNDA:0,(anonymous_5)
DA:11,93
DA:13,12
DA:14,12
DA:18,1063
DA:19,29
DA:24,29
DA:28,29
DA:32,1
DA:33,0
LF:9
LH:8
BRDA:18,0,0,29
BRDA:18,0,1,1034
BRF:2
BRH:2
end_of_record
TN:
SF:/home/travis/build/MaibornWolff/codecharta/visualization/app/codeCharta/state/store/appSettings/hideFlatBuildings/hideFlatBuildings.splitter.ts
FN:3,splitHideFlatBuildingsAction
FNF:1
FNH:1
FNDA:44,splitHideFlatBuildingsAction
DA:4,44
LF:1
LH:1
BRF:0
BRH:0
end_of_record
TN:
SF:/home/travis/build/MaibornWolff/codecharta/visualization/app/codeCharta/state/store/appSettings/invertColorRange/invertColorRange.actions.ts
FN:3,(anonymous_0)
FN:14,setInvertColorRange
FNF:2
FNH:2
FNDA:97,(anonymous_0)
FNDA:1151,setInvertColorRange
DA:3,97
DA:4,97
DA:15,1151
DA:21,97
LF:4
LH:4
BRDA:3,0,0,97
BRDA:3,0,1,97
BRDA:14,1,0,1102
BRF:3
BRH:3
end_of_record
TN:
SF:/home/travis/build/MaibornWolff/codecharta/visualization/app/codeCharta/state/store/appSettings/invertColorRange/invertColorRange.reducer.ts
FN:3,invertColorRange
FNF:1
FNH:1
FNDA:3974,invertColorRange
DA:4,3974
DA:6,51
DA:8,3923
LF:3
LH:3
BRDA:3,0,0,1101
BRDA:5,1,0,51
BRDA:5,1,1,3923
BRF:3
BRH:3
end_of_record
TN:
SF:/home/travis/build/MaibornWolff/codecharta/visualization/app/codeCharta/state/store/appSettings/invertColorRange/invertColorRange.service.ts
FN:13,(anonymous_0)
FN:17,(anonymous_1)
FN:23,(anonymous_2)
FN:27,(anonymous_3)
FN:31,(anonymous_4)
FN:32,(anonymous_5)
FNF:6
FNH:5
FNDA:12,(anonymous_0)
FNDA:1063,(anonymous_1)
FNDA:29,(anonymous_2)
FNDA:29,(anonymous_3)
FNDA:15,(anonymous_4)
FNDA:0,(anonymous_5)
DA:11,93
DA:13,12
DA:14,12
DA:18,1063
DA:19,29
DA:24,29
DA:28,29
DA:32,15
DA:33,0
LF:9
LH:8
BRDA:18,0,0,29
BRDA:18,0,1,1034
BRF:2
BRH:2
end_of_record
TN:
SF:/home/travis/build/MaibornWolff/codecharta/visualization/app/codeCharta/state/store/appSettings/invertColorRange/invertColorRange.splitter.ts
FN:3,splitInvertColorRangeAction
FNF:1
FNH:1
FNDA:44,splitInvertColorRangeAction
DA:4,44
LF:1
LH:1
BRF:0
BRH:0
end_of_record
TN:
SF:/home/travis/build/MaibornWolff/codecharta/visualization/app/codeCharta/state/store/appSettings/invertDeltaColors/invertDeltaColors.actions.ts
FN:3,(anonymous_0)
FN:14,setInvertDeltaColors
FNF:2
FNH:2
FNDA:97,(anonymous_0)
FNDA:1154,setInvertDeltaColors
DA:3,97
DA:4,97
DA:15,1154
DA:21,97
LF:4
LH:4
BRDA:3,0,0,97
BRDA:3,0,1,97
BRDA:14,1,0,1102
BRF:3
BRH:3
end_of_record
TN:
SF:/home/travis/build/MaibornWolff/codecharta/visualization/app/codeCharta/state/store/appSettings/invertDeltaColors/invertDeltaColors.reducer.ts
FN:3,invertDeltaColors
FNF:1
FNH:1
FNDA:3974,invertDeltaColors
DA:4,3974
DA:6,54
DA:8,3920
LF:3
LH:3
BRDA:3,0,0,1101
BRDA:5,1,0,54
BRDA:5,1,1,3920
BRF:3
BRH:3
end_of_record
TN:
SF:/home/travis/build/MaibornWolff/codecharta/visualization/app/codeCharta/state/store/appSettings/invertDeltaColors/invertDeltaColors.service.ts
FN:13,(anonymous_0)
FN:17,(anonymous_1)
FN:23,(anonymous_2)
FN:27,(anonymous_3)
FN:31,(anonymous_4)
FN:32,(anonymous_5)
FNF:6
FNH:5
FNDA:12,(anonymous_0)
FNDA:1063,(anonymous_1)
FNDA:29,(anonymous_2)
FNDA:29,(anonymous_3)
FNDA:17,(anonymous_4)
FNDA:0,(anonymous_5)
DA:11,93
DA:13,12
DA:14,12
DA:18,1063
DA:19,29
DA:24,29
DA:28,29
DA:32,17
DA:33,0
LF:9
LH:8
BRDA:18,0,0,29
BRDA:18,0,1,1034
BRF:2
BRH:2
end_of_record
TN:
SF:/home/travis/build/MaibornWolff/codecharta/visualization/app/codeCharta/state/store/appSettings/invertDeltaColors/invertDeltaColors.splitter.ts
FN:3,splitInvertDeltaColorsAction
FNF:1
FNH:1
FNDA:42,splitInvertDeltaColorsAction
DA:4,42
LF:1
LH:1
BRF:0
BRH:0
end_of_record
TN:
SF:/home/travis/build/MaibornWolff/codecharta/visualization/app/codeCharta/state/store/appSettings/invertHeight/invertHeight.actions.ts
FN:3,(anonymous_0)
FN:14,setInvertHeight
FNF:2
FNH:2
FNDA:97,(anonymous_0)
FNDA:1146,setInvertHeight
DA:3,97
DA:4,97
DA:15,1146
DA:21,97
LF:4
LH:4
BRDA:3,0,0,97
BRDA:3,0,1,97
BRDA:14,1,0,1102
BRF:3
BRH:3
end_of_record
TN:
SF:/home/travis/build/MaibornWolff/codecharta/visualization/app/codeCharta/state/store/appSettings/invertHeight/invertHeight.reducer.ts
FN:3,invertHeight
FNF:1
FNH:1
FNDA:3974,invertHeight
DA:4,3974
DA:6,46
DA:8,3928
LF:3
LH:3
BRDA:3,0,0,1101
BRDA:5,1,0,46
BRDA:5,1,1,3928
BRF:3
BRH:3
end_of_record
TN:
SF:/home/travis/build/MaibornWolff/codecharta/visualization/app/codeCharta/state/store/appSettings/invertHeight/invertHeight.service.ts
FN:13,(anonymous_0)
FN:17,(anonymous_1)
FN:23,(anonymous_2)
FN:27,(anonymous_3)
FN:31,(anonymous_4)
FN:32,(anonymous_5)
FNF:6
FNH:5
FNDA:12,(anonymous_0)
FNDA:1063,(anonymous_1)
FNDA:29,(anonymous_2)
FNDA:29,(anonymous_3)
FNDA:5,(anonymous_4)
FNDA:0,(anonymous_5)
DA:11,93
DA:13,12
DA:14,12
DA:18,1063
DA:19,29
DA:24,29
DA:28,29
DA:32,5
DA:33,0
LF:9
LH:8
BRDA:18,0,0,29
BRDA:18,0,1,1034
BRF:2
BRH:2
end_of_record
TN:
SF:/home/travis/build/MaibornWolff/codecharta/visualization/app/codeCharta/state/store/appSettings/invertHeight/invertHeight.splitter.ts
FN:3,splitInvertHeightAction
FNF:1
FNH:1
FNDA:42,splitInvertHeightAction
DA:4,42
LF:1
LH:1
BRF:0
BRH:0
end_of_record
TN:
SF:/home/travis/build/MaibornWolff/codecharta/visualization/app/codeCharta/state/store/appSettings/isLoadingFile/isLoadingFile.actions.ts
FN:3,(anonymous_0)
FN:14,setIsLoadingFile
FNF:2
FNH:2
FNDA:98,(anonymous_0)
FNDA:1160,setIsLoadingFile
DA:3,98
DA:4,98
DA:15,1160
DA:21,98
LF:4
LH:4
BRDA:3,0,0,98
BRDA:3,0,1,98
BRDA:14,1,0,1102
BRF:3
BRH:3
end_of_record
TN:
SF:/home/travis/build/MaibornWolff/codecharta/visualization/app/codeCharta/state/store/appSettings/isLoadingFile/isLoadingFile.reducer.ts
FN:3,isLoadingFile
FNF:1
FNH:1
FNDA:3974,isLoadingFile
DA:4,3974
DA:6,60
DA:8,3914
LF:3
LH:3
BRDA:3,0,0,1101
BRDA:5,1,0,60
BRDA:5,1,1,3914
BRF:3
BRH:3
end_of_record
TN:
SF:/home/travis/build/MaibornWolff/codecharta/visualization/app/codeCharta/state/store/appSettings/isLoadingFile/isLoadingFile.service.ts
FN:13,(anonymous_0)
FN:17,(anonymous_1)
FN:23,(anonymous_2)
FN:27,(anonymous_3)
FN:31,(anonymous_4)
FN:32,(anonymous_5)
FNF:6
FNH:5
FNDA:12,(anonymous_0)
FNDA:1063,(anonymous_1)
FNDA:39,(anonymous_2)
FNDA:39,(anonymous_3)
FNDA:2,(anonymous_4)
FNDA:0,(anonymous_5)
DA:11,93
DA:13,12
DA:14,12
DA:18,1063
DA:19,39
DA:24,39
DA:28,39
DA:32,2
DA:33,0
LF:9
LH:8
BRDA:18,0,0,39
BRDA:18,0,1,1024
BRF:2
BRH:2
end_of_record
TN:
SF:/home/travis/build/MaibornWolff/codecharta/visualization/app/codeCharta/state/store/appSettings/isLoadingFile/isLoadingFile.splitter.ts
FN:3,splitIsLoadingFileAction
FNF:1
FNH:1
FNDA:42,splitIsLoadingFileAction
DA:4,42
LF:1
LH:1
BRF:0
BRH:0
end_of_record
TN:
SF:/home/travis/build/MaibornWolff/codecharta/visualization/app/codeCharta/state/store/appSettings/isLoadingMap/isLoadingMap.actions.ts
FN:3,(anonymous_0)
FN:14,setIsLoadingMap
FNF:2
FNH:2
FNDA:97,(anonymous_0)
FNDA:1858,setIsLoadingMap
DA:3,97
DA:4,97
DA:15,1858
DA:21,97
LF:4
LH:4
BRDA:3,0,0,97
BRDA:3,0,1,97
BRDA:14,1,0,1102
BRF:3
BRH:3
end_of_record
TN:
SF:/home/travis/build/MaibornWolff/codecharta/visualization/app/codeCharta/state/store/appSettings/isLoadingMap/isLoadingMap.reducer.ts
FN:3,isLoadingMap
FNF:1
FNH:1
FNDA:3974,isLoadingMap
DA:4,3974
DA:6,758
DA:8,3216
LF:3
LH:3
BRDA:3,0,0,1101
BRDA:5,1,0,758
BRDA:5,1,1,3216
BRF:3
BRH:3
end_of_record
TN:
SF:/home/travis/build/MaibornWolff/codecharta/visualization/app/codeCharta/state/store/appSettings/isLoadingMap/isLoadingMap.service.ts
FN:13,(anonymous_0)
FN:17,(anonymous_1)
FN:23,(anonymous_2)
FN:27,(anonymous_3)
FN:31,(anonymous_4)
FN:32,(anonymous_5)
FNF:6
FNH:5
FNDA:12,(anonymous_0)
FNDA:1063,(anonymous_1)
FNDA:170,(anonymous_2)
FNDA:170,(anonymous_3)
FNDA:1,(anonymous_4)
FNDA:0,(anonymous_5)
DA:11,93
DA:13,12
DA:14,12
DA:18,1063
DA:19,170
DA:24,170
DA:28,170
DA:32,1
DA:33,0
LF:9
LH:8
BRDA:18,0,0,170
BRDA:18,0,1,893
BRF:2
BRH:2
end_of_record
TN:
SF:/home/travis/build/MaibornWolff/codecharta/visualization/app/codeCharta/state/store/appSettings/isLoadingMap/isLoadingMap.splitter.ts
FN:3,splitIsLoadingMapAction
FNF:1
FNH:1
FNDA:42,splitIsLoadingMapAction
DA:4,42
LF:1
LH:1
BRF:0
BRH:0
end_of_record
TN:
SF:/home/travis/build/MaibornWolff/codecharta/visualization/app/codeCharta/state/store/appSettings/isPresentationMode/isPresentationMode.actions.ts
FN:3,(anonymous_0)
FN:14,setPresentationMode
FNF:2
FNH:2
FNDA:97,(anonymous_0)
FNDA:1149,setPresentationMode
DA:3,97
DA:4,97
DA:15,1149
DA:21,97
LF:4
LH:4
BRDA:3,0,0,97
BRDA:3,0,1,97
BRDA:14,1,0,1102
BRF:3
BRH:3
end_of_record
TN:
SF:/home/travis/build/MaibornWolff/codecharta/visualization/app/codeCharta/state/store/appSettings/isPresentationMode/isPresentationMode.reducer.ts
FN:3,isPresentationMode
FNF:1
FNH:1
FNDA:3974,isPresentationMode
DA:4,3974
DA:6,49
DA:8,3925
LF:3
LH:3
BRDA:3,0,0,1101
BRDA:5,1,0,49
BRDA:5,1,1,3925
BRF:3
BRH:3
end_of_record
TN:
SF:/home/travis/build/MaibornWolff/codecharta/visualization/app/codeCharta/state/store/appSettings/isPresentationMode/isPresentationMode.service.ts
FN:13,(anonymous_0)
FN:17,(anonymous_1)
FN:23,(anonymous_2)
FN:27,(anonymous_3)
FN:31,(anonymous_4)
FN:32,(anonymous_5)
FNF:6
FNH:5
FNDA:12,(anonymous_0)
FNDA:1063,(anonymous_1)
FNDA:29,(anonymous_2)
FNDA:29,(anonymous_3)
FNDA:1,(anonymous_4)
FNDA:0,(anonymous_5)
DA:11,93
DA:13,12
DA:14,12
DA:18,1063
DA:19,29
DA:24,29
DA:28,29
DA:32,1
DA:33,0
LF:9
LH:8
BRDA:18,0,0,29
BRDA:18,0,1,1034
BRF:2
BRH:2
end_of_record
TN:
SF:/home/travis/build/MaibornWolff/codecharta/visualization/app/codeCharta/state/store/appSettings/isPresentationMode/isPresentationMode.splitter.ts
FN:3,splitIsPresentationModeAction
FNF:1
FNH:1
FNDA:42,splitIsPresentationModeAction
DA:4,42
LF:1
LH:1
BRF:0
BRH:0
end_of_record
TN:
SF:/home/travis/build/MaibornWolff/codecharta/visualization/app/codeCharta/state/store/appSettings/isWhiteBackground/isWhiteBackground.actions.ts
FN:3,(anonymous_0)
FN:14,setIsWhiteBackground
FNF:2
FNH:2
FNDA:97,(anonymous_0)
FNDA:1147,setIsWhiteBackground
DA:3,97
DA:4,97
DA:15,1147
DA:21,97
LF:4
LH:4
BRDA:3,0,0,97
BRDA:3,0,1,97
BRDA:14,1,0,1102
BRF:3
BRH:3
end_of_record
TN:
SF:/home/travis/build/MaibornWolff/codecharta/visualization/app/codeCharta/state/store/appSettings/isWhiteBackground/isWhiteBackground.reducer.ts
FN:3,isWhiteBackground
FNF:1
FNH:1
FNDA:3974,isWhiteBackground
DA:4,3974
DA:6,47
DA:8,3927
LF:3
LH:3
BRDA:3,0,0,1101
BRDA:5,1,0,47
BRDA:5,1,1,3927
BRF:3
BRH:3
end_of_record
TN:
SF:/home/travis/build/MaibornWolff/codecharta/visualization/app/codeCharta/state/store/appSettings/isWhiteBackground/isWhiteBackground.service.ts
FN:13,(anonymous_0)
FN:17,(anonymous_1)
FN:23,(anonymous_2)
FN:27,(anonymous_3)
FN:31,(anonymous_4)
FN:32,(anonymous_5)
FNF:6
FNH:5
FNDA:12,(anonymous_0)
FNDA:1063,(anonymous_1)
FNDA:29,(anonymous_2)
FNDA:29,(anonymous_3)
FNDA:3,(anonymous_4)
FNDA:0,(anonymous_5)
DA:11,93
DA:13,12
DA:14,12
DA:18,1063
DA:19,29
DA:24,29
DA:28,29
DA:32,3
DA:33,0
LF:9
LH:8
BRDA:18,0,0,29
BRDA:18,0,1,1034
BRF:2
BRH:2
end_of_record
TN:
SF:/home/travis/build/MaibornWolff/codecharta/visualization/app/codeCharta/state/store/appSettings/isWhiteBackground/isWhiteBackground.splitter.ts
FN:3,splitIsWhiteBackgroundAction
FNF:1
FNH:1
FNDA:42,splitIsWhiteBackgroundAction
DA:4,42
LF:1
LH:1
BRF:0
BRH:0
end_of_record
TN:
SF:/home/travis/build/MaibornWolff/codecharta/visualization/app/codeCharta/state/store/appSettings/mapColors/mapColors.actions.ts
FN:3,(anonymous_0)
FN:14,setMapColors
FNF:2
FNH:2
FNDA:97,(anonymous_0)
FNDA:1147,setMapColors
DA:3,97
DA:4,97
DA:15,1147
DA:21,97
LF:4
LH:4
BRDA:3,0,0,97
BRDA:3,0,1,97
BRDA:14,1,0,1102
BRF:3
BRH:3
end_of_record
TN:
SF:/home/travis/build/MaibornWolff/codecharta/visualization/app/codeCharta/state/store/appSettings/mapColors/mapColors.reducer.ts
FN:4,mapColors
FNF:1
FNH:1
FNDA:3975,mapColors
DA:5,3975
DA:7,47
DA:9,3928
LF:3
LH:3
BRDA:4,0,0,1101
BRDA:6,1,0,47
BRDA:6,1,1,3928
BRF:3
BRH:3
end_of_record
TN:
SF:/home/travis/build/MaibornWolff/codecharta/visualization/app/codeCharta/state/store/appSettings/mapColors/mapColors.service.ts
FN:14,(anonymous_0)
FN:18,(anonymous_1)
FN:24,(anonymous_2)
FN:28,(anonymous_3)
FN:32,(anonymous_4)
FN:33,(anonymous_5)
FNF:6
FNH:5
FNDA:12,(anonymous_0)
FNDA:1063,(anonymous_1)
FNDA:29,(anonymous_2)
FNDA:29,(anonymous_3)
FNDA:32,(anonymous_4)
FNDA:0,(anonymous_5)
DA:12,93
DA:14,12
DA:15,12
DA:19,1063
DA:20,29
DA:25,29
DA:29,29
DA:33,32
DA:34,0
LF:9
LH:8
BRDA:19,0,0,29
BRDA:19,0,1,1034
BRF:2
BRH:2
end_of_record
TN:
SF:/home/travis/build/MaibornWolff/codecharta/visualization/app/codeCharta/state/store/appSettings/mapColors/mapColors.splitter.ts
FN:4,splitMapColorsAction
FNF:1
FNH:1
FNDA:42,splitMapColorsAction
DA:5,42
LF:1
LH:1
BRF:0
BRH:0
end_of_record
TN:
SF:/home/travis/build/MaibornWolff/codecharta/visualization/app/codeCharta/state/store/appSettings/resetCameraIfNewFileIsLoaded/resetCameraIfNewFileIsLoaded.actions.ts
FN:3,(anonymous_0)
FN:14,setResetCameraIfNewFileIsLoaded
FNF:2
FNH:2
FNDA:97,(anonymous_0)
FNDA:1149,setResetCameraIfNewFileIsLoaded
DA:3,97
DA:4,97
DA:17,1149
DA:23,97
LF:4
LH:4
BRDA:3,0,0,97
BRDA:3,0,1,97
BRDA:15,1,0,1102
BRF:3
BRH:3
end_of_record
TN:
SF:/home/travis/build/MaibornWolff/codecharta/visualization/app/codeCharta/state/store/appSettings/resetCameraIfNewFileIsLoaded/resetCameraIfNewFileIsLoaded.reducer.ts
FN:7,resetCameraIfNewFileIsLoaded
FNF:1
FNH:1
FNDA:3974,resetCameraIfNewFileIsLoaded
DA:11,3974
DA:13,49
DA:15,3925
LF:3
LH:3
BRDA:8,0,0,1101
BRDA:12,1,0,49
BRDA:12,1,1,3925
BRF:3
BRH:3
end_of_record
TN:
SF:/home/travis/build/MaibornWolff/codecharta/visualization/app/codeCharta/state/store/appSettings/resetCameraIfNewFileIsLoaded/resetCameraIfNewFileIsLoaded.service.ts
FN:13,(anonymous_0)
FN:17,(anonymous_1)
FN:23,(anonymous_2)
FN:27,(anonymous_3)
FN:33,(anonymous_4)
FN:34,(anonymous_5)
FNF:6
FNH:5
FNDA:12,(anonymous_0)
FNDA:1063,(anonymous_1)
FNDA:29,(anonymous_2)
FNDA:29,(anonymous_3)
FNDA:5,(anonymous_4)
FNDA:0,(anonymous_5)
DA:11,93
DA:13,12
DA:14,12
DA:18,1063
DA:19,29
DA:24,29
DA:28,29
DA:34,5
DA:35,0
LF:9
LH:8
BRDA:18,0,0,29
BRDA:18,0,1,1034
BRF:2
BRH:2
end_of_record
TN:
SF:/home/travis/build/MaibornWolff/codecharta/visualization/app/codeCharta/state/store/appSettings/resetCameraIfNewFileIsLoaded/resetCameraIfNewFileIsLoaded.splitter.ts
FN:3,splitResetCameraIfNewFileIsLoadedAction
FNF:1
FNH:1
FNDA:42,splitResetCameraIfNewFileIsLoadedAction
DA:4,42
LF:1
LH:1
BRF:0
BRH:0
end_of_record
TN:
SF:/home/travis/build/MaibornWolff/codecharta/visualization/app/codeCharta/state/store/appSettings/scaling/scaling.actions.ts
FN:4,(anonymous_0)
FN:15,setScaling
FNF:2
FNH:2
FNDA:98,(anonymous_0)
FNDA:1154,setScaling
DA:4,98
DA:5,98
DA:16,1154
DA:22,98
LF:4
LH:4
BRDA:4,0,0,98
BRDA:4,0,1,98
BRDA:15,1,0,1102
BRF:3
BRH:3
end_of_record
TN:
SF:/home/travis/build/MaibornWolff/codecharta/visualization/app/codeCharta/state/store/appSettings/scaling/scaling.reducer.ts
FN:4,scaling
FNF:1
FNH:1
FNDA:3974,scaling
DA:5,3974
DA:7,53
DA:9,3921
LF:3
LH:3
BRDA:4,0,0,1101
BRDA:6,1,0,53
BRDA:6,1,1,3921
BRF:3
BRH:3
end_of_record
TN:
SF:/home/travis/build/MaibornWolff/codecharta/visualization/app/codeCharta/state/store/appSettings/scaling/scaling.service.ts
FN:14,(anonymous_0)
FN:18,(anonymous_1)
FN:24,(anonymous_2)
FN:28,(anonymous_3)
FN:32,(anonymous_4)
FN:33,(anonymous_5)
FNF:6
FNH:6
FNDA:12,(anonymous_0)
FNDA:1063,(anonymous_1)
FNDA:29,(anonymous_2)
FNDA:29,(anonymous_3)
FNDA:133,(anonymous_4)
FNDA:28,(anonymous_5)
DA:12,93
DA:14,12
DA:15,12
DA:19,1063
DA:20,29
DA:25,29
DA:29,29
DA:33,133
DA:34,28
LF:9
LH:9
BRDA:19,0,0,29
BRDA:19,0,1,1034
BRF:2
BRH:2
end_of_record
TN:
SF:/home/travis/build/MaibornWolff/codecharta/visualization/app/codeCharta/state/store/appSettings/scaling/scaling.splitter.ts
FN:4,splitScalingAction
FNF:1
FNH:1
FNDA:44,splitScalingAction
DA:5,44
LF:1
LH:1
BRF:0
BRH:0
end_of_record
TN:
SF:/home/travis/build/MaibornWolff/codecharta/visualization/app/codeCharta/state/store/appSettings/searchPanelMode/searchPanelMode.actions.ts
FN:4,(anonymous_0)
FN:15,setSearchPanelMode
FNF:2
FNH:2
FNDA:97,(anonymous_0)
FNDA:1149,setSearchPanelMode
DA:4,97
DA:5,97
DA:16,1149
DA:22,97
LF:4
LH:4
BRDA:4,0,0,97
BRDA:4,0,1,97
BRDA:15,1,0,1102
BRF:3
BRH:3
end_of_record
TN:
SF:/home/travis/build/MaibornWolff/codecharta/visualization/app/codeCharta/state/store/appSettings/searchPanelMode/searchPanelMode.reducer.ts
FN:4,searchPanelMode
FNF:1
FNH:1
FNDA:3974,searchPanelMode
DA:5,3974
DA:7,49
DA:9,3925
LF:3
LH:3
BRDA:4,0,0,1101
BRDA:6,1,0,49
BRDA:6,1,1,3925
BRF:3
BRH:3
end_of_record
TN:
SF:/home/travis/build/MaibornWolff/codecharta/visualization/app/codeCharta/state/store/appSettings/searchPanelMode/searchPanelMode.service.ts
FN:14,(anonymous_0)
FN:18,(anonymous_1)
FN:24,(anonymous_2)
FN:28,(anonymous_3)
FN:32,(anonymous_4)
FN:33,(anonymous_5)
FNF:6
FNH:5
FNDA:12,(anonymous_0)
FNDA:1063,(anonymous_1)
FNDA:29,(anonymous_2)
FNDA:29,(anonymous_3)
FNDA:11,(anonymous_4)
FNDA:0,(anonymous_5)
DA:12,93
DA:14,12
DA:15,12
DA:19,1063
DA:20,29
DA:25,29
DA:29,29
DA:33,11
DA:34,0
LF:9
LH:8
BRDA:19,0,0,29
BRDA:19,0,1,1034
BRF:2
BRH:2
end_of_record
TN:
SF:/home/travis/build/MaibornWolff/codecharta/visualization/app/codeCharta/state/store/appSettings/searchPanelMode/searchPanelMode.splitter.ts
FN:4,splitSearchPanelModeAction
FNF:1
FNH:1
FNDA:42,splitSearchPanelModeAction
DA:5,42
LF:1
LH:1
BRF:0
BRH:0
end_of_record
TN:
SF:/home/travis/build/MaibornWolff/codecharta/visualization/app/codeCharta/state/store/appSettings/showOnlyBuildingsWithEdges/showOnlyBuildingsWithEdges.actions.ts
FN:3,(anonymous_0)
FN:14,setShowOnlyBuildingsWithEdges
FNF:2
FNH:2
FNDA:97,(anonymous_0)
FNDA:1150,setShowOnlyBuildingsWithEdges
DA:3,97
DA:4,97
DA:17,1150
DA:23,97
LF:4
LH:4
BRDA:3,0,0,97
BRDA:3,0,1,97
BRDA:15,1,0,1102
BRF:3
BRH:3
end_of_record
TN:
SF:/home/travis/build/MaibornWolff/codecharta/visualization/app/codeCharta/state/store/appSettings/showOnlyBuildingsWithEdges/showOnlyBuildingsWithEdges.reducer.ts
FN:7,showOnlyBuildingsWithEdges
FNF:1
FNH:1
FNDA:3974,showOnlyBuildingsWithEdges
DA:11,3974
DA:13,50
DA:15,3924
LF:3
LH:3
BRDA:8,0,0,1101
BRDA:12,1,0,50
BRDA:12,1,1,3924
BRF:3
BRH:3
end_of_record
TN:
SF:/home/travis/build/MaibornWolff/codecharta/visualization/app/codeCharta/state/store/appSettings/showOnlyBuildingsWithEdges/showOnlyBuildingsWithEdges.service.ts
FN:13,(anonymous_0)
FN:17,(anonymous_1)
FN:23,(anonymous_2)
FN:27,(anonymous_3)
FN:33,(anonymous_4)
FN:34,(anonymous_5)
FNF:6
FNH:5
FNDA:12,(anonymous_0)
FNDA:1063,(anonymous_1)
FNDA:29,(anonymous_2)
FNDA:29,(anonymous_3)
FNDA:5,(anonymous_4)
FNDA:0,(anonymous_5)
DA:11,93
DA:13,12
DA:14,12
DA:18,1063
DA:19,29
DA:24,29
DA:28,29
DA:34,5
DA:35,0
LF:9
LH:8
BRDA:18,0,0,29
BRDA:18,0,1,1034
BRF:2
BRH:2
end_of_record
TN:
SF:/home/travis/build/MaibornWolff/codecharta/visualization/app/codeCharta/state/store/appSettings/showOnlyBuildingsWithEdges/showOnlyBuildingsWithEdges.splitter.ts
FN:3,splitShowOnlyBuildingsWithEdgesAction
FNF:1
FNH:1
FNDA:42,splitShowOnlyBuildingsWithEdgesAction
DA:4,42
LF:1
LH:1
BRF:0
BRH:0
end_of_record
TN:
SF:/home/travis/build/MaibornWolff/codecharta/visualization/app/codeCharta/state/store/appSettings/sortingOrderAscending/sortingOrderAscending.actions.ts
FN:3,(anonymous_0)
FN:14,setSortingOrderAscending
FNF:2
FNH:2
FNDA:97,(anonymous_0)
FNDA:1146,setSortingOrderAscending
DA:3,97
DA:4,97
DA:15,1146
DA:21,97
LF:4
LH:4
BRDA:3,0,0,97
BRDA:3,0,1,97
BRDA:14,1,0,1102
BRF:3
BRH:3
end_of_record
TN:
SF:/home/travis/build/MaibornWolff/codecharta/visualization/app/codeCharta/state/store/appSettings/sortingOrderAscending/sortingOrderAscending.reducer.ts
FN:3,sortingOrderAscending
FNF:1
FNH:1
FNDA:3974,sortingOrderAscending
DA:4,3974
DA:6,46
DA:8,3928
LF:3
LH:3
BRDA:3,0,0,1101
BRDA:5,1,0,46
BRDA:5,1,1,3928
BRF:3
BRH:3
end_of_record
TN:
SF:/home/travis/build/MaibornWolff/codecharta/visualization/app/codeCharta/state/store/appSettings/sortingOrderAscending/sortingOrderAscending.service.ts
FN:14,(anonymous_0)
FN:18,(anonymous_1)
FN:24,(anonymous_2)
FN:28,(anonymous_3)
FN:32,(anonymous_4)
FN:33,(anonymous_5)
FNF:6
FNH:5
FNDA:12,(anonymous_0)
FNDA:1063,(anonymous_1)
FNDA:29,(anonymous_2)
FNDA:29,(anonymous_3)
FNDA:6,(anonymous_4)
FNDA:0,(anonymous_5)
DA:12,93
DA:14,12
DA:15,12
DA:19,1063
DA:20,29
DA:25,29
DA:29,29
DA:33,6
DA:34,0
LF:9
LH:8
BRDA:19,0,0,29
BRDA:19,0,1,1034
BRF:2
BRH:2
end_of_record
TN:
SF:/home/travis/build/MaibornWolff/codecharta/visualization/app/codeCharta/state/store/appSettings/sortingOrderAscending/sortingOrderAscending.splitter.ts
FN:3,splitSortingOrderAscendingAction
FNF:1
FNH:1
FNDA:42,splitSortingOrderAscendingAction
DA:4,42
LF:1
LH:1
BRF:0
BRH:0
end_of_record
TN:
SF:/home/travis/build/MaibornWolff/codecharta/visualization/app/codeCharta/state/store/appSettings/whiteColorBuildings/whiteColorBuildings.actions.ts
FN:3,(anonymous_0)
FN:14,setWhiteColorBuildings
FNF:2
FNH:2
FNDA:97,(anonymous_0)
FNDA:1147,setWhiteColorBuildings
DA:3,97
DA:4,97
DA:15,1147
DA:21,97
LF:4
LH:4
BRDA:3,0,0,97
BRDA:3,0,1,97
BRDA:14,1,0,1102
BRF:3
BRH:3
end_of_record
TN:
SF:/home/travis/build/MaibornWolff/codecharta/visualization/app/codeCharta/state/store/appSettings/whiteColorBuildings/whiteColorBuildings.reducer.ts
FN:3,whiteColorBuildings
FNF:1
FNH:1
FNDA:3974,whiteColorBuildings
DA:4,3974
DA:6,47
DA:8,3927
LF:3
LH:3
BRDA:3,0,0,1101
BRDA:5,1,0,47
BRDA:5,1,1,3927
BRF:3
BRH:3
end_of_record
TN:
SF:/home/travis/build/MaibornWolff/codecharta/visualization/app/codeCharta/state/store/appSettings/whiteColorBuildings/whiteColorBuildings.service.ts
FN:13,(anonymous_0)
FN:17,(anonymous_1)
FN:23,(anonymous_2)
FN:27,(anonymous_3)
FN:31,(anonymous_4)
FN:32,(anonymous_5)
FNF:6
FNH:5
FNDA:12,(anonymous_0)
FNDA:1063,(anonymous_1)
FNDA:29,(anonymous_2)
FNDA:29,(anonymous_3)
FNDA:21,(anonymous_4)
FNDA:0,(anonymous_5)
DA:11,93
DA:13,12
DA:14,12
DA:18,1063
DA:19,29
DA:24,29
DA:28,29
DA:32,21
DA:33,0
LF:9
LH:8
BRDA:18,0,0,29
BRDA:18,0,1,1034
BRF:2
BRH:2
end_of_record
TN:
SF:/home/travis/build/MaibornWolff/codecharta/visualization/app/codeCharta/state/store/appSettings/whiteColorBuildings/whiteColorBuildings.splitter.ts
FN:3,splitWhiteColorBuildingsAction
FNF:1
FNH:1
FNDA:42,splitWhiteColorBuildingsAction
DA:4,42
LF:1
LH:1
BRF:0
BRH:0
end_of_record
TN:
SF:/home/travis/build/MaibornWolff/codecharta/visualization/app/codeCharta/state/store/dynamicSettings/dynamicSettings.actions.ts
FN:16,(anonymous_0)
FN:27,setDynamicSettings
FNF:2
FNH:2
FNDA:94,(anonymous_0)
FNDA:13,setDynamicSettings
DA:16,94
DA:17,94
DA:28,13
DA:34,94
LF:4
LH:4
BRDA:16,0,0,94
BRDA:16,0,1,94
BRDA:27,1,0,0
BRF:3
BRH:2
end_of_record
TN:
SF:/home/travis/build/MaibornWolff/codecharta/visualization/app/codeCharta/state/store/dynamicSettings/dynamicSettings.reducer.ts
FNF:0
FNH:0
DA:15,95
LF:1
LH:1
BRF:0
BRH:0
end_of_record
TN:
SF:/home/travis/build/MaibornWolff/codecharta/visualization/app/codeCharta/state/store/dynamicSettings/dynamicSettings.splitter.ts
FN:16,splitDynamicSettingsActions
FNF:1
FNH:1
FNDA:45,splitDynamicSettingsActions
DA:17,45
DA:20,45
DA:21,39
DA:24,45
DA:25,39
DA:28,45
DA:29,39
DA:32,45
DA:33,39
DA:36,45
DA:37,39
DA:40,45
DA:41,39
DA:44,45
DA:45,41
DA:48,45
DA:49,43
DA:52,45
DA:53,39
DA:56,45
DA:57,42
DA:60,45
DA:61,43
DA:64,45
LF:24
LH:24
BRDA:20,0,0,39
BRDA:20,0,1,6
BRDA:24,1,0,39
BRDA:24,1,1,6
BRDA:28,2,0,39
BRDA:28,2,1,6
BRDA:32,3,0,39
BRDA:32,3,1,6
BRDA:36,4,0,39
BRDA:36,4,1,6
BRDA:40,5,0,39
BRDA:40,5,1,6
BRDA:44,6,0,41
BRDA:44,6,1,4
BRDA:48,7,0,43
BRDA:48,7,1,2
BRDA:52,8,0,39
BRDA:52,8,1,6
BRDA:56,9,0,42
BRDA:56,9,1,3
BRDA:60,10,0,43
BRDA:60,10,1,2
BRF:22
BRH:22
end_of_record
TN:
SF:/home/travis/build/MaibornWolff/codecharta/visualization/app/codeCharta/state/store/dynamicSettings/areaMetric/areaMetric.actions.ts
FN:3,(anonymous_0)
FN:14,setAreaMetric
FNF:2
FNH:2
FNDA:97,(anonymous_0)
FNDA:1166,setAreaMetric
DA:3,97
DA:4,97
DA:15,1166
DA:21,97
LF:4
LH:4
BRDA:3,0,0,97
BRDA:3,0,1,97
BRDA:14,1,0,1102
BRF:3
BRH:3
end_of_record
TN:
SF:/home/travis/build/MaibornWolff/codecharta/visualization/app/codeCharta/state/store/dynamicSettings/areaMetric/areaMetric.reducer.ts
FN:3,areaMetric
FNF:1
FNH:1
FNDA:3974,areaMetric
DA:4,3974
DA:6,64
DA:8,3910
LF:3
LH:3
BRDA:3,0,0,1101
BRDA:5,1,0,64
BRDA:5,1,1,3910
BRF:3
BRH:3
end_of_record
TN:
SF:/home/travis/build/MaibornWolff/codecharta/visualization/app/codeCharta/state/store/dynamicSettings/areaMetric/areaMetric.service.ts
FN:16,(anonymous_0)
FN:21,(anonymous_1)
FN:27,(anonymous_2)
FN:33,(anonymous_3)
FN:42,(anonymous_4)
FN:46,(anonymous_5)
FN:50,(anonymous_6)
FN:51,(anonymous_7)
FNF:8
FNH:8
FNDA:17,(anonymous_0)
FNDA:1063,(anonymous_1)
FNDA:17,(anonymous_2)
FNDA:16,(anonymous_3)
FNDA:29,(anonymous_4)
FNDA:29,(anonymous_5)
FNDA:17,(anonymous_6)
FNDA:28,(anonymous_7)
DA:14,93
DA:16,17
DA:17,17
DA:18,17
DA:22,1063
DA:23,29
DA:28,17
DA:29,16
DA:34,16
DA:36,16
DA:37,15
DA:38,15
DA:43,29
DA:47,29
DA:51,17
DA:52,28
LF:16
LH:16
BRDA:22,0,0,29
BRDA:22,0,1,1034
BRDA:28,1,0,16
BRDA:28,1,1,1
BRDA:36,2,0,15
BRDA:36,2,1,1
BRF:6
BRH:6
end_of_record
TN:
SF:/home/travis/build/MaibornWolff/codecharta/visualization/app/codeCharta/state/store/dynamicSettings/areaMetric/areaMetric.splitter.ts
FN:3,splitAreaMetricAction
FNF:1
FNH:1
FNDA:43,splitAreaMetricAction
DA:4,43
LF:1
LH:1
BRF:0
BRH:0
end_of_record
TN:
SF:/home/travis/build/MaibornWolff/codecharta/visualization/app/codeCharta/state/store/dynamicSettings/colorMetric/colorMetric.actions.ts
FN:3,(anonymous_0)
FN:14,setColorMetric
FNF:2
FNH:2
FNDA:97,(anonymous_0)
FNDA:1163,setColorMetric
DA:3,97
DA:4,97
DA:15,1163
DA:21,97
LF:4
LH:4
BRDA:3,0,0,97
BRDA:3,0,1,97
BRDA:14,1,0,1102
BRF:3
BRH:3
end_of_record
TN:
SF:/home/travis/build/MaibornWolff/codecharta/visualization/app/codeCharta/state/store/dynamicSettings/colorMetric/colorMetric.reducer.ts
FN:3,colorMetric
FNF:1
FNH:1
FNDA:3974,colorMetric
DA:4,3974
DA:6,62
DA:8,3912
LF:3
LH:3
BRDA:3,0,0,1101
BRDA:5,1,0,62
BRDA:5,1,1,3912
BRF:3
BRH:3
end_of_record
TN:
SF:/home/travis/build/MaibornWolff/codecharta/visualization/app/codeCharta/state/store/dynamicSettings/colorMetric/colorMetric.service.ts
FN:16,(anonymous_0)
FN:21,(anonymous_1)
FN:27,(anonymous_2)
FN:33,(anonymous_3)
FN:42,(anonymous_4)
FN:46,(anonymous_5)
FN:50,(anonymous_6)
FN:51,(anonymous_7)
FNF:8
FNH:8
FNDA:18,(anonymous_0)
FNDA:1063,(anonymous_1)
FNDA:18,(anonymous_2)
FNDA:17,(anonymous_3)
FNDA:29,(anonymous_4)
FNDA:29,(anonymous_5)
FNDA:30,(anonymous_6)
FNDA:28,(anonymous_7)
DA:14,93
DA:16,18
DA:17,18
DA:18,18
DA:22,1063
DA:23,29
DA:28,18
DA:29,17
DA:34,17
DA:36,17
DA:37,16
DA:38,16
DA:43,29
DA:47,29
DA:51,30
DA:52,28
LF:16
LH:16
BRDA:22,0,0,29
BRDA:22,0,1,1034
BRDA:28,1,0,17
BRDA:28,1,1,1
BRDA:36,2,0,16
BRDA:36,2,1,1
BRF:6
BRH:6
end_of_record
TN:
SF:/home/travis/build/MaibornWolff/codecharta/visualization/app/codeCharta/state/store/dynamicSettings/colorMetric/colorMetric.splitter.ts
FN:3,splitColorMetricAction
FNF:1
FNH:1
FNDA:42,splitColorMetricAction
DA:4,42
LF:1
LH:1
BRF:0
BRH:0
end_of_record
TN:
SF:/home/travis/build/MaibornWolff/codecharta/visualization/app/codeCharta/state/store/dynamicSettings/colorRange/colorRange.actions.ts
FN:3,(anonymous_0)
FN:14,setColorRange
FNF:2
FNH:2
FNDA:97,(anonymous_0)
FNDA:1171,setColorRange
DA:3,97
DA:4,97
DA:15,1171
DA:21,97
LF:4
LH:4
BRDA:3,0,0,97
BRDA:3,0,1,97
BRDA:14,1,0,1102
BRF:3
BRH:3
end_of_record
TN:
SF:/home/travis/build/MaibornWolff/codecharta/visualization/app/codeCharta/state/store/dynamicSettings/colorRange/colorRange.reducer.ts
FN:5,colorRange
FNF:1
FNH:1
FNDA:3974,colorRange
DA:3,96
DA:6,3974
DA:8,71
DA:10,3903
LF:4
LH:4
BRDA:5,0,0,1101
BRDA:7,1,0,71
BRDA:7,1,1,3903
BRF:3
BRH:3
end_of_record
TN:
SF:/home/travis/build/MaibornWolff/codecharta/visualization/app/codeCharta/state/store/dynamicSettings/colorRange/colorRange.reset.ts
FN:3,getResetColorRange
FNF:1
FNH:1
FNDA:29,getResetColorRange
DA:4,29
DA:5,29
DA:6,29
LF:3
LH:3
BRF:0
BRH:0
end_of_record
TN:
SF:/home/travis/build/MaibornWolff/codecharta/visualization/app/codeCharta/state/store/dynamicSettings/colorRange/colorRange.service.ts
FN:19,(anonymous_0)
FN:25,(anonymous_1)
FN:32,(anonymous_2)
FN:36,(anonymous_3)
FN:40,(anonymous_4)
FN:49,(anonymous_5)
FN:57,(anonymous_6)
FN:61,(anonymous_7)
FN:65,(anonymous_8)
FN:66,(anonymous_9)
FNF:10
FNH:9
FNDA:15,(anonymous_0)
FNDA:1063,(anonymous_1)
FNDA:28,(anonymous_2)
FNDA:1,(anonymous_3)
FNDA:43,(anonymous_4)
FNDA:29,(anonymous_5)
FNDA:43,(anonymous_6)
FNDA:43,(anonymous_7)
FNDA:4,(anonymous_8)
FNDA:0,(anonymous_9)
DA:17,93
DA:19,15
DA:20,15
DA:21,15
DA:22,15
DA:26,1063
DA:27,43
DA:28,43
DA:33,28
DA:37,1
DA:41,43
DA:42,43
DA:43,43
DA:44,43
DA:45,0
DA:50,29
DA:51,29
DA:53,29
DA:54,29
DA:58,43
DA:62,43
DA:66,4
DA:67,0
LF:23
LH:21
BRDA:26,0,0,43
BRDA:26,0,1,1020
BRDA:44,1,0,0
BRDA:44,1,1,43
BRDA:44,2,0,43
BRDA:44,2,1,14
BRDA:44,2,2,14
BRF:7
BRH:6
end_of_record
TN:
SF:/home/travis/build/MaibornWolff/codecharta/visualization/app/codeCharta/state/store/dynamicSettings/colorRange/colorRange.splitter.ts
FN:4,splitColorRangeAction
FNF:1
FNH:1
FNDA:39,splitColorRangeAction
DA:5,39
LF:1
LH:1
BRF:0
BRH:0
end_of_record
TN:
SF:/home/travis/build/MaibornWolff/codecharta/visualization/app/codeCharta/state/store/dynamicSettings/distributionMetric/distributionMetric.actions.ts
FN:3,(anonymous_0)
FN:14,setDistributionMetric
FNF:2
FNH:2
FNDA:97,(anonymous_0)
FNDA:1161,setDistributionMetric
DA:3,97
DA:4,97
DA:15,1161
DA:21,97
LF:4
LH:4
BRDA:3,0,0,97
BRDA:3,0,1,97
BRDA:14,1,0,1102
BRF:3
BRH:3
end_of_record
TN:
SF:/home/travis/build/MaibornWolff/codecharta/visualization/app/codeCharta/state/store/dynamicSettings/distributionMetric/distributionMetric.reducer.ts
FN:3,distributionMetric
FNF:1
FNH:1
FNDA:3974,distributionMetric
DA:4,3974
DA:6,61
DA:8,3913
LF:3
LH:3
BRDA:3,0,0,1101
BRDA:5,1,0,61
BRDA:5,1,1,3913
BRF:3
BRH:3
end_of_record
TN:
SF:/home/travis/build/MaibornWolff/codecharta/visualization/app/codeCharta/state/store/dynamicSettings/distributionMetric/distributionMetric.service.ts
FN:16,(anonymous_0)
FN:21,(anonymous_1)
FN:27,(anonymous_2)
FN:33,(anonymous_3)
FN:42,(anonymous_4)
FN:46,(anonymous_5)
FN:50,(anonymous_6)
FN:51,(anonymous_7)
FNF:8
FNH:7
FNDA:17,(anonymous_0)
FNDA:1063,(anonymous_1)
FNDA:17,(anonymous_2)
FNDA:16,(anonymous_3)
FNDA:29,(anonymous_4)
FNDA:29,(anonymous_5)
FNDA:7,(anonymous_6)
FNDA:0,(anonymous_7)
DA:14,93
DA:16,17
DA:17,17
DA:18,17
DA:22,1063
DA:23,29
DA:28,17
DA:29,16
DA:34,16
DA:36,16
DA:37,15
DA:38,15
DA:43,29
DA:47,29
DA:51,7
DA:52,0
LF:16
LH:15
BRDA:22,0,0,29
BRDA:22,0,1,1034
BRDA:28,1,0,16
BRDA:28,1,1,1
BRDA:36,2,0,15
BRDA:36,2,1,1
BRF:6
BRH:6
end_of_record
TN:
SF:/home/travis/build/MaibornWolff/codecharta/visualization/app/codeCharta/state/store/dynamicSettings/distributionMetric/distributionMetric.splitter.ts
FN:3,splitDistributionMetricAction
FNF:1
FNH:1
FNDA:39,splitDistributionMetricAction
DA:4,39
LF:1
LH:1
BRF:0
BRH:0
end_of_record
TN:
SF:/home/travis/build/MaibornWolff/codecharta/visualization/app/codeCharta/state/store/dynamicSettings/edgeMetric/edgeMetric.actions.ts
FN:3,(anonymous_0)
FN:14,setEdgeMetric
FNF:2
FNH:2
FNDA:97,(anonymous_0)
FNDA:1160,setEdgeMetric
DA:3,97
DA:4,97
DA:15,1160
DA:21,97
LF:4
LH:4
BRDA:3,0,0,97
BRDA:3,0,1,97
BRDA:14,1,0,1102
BRF:3
BRH:3
end_of_record
TN:
SF:/home/travis/build/MaibornWolff/codecharta/visualization/app/codeCharta/state/store/dynamicSettings/edgeMetric/edgeMetric.reducer.ts
FN:3,edgeMetric
FNF:1
FNH:1
FNDA:3974,edgeMetric
DA:4,3974
DA:6,60
DA:8,3914
LF:3
LH:3
BRDA:3,0,0,1101
BRDA:5,1,0,60
BRDA:5,1,1,3914
BRF:3
BRH:3
end_of_record
TN:
SF:/home/travis/build/MaibornWolff/codecharta/visualization/app/codeCharta/state/store/dynamicSettings/edgeMetric/edgeMetric.service.ts
FN:15,(anonymous_0)
FN:20,(anonymous_1)
FN:26,(anonymous_2)
FN:27,(anonymous_3)
FN:32,(anonymous_4)
FN:36,(anonymous_5)
FN:40,(anonymous_6)
FN:44,(anonymous_7)
FN:45,(anonymous_8)
FNF:9
FNH:8
FNDA:16,(anonymous_0)
FNDA:1063,(anonymous_1)
FNDA:16,(anonymous_2)
FNDA:18,(anonymous_3)
FNDA:15,(anonymous_4)
FNDA:29,(anonymous_5)
FNDA:29,(anonymous_6)
FNDA:23,(anonymous_7)
FNDA:0,(anonymous_8)
DA:13,93
DA:15,16
DA:16,16
DA:17,16
DA:21,1063
DA:22,29
DA:27,18
DA:28,15
DA:33,15
DA:37,29
DA:41,29
DA:45,23
DA:46,0
LF:13
LH:12
BRDA:21,0,0,29
BRDA:21,0,1,1034
BRDA:27,1,0,15
BRDA:27,1,1,1
BRF:4
BRH:4
end_of_record
TN:
SF:/home/travis/build/MaibornWolff/codecharta/visualization/app/codeCharta/state/store/dynamicSettings/edgeMetric/edgeMetric.splitter.ts
FN:3,splitEdgeMetricAction
FNF:1
FNH:1
FNDA:39,splitEdgeMetricAction
DA:4,39
LF:1
LH:1
BRF:0
BRH:0
end_of_record
TN:
SF:/home/travis/build/MaibornWolff/codecharta/visualization/app/codeCharta/state/store/dynamicSettings/focusedNodePath/focusedNodePath.actions.ts
FN:3,(anonymous_0)
FN:20,focusNode
FN:27,unfocusNode
FNF:3
FNH:3
FNDA:97,(anonymous_0)
FNDA:1150,focusNode
FNDA:5,unfocusNode
DA:3,97
DA:4,97
DA:5,97
DA:21,1150
DA:28,5
DA:34,97
LF:6
LH:6
BRDA:3,0,0,97
BRDA:3,0,1,97
BRDA:20,1,0,1103
BRF:3
BRH:3
end_of_record
TN:
SF:/home/travis/build/MaibornWolff/codecharta/visualization/app/codeCharta/state/store/dynamicSettings/focusedNodePath/focusedNodePath.reducer.ts
FN:4,focusedNodePath
FNF:1
FNH:1
FNDA:3976,focusedNodePath
DA:5,3976
DA:7,48
DA:9,6
DA:11,3922
LF:4
LH:4
BRDA:4,0,0,1101
BRDA:6,1,0,48
BRDA:6,1,1,6
BRDA:6,1,2,3922
BRDA:7,2,0,1
BRDA:7,2,1,47
BRF:6
BRH:6
end_of_record
TN:
SF:/home/travis/build/MaibornWolff/codecharta/visualization/app/codeCharta/state/store/dynamicSettings/focusedNodePath/focusedNodePath.service.ts
FN:19,(anonymous_0)
FN:24,(anonymous_1)
FN:32,(anonymous_2)
FN:38,(anonymous_3)
FN:42,(anonymous_4)
FN:46,(anonymous_5)
FN:50,(anonymous_6)
FN:54,(anonymous_7)
FN:55,(anonymous_8)
FN:60,(anonymous_9)
FN:61,(anonymous_10)
FNF:11
FNH:9
FNDA:16,(anonymous_0)
FNDA:1064,(anonymous_1)
FNDA:1,(anonymous_2)
FNDA:1,(anonymous_3)
FNDA:15,(anonymous_4)
FNDA:15,(anonymous_5)
FNDA:1,(anonymous_6)
FNDA:32,(anonymous_7)
FNDA:0,(anonymous_8)
FNDA:38,(anonymous_9)
FNDA:0,(anonymous_10)
DA:16,93
DA:17,93
DA:19,16
DA:20,16
DA:21,16
DA:25,1064
DA:26,15
DA:27,1049
DA:28,1
DA:33,1
DA:34,1
DA:39,1
DA:43,15
DA:47,15
DA:51,1
DA:55,32
DA:56,0
DA:61,38
DA:62,0
LF:19
LH:17
BRDA:25,0,0,15
BRDA:25,0,1,1049
BRDA:27,1,0,1
BRDA:27,1,1,1048
BRDA:33,2,0,1
BRDA:33,2,1,0
BRF:6
BRH:5
end_of_record
TN:
SF:/home/travis/build/MaibornWolff/codecharta/visualization/app/codeCharta/state/store/dynamicSettings/focusedNodePath/focusedNodePath.splitter.ts
FN:3,splitFocusedNodePathAction
FNF:1
FNH:1
FNDA:41,splitFocusedNodePathAction
DA:4,41
DA:5,1
DA:7,40
LF:3
LH:3
BRDA:4,0,0,1
BRDA:4,0,1,40
BRF:2
BRH:2
end_of_record
TN:
SF:/home/travis/build/MaibornWolff/codecharta/visualization/app/codeCharta/state/store/dynamicSettings/heightMetric/heightMetric.actions.ts
FN:3,(anonymous_0)
FN:14,setHeightMetric
FNF:2
FNH:2
FNDA:97,(anonymous_0)
FNDA:1168,setHeightMetric
DA:3,97
DA:4,97
DA:15,1168
DA:21,97
LF:4
LH:4
BRDA:3,0,0,97
BRDA:3,0,1,97
BRDA:14,1,0,1102
BRF:3
BRH:3
end_of_record
TN:
SF:/home/travis/build/MaibornWolff/codecharta/visualization/app/codeCharta/state/store/dynamicSettings/heightMetric/heightMetric.reducer.ts
FN:3,heightMetric
FNF:1
FNH:1
FNDA:3974,heightMetric
DA:4,3974
DA:6,66
DA:8,3908
LF:3
LH:3
BRDA:3,0,0,1101
BRDA:5,1,0,66
BRDA:5,1,1,3908
BRF:3
BRH:3
end_of_record
TN:
SF:/home/travis/build/MaibornWolff/codecharta/visualization/app/codeCharta/state/store/dynamicSettings/heightMetric/heightMetric.service.ts
FN:16,(anonymous_0)
FN:21,(anonymous_1)
FN:27,(anonymous_2)
FN:33,(anonymous_3)
FN:42,(anonymous_4)
FN:46,(anonymous_5)
FN:50,(anonymous_6)
FN:51,(anonymous_7)
FNF:8
FNH:7
FNDA:18,(anonymous_0)
FNDA:1063,(anonymous_1)
FNDA:18,(anonymous_2)
FNDA:17,(anonymous_3)
FNDA:29,(anonymous_4)
FNDA:29,(anonymous_5)
FNDA:10,(anonymous_6)
FNDA:0,(anonymous_7)
DA:14,93
DA:16,18
DA:17,18
DA:18,18
DA:22,1063
DA:23,29
DA:28,18
DA:29,17
DA:34,17
DA:36,17
DA:37,16
DA:38,16
DA:43,29
DA:47,29
DA:51,10
DA:52,0
LF:16
LH:15
BRDA:22,0,0,29
BRDA:22,0,1,1034
BRDA:28,1,0,17
BRDA:28,1,1,1
BRDA:36,2,0,16
BRDA:36,2,1,1
BRF:6
BRH:6
end_of_record
TN:
SF:/home/travis/build/MaibornWolff/codecharta/visualization/app/codeCharta/state/store/dynamicSettings/heightMetric/heightMetric.splitter.ts
FN:3,splitHeightMetricAction
FNF:1
FNH:1
FNDA:43,splitHeightMetricAction
DA:4,43
LF:1
LH:1
BRF:0
BRH:0
end_of_record
TN:
SF:/home/travis/build/MaibornWolff/codecharta/visualization/app/codeCharta/state/store/dynamicSettings/margin/margin.actions.ts
FN:3,(anonymous_0)
FN:14,setMargin
FNF:2
FNH:2
FNDA:97,(anonymous_0)
FNDA:1148,setMargin
DA:3,97
DA:4,97
DA:15,1148
DA:21,97
LF:4
LH:4
BRDA:3,0,0,97
BRDA:3,0,1,97
BRDA:14,1,0,1102
BRF:3
BRH:3
end_of_record
TN:
SF:/home/travis/build/MaibornWolff/codecharta/visualization/app/codeCharta/state/store/dynamicSettings/margin/margin.reducer.ts
FN:3,margin
FNF:1
FNH:1
FNDA:3974,margin
DA:4,3974
DA:6,47
DA:8,3927
LF:3
LH:3
BRDA:3,0,0,1101
BRDA:5,1,0,47
BRDA:5,1,1,3927
BRF:3
BRH:3
end_of_record
TN:
SF:/home/travis/build/MaibornWolff/codecharta/visualization/app/codeCharta/state/store/dynamicSettings/margin/margin.reset.ts
FN:8,getResetMargin
FN:14,calculateMargin
FN:19,(anonymous_2)
FNF:3
FNH:3
FNDA:60,getResetMargin
FNDA:3,calculateMargin
FNDA:12,(anonymous_2)
DA:4,93
DA:5,93
DA:6,93
DA:9,60
DA:10,3
DA:15,3
DA:16,3
DA:17,3
DA:19,3
DA:20,12
DA:21,12
DA:22,9
DA:26,3
DA:27,3
LF:14
LH:14
BRDA:9,0,0,3
BRDA:9,0,1,57
BRDA:9,1,0,60
BRDA:9,1,1,59
BRDA:21,2,0,9
BRDA:21,2,1,3
BRDA:21,3,0,12
BRDA:21,3,1,12
BRF:8
BRH:8
end_of_record
TN:
SF:/home/travis/build/MaibornWolff/codecharta/visualization/app/codeCharta/state/store/dynamicSettings/margin/margin.service.ts
FN:18,(anonymous_0)
FN:28,(anonymous_1)
FN:34,(anonymous_2)
FN:38,(anonymous_3)
FN:42,(anonymous_4)
FN:55,(anonymous_5)
FN:59,(anonymous_6)
FN:63,(anonymous_7)
FN:64,(anonymous_8)
FNF:9
FNH:8
FNDA:20,(anonymous_0)
FNDA:1063,(anonymous_1)
FNDA:28,(anonymous_2)
FNDA:28,(anonymous_3)
FNDA:60,(anonymous_4)
FNDA:15,(anonymous_5)
FNDA:15,(anonymous_6)
FNDA:3,(anonymous_7)
FNDA:0,(anonymous_8)
DA:16,93
DA:19,20
DA:20,20
DA:21,20
DA:23,20
DA:24,20
DA:25,20
DA:29,1063
DA:30,15
DA:35,28
DA:39,28
DA:43,60
DA:44,60
DA:45,60
DA:46,60
DA:48,60
DA:50,60
DA:51,2
DA:56,15
DA:60,15
DA:64,3
DA:65,0
LF:22
LH:21
BRDA:29,0,0,15
BRDA:29,0,1,1048
BRDA:50,1,0,2
BRDA:50,1,1,58
BRDA:50,2,0,60
BRDA:50,2,1,3
BRF:6
BRH:6
end_of_record
TN:
SF:/home/travis/build/MaibornWolff/codecharta/visualization/app/codeCharta/state/store/dynamicSettings/margin/margin.splitter.ts
FN:3,splitMarginAction
FNF:1
FNH:1
FNDA:39,splitMarginAction
DA:4,39
LF:1
LH:1
BRF:0
BRH:0
end_of_record
TN:
SF:/home/travis/build/MaibornWolff/codecharta/visualization/app/codeCharta/state/store/dynamicSettings/searchPattern/searchPattern.actions.ts
FN:3,(anonymous_0)
FN:14,setSearchPattern
FNF:2
FNH:2
FNDA:97,(anonymous_0)
FNDA:1149,setSearchPattern
DA:3,97
DA:4,97
DA:15,1149
DA:21,97
LF:4
LH:4
BRDA:3,0,0,97
BRDA:3,0,1,97
BRDA:14,1,0,1104
BRF:3
BRH:3
end_of_record
TN:
SF:/home/travis/build/MaibornWolff/codecharta/visualization/app/codeCharta/state/store/dynamicSettings/searchPattern/searchPattern.reducer.ts
FN:3,searchPattern
FNF:1
FNH:1
FNDA:3974,searchPattern
DA:4,3974
DA:6,49
DA:8,3925
LF:3
LH:3
BRDA:3,0,0,1101
BRDA:5,1,0,49
BRDA:5,1,1,3925
BRF:3
BRH:3
end_of_record
TN:
SF:/home/travis/build/MaibornWolff/codecharta/visualization/app/codeCharta/state/store/dynamicSettings/searchPattern/searchPattern.service.ts
FN:15,(anonymous_0)
FN:20,(anonymous_1)
FN:26,(anonymous_2)
FN:30,(anonymous_3)
FN:34,(anonymous_4)
FN:38,(anonymous_5)
FN:39,(anonymous_6)
FNF:7
FNH:7
FNDA:15,(anonymous_0)
FNDA:1063,(anonymous_1)
FNDA:1,(anonymous_2)
FNDA:15,(anonymous_3)
FNDA:15,(anonymous_4)
FNDA:13,(anonymous_5)
FNDA:14,(anonymous_6)
DA:13,93
DA:15,15
DA:16,15
DA:17,15
DA:21,1063
DA:22,15
DA:27,1
DA:31,15
DA:35,15
DA:39,13
DA:40,14
LF:11
LH:11
BRDA:21,0,0,15
BRDA:21,0,1,1048
BRF:2
BRH:2
end_of_record
TN:
SF:/home/travis/build/MaibornWolff/codecharta/visualization/app/codeCharta/state/store/dynamicSettings/searchPattern/searchPattern.splitter.ts
FN:3,splitSearchPatternAction
FNF:1
FNH:1
FNDA:39,splitSearchPatternAction
DA:4,39
LF:1
LH:1
BRF:0
BRH:0
end_of_record
TN:
SF:/home/travis/build/MaibornWolff/codecharta/visualization/app/codeCharta/state/store/dynamicSettings/searchedNodePaths/searchedNodePaths.actions.ts
FN:3,(anonymous_0)
FN:14,setSearchedNodePaths
FNF:2
FNH:2
FNDA:97,(anonymous_0)
FNDA:1161,setSearchedNodePaths
DA:3,97
DA:4,97
DA:15,1161
DA:21,97
LF:4
LH:4
BRDA:3,0,0,97
BRDA:3,0,1,97
BRDA:14,1,0,1102
BRF:3
BRH:3
end_of_record
TN:
SF:/home/travis/build/MaibornWolff/codecharta/visualization/app/codeCharta/state/store/dynamicSettings/searchedNodePaths/searchedNodePaths.reducer.ts
FN:3,searchedNodePaths
FNF:1
FNH:1
FNDA:3974,searchedNodePaths
DA:4,3974
DA:6,61
DA:8,3913
LF:3
LH:3
BRDA:3,0,0,1101
BRDA:5,1,0,61
BRDA:5,1,1,3913
BRF:3
BRH:3
end_of_record
TN:
SF:/home/travis/build/MaibornWolff/codecharta/visualization/app/codeCharta/state/store/dynamicSettings/searchedNodePaths/searchedNodePaths.service.ts
FN:13,(anonymous_0)
FN:17,(anonymous_1)
FN:23,(anonymous_2)
FN:27,(anonymous_3)
FN:31,(anonymous_4)
FN:32,(anonymous_5)
FNF:6
FNH:4
FNDA:12,(anonymous_0)
FNDA:1063,(anonymous_1)
FNDA:29,(anonymous_2)
FNDA:29,(anonymous_3)
FNDA:0,(anonymous_4)
FNDA:0,(anonymous_5)
DA:11,93
DA:13,12
DA:14,12
DA:18,1063
DA:19,29
DA:24,29
DA:28,29
DA:32,0
DA:33,0
LF:9
LH:7
BRDA:18,0,0,29
BRDA:18,0,1,1034
BRF:2
BRH:2
end_of_record
TN:
SF:/home/travis/build/MaibornWolff/codecharta/visualization/app/codeCharta/state/store/dynamicSettings/searchedNodePaths/searchedNodePaths.splitter.ts
FN:3,splitSearchedNodePathsAction
FNF:1
FNH:1
FNDA:39,splitSearchedNodePathsAction
DA:4,39
LF:1
LH:1
BRF:0
BRH:0
end_of_record
TN:
SF:/home/travis/build/MaibornWolff/codecharta/visualization/app/codeCharta/state/store/dynamicSettings/sortingOption/sortingOption.actions.ts
FN:4,(anonymous_0)
FN:15,setSortingOption
FNF:2
FNH:2
FNDA:97,(anonymous_0)
FNDA:1143,setSortingOption
DA:4,97
DA:5,97
DA:16,1143
DA:22,97
LF:4
LH:4
BRDA:4,0,0,97
BRDA:4,0,1,97
BRDA:15,1,0,1102
BRF:3
BRH:3
end_of_record
TN:
SF:/home/travis/build/MaibornWolff/codecharta/visualization/app/codeCharta/state/store/dynamicSettings/sortingOption/sortingOption.reducer.ts
FN:4,sortingOption
FNF:1
FNH:1
FNDA:3974,sortingOption
DA:5,3974
DA:7,43
DA:9,3931
LF:3
LH:3
BRDA:4,0,0,1101
BRDA:6,1,0,43
BRDA:6,1,1,3931
BRF:3
BRH:3
end_of_record
TN:
SF:/home/travis/build/MaibornWolff/codecharta/visualization/app/codeCharta/state/store/dynamicSettings/sortingOption/sortingOption.service.ts
FN:14,(anonymous_0)
FN:18,(anonymous_1)
FN:24,(anonymous_2)
FN:28,(anonymous_3)
FN:32,(anonymous_4)
FN:33,(anonymous_5)
FNF:6
FNH:5
FNDA:12,(anonymous_0)
FNDA:1063,(anonymous_1)
FNDA:15,(anonymous_2)
FNDA:15,(anonymous_3)
FNDA:4,(anonymous_4)
FNDA:0,(anonymous_5)
DA:12,93
DA:14,12
DA:15,12
DA:19,1063
DA:20,15
DA:25,15
DA:29,15
DA:33,4
DA:34,0
LF:9
LH:8
BRDA:19,0,0,15
BRDA:19,0,1,1048
BRF:2
BRH:2
end_of_record
TN:
SF:/home/travis/build/MaibornWolff/codecharta/visualization/app/codeCharta/state/store/dynamicSettings/sortingOption/sortingOption.splitter.ts
FN:4,splitSortingOptionAction
FNF:1
FNH:1
FNDA:39,splitSortingOptionAction
DA:5,39
LF:1
LH:1
BRF:0
BRH:0
end_of_record
TN:
SF:/home/travis/build/MaibornWolff/codecharta/visualization/app/codeCharta/state/store/fileSettings/fileSettings.actions.ts
FN:9,(anonymous_0)
FN:20,setFileSettings
FNF:2
FNH:2
FNDA:94,(anonymous_0)
FNDA:1,setFileSettings
DA:9,94
DA:10,94
DA:21,1
DA:27,94
LF:4
LH:4
BRDA:9,0,0,94
BRDA:9,0,1,94
BRDA:20,1,0,0
BRF:3
BRH:2
end_of_record
TN:
SF:/home/travis/build/MaibornWolff/codecharta/visualization/app/codeCharta/state/store/fileSettings/fileSettings.reducer.ts
FNF:0
FNH:0
DA:8,95
LF:1
LH:1
BRF:0
BRH:0
end_of_record
TN:
SF:/home/travis/build/MaibornWolff/codecharta/visualization/app/codeCharta/state/store/fileSettings/fileSettings.splitter.ts
FN:9,splitFileSettingsActions
FNF:1
FNH:1
FNDA:30,splitFileSettingsActions
DA:10,30
DA:13,30
DA:14,28
DA:17,30
DA:18,28
DA:21,30
DA:22,28
DA:25,30
DA:26,30
DA:29,30
LF:10
LH:10
BRDA:13,0,0,28
BRDA:13,0,1,2
BRDA:17,1,0,28
BRDA:17,1,1,2
BRDA:21,2,0,28
BRDA:21,2,1,2
BRDA:25,3,0,30
BRDA:25,3,1,0
BRF:8
BRH:7
end_of_record
TN:
SF:/home/travis/build/MaibornWolff/codecharta/visualization/app/codeCharta/state/store/fileSettings/attributeTypes/attributeTypes.actions.ts
FN:3,(anonymous_0)
FN:14,setAttributeTypes
FNF:2
FNH:2
FNDA:97,(anonymous_0)
FNDA:1136,setAttributeTypes
DA:3,97
DA:4,97
DA:15,1136
DA:21,97
LF:4
LH:4
BRDA:3,0,0,97
BRDA:3,0,1,97
BRDA:14,1,0,1103
BRF:3
BRH:3
end_of_record
TN:
SF:/home/travis/build/MaibornWolff/codecharta/visualization/app/codeCharta/state/store/fileSettings/attributeTypes/attributeTypes.merger.ts
FN:4,getMergedAttributeTypes
FN:15,(anonymous_1)
FN:22,(anonymous_2)
FNF:3
FNH:3
FNDA:2,getMergedAttributeTypes
FNDA:17,(anonymous_1)
FNDA:8,(anonymous_2)
DA:5,2
DA:6,2
DA:8,2
DA:9,0
DA:12,2
DA:13,4
DA:14,11
DA:15,17
DA:16,7
DA:20,4
DA:21,7
DA:22,8
DA:23,6
DA:28,2
LF:14
LH:13
BRDA:8,0,0,0
BRDA:8,0,1,2
BRDA:15,1,0,7
BRDA:15,1,1,4
BRDA:22,2,0,6
BRDA:22,2,1,1
BRF:6
BRH:5
end_of_record
TN:
SF:/home/travis/build/MaibornWolff/codecharta/visualization/app/codeCharta/state/store/fileSettings/attributeTypes/attributeTypes.reducer.ts
FN:5,attributeTypes
FNF:1
FNH:1
FNDA:3974,attributeTypes
DA:3,96
DA:6,3974
DA:8,36
DA:10,3938
LF:4
LH:4
BRDA:5,0,0,1101
BRDA:7,1,0,36
BRDA:7,1,1,3938
BRF:3
BRH:3
end_of_record
TN:
SF:/home/travis/build/MaibornWolff/codecharta/visualization/app/codeCharta/state/store/fileSettings/attributeTypes/attributeTypes.service.ts
FN:17,(anonymous_0)
FN:22,(anonymous_1)
FN:28,(anonymous_2)
FN:32,(anonymous_3)
FN:35,(anonymous_4)
FN:36,(anonymous_5)
FN:42,(anonymous_6)
FN:46,(anonymous_7)
FN:50,(anonymous_8)
FN:51,(anonymous_9)
FNF:10
FNH:4
FNDA:14,(anonymous_0)
FNDA:1063,(anonymous_1)
FNDA:0,(anonymous_2)
FNDA:0,(anonymous_3)
FNDA:0,(anonymous_4)
FNDA:0,(anonymous_5)
FNDA:15,(anonymous_6)
FNDA:15,(anonymous_7)
FNDA:0,(anonymous_8)
FNDA:0,(anonymous_9)
DA:15,93
DA:17,14
DA:18,14
DA:19,14
DA:23,1063
DA:24,15
DA:29,0
DA:33,0
DA:35,0
DA:36,0
DA:38,0
DA:39,0
DA:43,15
DA:47,15
DA:51,0
DA:52,0
LF:16
LH:8
BRDA:23,0,0,15
BRDA:23,0,1,1048
BRF:2
BRH:2
end_of_record
TN:
SF:/home/travis/build/MaibornWolff/codecharta/visualization/app/codeCharta/state/store/fileSettings/attributeTypes/attributeTypes.splitter.ts
FN:4,splitAttributeTypesAction
FNF:1
FNH:1
FNDA:28,splitAttributeTypesAction
DA:5,28
LF:1
LH:1
BRF:0
BRH:0
end_of_record
TN:
SF:/home/travis/build/MaibornWolff/codecharta/visualization/app/codeCharta/state/store/fileSettings/blacklist/blacklist.actions.ts
FN:3,(anonymous_0)
FN:26,addBlacklistItem
FN:33,removeBlacklistItem
FN:40,setBlacklist
FNF:4
FNH:4
FNDA:97,(anonymous_0)
FNDA:9,addBlacklistItem
FNDA:4,removeBlacklistItem
FNDA:1151,setBlacklist
DA:3,97
DA:4,97
DA:5,97
DA:6,97
DA:27,9
DA:34,4
DA:41,1151
DA:47,97
LF:8
LH:8
BRDA:3,0,0,97
BRDA:3,0,1,97
BRDA:40,1,0,1109
BRF:3
BRH:3
end_of_record
TN:
SF:/home/travis/build/MaibornWolff/codecharta/visualization/app/codeCharta/state/store/fileSettings/blacklist/blacklist.merger.ts
FN:4,getMergedBlacklist
FN:20,(anonymous_1)
FNF:2
FNH:2
FNDA:2,getMergedBlacklist
FNDA:10,(anonymous_1)
DA:5,2
DA:7,2
DA:8,0
DA:11,2
DA:12,4
DA:13,4
DA:14,8
DA:20,10
DA:22,8
DA:23,7
DA:28,2
LF:11
LH:10
BRDA:7,0,0,0
BRDA:7,0,1,2
BRDA:12,1,0,4
BRDA:12,1,1,0
BRDA:16,2,0,0
BRDA:16,2,1,8
BRDA:20,3,0,10
BRDA:20,3,1,1
BRDA:22,4,0,7
BRDA:22,4,1,1
BRF:10
BRH:7
end_of_record
TN:
SF:/home/travis/build/MaibornWolff/codecharta/visualization/app/codeCharta/state/store/fileSettings/blacklist/blacklist.reducer.ts
FN:6,blacklist
FNF:1
FNH:1
FNDA:3976,blacklist
DA:4,96
DA:7,3976
DA:9,11
DA:11,4
DA:13,48
DA:15,3913
LF:6
LH:6
BRDA:6,0,0,1101
BRDA:8,1,0,11
BRDA:8,1,1,4
BRDA:8,1,2,48
BRDA:8,1,3,3913
BRF:5
BRH:5
end_of_record
TN:
SF:/home/travis/build/MaibornWolff/codecharta/visualization/app/codeCharta/state/store/fileSettings/blacklist/blacklist.service.ts
FN:18,(anonymous_0)
FN:23,(anonymous_1)
FN:29,(anonymous_2)
FN:33,(anonymous_3)
FN:34,(anonymous_4)
FN:40,(anonymous_5)
FN:44,(anonymous_6)
FN:48,(anonymous_7)
FN:49,(anonymous_8)
FNF:9
FNH:6
FNDA:14,(anonymous_0)
FNDA:1063,(anonymous_1)
FNDA:0,(anonymous_2)
FNDA:0,(anonymous_3)
FNDA:0,(anonymous_4)
FNDA:15,(anonymous_5)
FNDA:15,(anonymous_6)
FNDA:402,(anonymous_7)
FNDA:28,(anonymous_8)
DA:16,93
DA:18,14
DA:19,14
DA:20,14
DA:24,1063
DA:25,15
DA:30,0
DA:34,0
DA:35,0
DA:36,0
DA:37,0
DA:41,15
DA:45,15
DA:49,402
DA:50,28
LF:15
LH:10
BRDA:24,0,0,15
BRDA:24,0,1,1048
BRF:2
BRH:2
end_of_record
TN:
SF:/home/travis/build/MaibornWolff/codecharta/visualization/app/codeCharta/state/store/fileSettings/blacklist/blacklist.splitter.ts
FN:4,splitBlacklistAction
FNF:1
FNH:1
FNDA:30,splitBlacklistAction
DA:5,30
LF:1
LH:1
BRF:0
BRH:0
end_of_record
TN:
SF:/home/travis/build/MaibornWolff/codecharta/visualization/app/codeCharta/state/store/fileSettings/edges/edges.actions.ts
FN:3,(anonymous_0)
FN:26,setEdges
FN:33,addEdge
FN:40,removeEdge
FNF:4
FNH:4
FNDA:97,(anonymous_0)
FNDA:1138,setEdges
FNDA:1,addEdge
FNDA:1,removeEdge
DA:3,97
DA:4,97
DA:5,97
DA:6,97
DA:27,1138
DA:34,1
DA:41,1
DA:47,97
LF:8
LH:8
BRDA:3,0,0,97
BRDA:3,0,1,97
BRDA:26,1,0,1105
BRF:3
BRH:3
end_of_record
TN:
SF:/home/travis/build/MaibornWolff/codecharta/visualization/app/codeCharta/state/store/fileSettings/edges/edges.merger.ts
FN:4,getMergedEdges
FN:22,(anonymous_1)
FNF:2
FNH:2
FNDA:5,getMergedEdges
FNDA:4,(anonymous_1)
DA:5,5
DA:7,5
DA:8,0
DA:11,5
DA:12,10
DA:13,9
DA:14,8
DA:22,8
DA:24,8
DA:25,2
DA:26,4
DA:29,6
DA:35,5
LF:13
LH:12
BRDA:7,0,0,0
BRDA:7,0,1,5
BRDA:12,1,0,9
BRDA:12,1,1,1
BRDA:16,2,0,0
BRDA:16,2,1,8
BRDA:18,3,0,0
BRDA:18,3,1,8
BRDA:22,4,0,4
BRDA:22,4,1,4
BRDA:24,5,0,2
BRDA:24,5,1,6
BRF:12
BRH:9
end_of_record
TN:
SF:/home/travis/build/MaibornWolff/codecharta/visualization/app/codeCharta/state/store/fileSettings/edges/edges.reducer.ts
FN:6,edges
FNF:1
FNH:1
FNDA:3976,edges
DA:4,96
DA:7,3976
DA:9,38
DA:11,1
DA:13,1
DA:15,3936
LF:6
LH:6
BRDA:6,0,0,1101
BRDA:8,1,0,38
BRDA:8,1,1,1
BRDA:8,1,2,1
BRDA:8,1,3,3936
BRF:5
BRH:5
end_of_record
TN:
SF:/home/travis/build/MaibornWolff/codecharta/visualization/app/codeCharta/state/store/fileSettings/edges/edges.service.ts
FN:17,(anonymous_0)
FN:22,(anonymous_1)
FN:28,(anonymous_2)
FN:32,(anonymous_3)
FN:33,(anonymous_4)
FN:39,(anonymous_5)
FN:43,(anonymous_6)
FN:47,(anonymous_7)
FN:48,(anonymous_8)
FNF:9
FNH:4
FNDA:14,(anonymous_0)
FNDA:1063,(anonymous_1)
FNDA:0,(anonymous_2)
FNDA:0,(anonymous_3)
FNDA:0,(anonymous_4)
FNDA:15,(anonymous_5)
FNDA:15,(anonymous_6)
FNDA:0,(anonymous_7)
FNDA:0,(anonymous_8)
DA:15,93
DA:17,14
DA:18,14
DA:19,14
DA:23,1063
DA:24,15
DA:29,0
DA:33,0
DA:34,0
DA:35,0
DA:36,0
DA:40,15
DA:44,15
DA:48,0
DA:49,0
LF:15
LH:8
BRDA:23,0,0,15
BRDA:23,0,1,1048
BRF:2
BRH:2
end_of_record
TN:
SF:/home/travis/build/MaibornWolff/codecharta/visualization/app/codeCharta/state/store/fileSettings/edges/edges.splitter.ts
FN:4,splitEdgesAction
FNF:1
FNH:1
FNDA:28,splitEdgesAction
DA:5,28
LF:1
LH:1
BRF:0
BRH:0
end_of_record
TN:
SF:/home/travis/build/MaibornWolff/codecharta/visualization/app/codeCharta/state/store/fileSettings/markedPackages/markedPackages.actions.ts
FN:3,(anonymous_0)
FN:26,setMarkedPackages
FN:33,markPackage
FN:40,unmarkPackage
FNF:4
FNH:4
FNDA:97,(anonymous_0)
FNDA:1152,setMarkedPackages
FNDA:17,markPackage
FNDA:5,unmarkPackage
DA:3,97
DA:4,97
DA:5,97
DA:6,97
DA:27,1152
DA:34,17
DA:41,5
DA:47,97
LF:8
LH:8
BRDA:3,0,0,97
BRDA:3,0,1,97
BRDA:26,1,0,1115
BRF:3
BRH:3
end_of_record
TN:
SF:/home/travis/build/MaibornWolff/codecharta/visualization/app/codeCharta/state/store/fileSettings/markedPackages/markedPackages.merger.ts
FN:4,getMergedMarkedPackages
FN:20,(anonymous_1)
FNF:2
FNH:2
FNDA:5,getMergedMarkedPackages
FNDA:4,(anonymous_1)
DA:5,5
DA:7,5
DA:8,0
DA:11,5
DA:12,10
DA:13,9
DA:14,8
DA:20,8
DA:22,8
DA:23,6
DA:29,5
LF:11
LH:10
BRDA:7,0,0,0
BRDA:7,0,1,5
BRDA:12,1,0,9
BRDA:12,1,1,1
BRDA:16,2,0,0
BRDA:16,2,1,8
BRDA:20,3,0,4
BRDA:20,3,1,2
BRDA:22,4,0,6
BRDA:22,4,1,2
BRF:10
BRH:8
end_of_record
TN:
SF:/home/travis/build/MaibornWolff/codecharta/visualization/app/codeCharta/state/store/fileSettings/markedPackages/markedPackages.reducer.ts
FN:6,markedPackages
FNF:1
FNH:1
FNDA:3976,markedPackages
DA:4,96
DA:7,3976
DA:9,52
DA:11,17
DA:13,5
DA:15,3902
LF:6
LH:6
BRDA:6,0,0,1101
BRDA:8,1,0,52
BRDA:8,1,1,17
BRDA:8,1,2,5
BRDA:8,1,3,3902
BRF:5
BRH:5
end_of_record
TN:
SF:/home/travis/build/MaibornWolff/codecharta/visualization/app/codeCharta/state/store/fileSettings/markedPackages/markedPackages.service.ts
FN:17,(anonymous_0)
FN:22,(anonymous_1)
FN:28,(anonymous_2)
FN:32,(anonymous_3)
FN:39,(anonymous_4)
FN:43,(anonymous_5)
FN:47,(anonymous_6)
FN:48,(anonymous_7)
FNF:8
FNH:5
FNDA:14,(anonymous_0)
FNDA:1063,(anonymous_1)
FNDA:0,(anonymous_2)
FNDA:0,(anonymous_3)
FNDA:15,(anonymous_4)
FNDA:15,(anonymous_5)
FNDA:7,(anonymous_6)
FNDA:0,(anonymous_7)
DA:15,93
DA:17,14
DA:18,14
DA:19,14
DA:23,1063
DA:24,15
DA:29,0
DA:33,0
DA:34,0
DA:35,0
DA:36,0
DA:40,15
DA:44,15
DA:48,7
DA:49,0
LF:15
LH:9
BRDA:23,0,0,15
BRDA:23,0,1,1048
BRF:2
BRH:2
end_of_record
TN:
SF:/home/travis/build/MaibornWolff/codecharta/visualization/app/codeCharta/state/store/fileSettings/markedPackages/markedPackages.splitter.ts
FN:4,splitMarkedPackagesAction
FNF:1
FNH:1
FNDA:28,splitMarkedPackagesAction
DA:5,28
LF:1
LH:1
BRF:0
BRH:0
end_of_record
TN:
SF:/home/travis/build/MaibornWolff/codecharta/visualization/app/codeCharta/state/store/files/files.actions.ts
FN:4,(anonymous_0)
FN:14,(anonymous_1)
FN:80,setFiles
FN:87,resetFiles
FN:93,resetSelection
FN:99,addFile
FN:106,setSingle
FN:113,setSingleByName
FN:120,setMultiple
FN:127,setMultipleByNames
FN:134,setDelta
FN:141,setDeltaByNames
FNF:12
FNH:12
FNDA:106,(anonymous_0)
FNDA:106,(anonymous_1)
FNDA:944,setFiles
FNDA:103,resetFiles
FNDA:2,resetSelection
FNDA:182,addFile
FNDA:52,setSingle
FNDA:13,setSingleByName
FNDA:6,setMultiple
FNDA:4,setMultipleByNames
FNDA:9,setDelta
FNDA:3,setDeltaByNames
DA:4,106
DA:5,106
DA:6,106
DA:7,106
DA:8,106
DA:9,106
DA:10,106
DA:11,106
DA:14,106
DA:15,106
DA:16,106
DA:17,106
DA:81,944
DA:88,103
DA:94,2
DA:100,182
DA:107,52
DA:114,13
DA:121,6
DA:128,4
DA:135,9
DA:142,3
DA:148,106
LF:23
LH:23
BRDA:4,0,0,106
BRDA:4,0,1,106
BRDA:14,1,0,106
BRDA:14,1,1,106
BRDA:80,2,0,911
BRF:5
BRH:5
end_of_record
TN:
SF:/home/travis/build/MaibornWolff/codecharta/visualization/app/codeCharta/state/store/files/files.reducer.ts
FN:4,files
FNF:1
FNH:1
FNDA:3825,files
DA:5,3825
DA:7,34
DA:8,34
DA:11,182
DA:12,182
DA:15,103
DA:16,103
DA:19,2
DA:20,2
DA:23,52
DA:24,49
DA:27,13
DA:28,13
DA:31,9
DA:32,9
DA:35,3
DA:36,3
DA:39,6
DA:40,6
DA:43,4
DA:44,4
DA:47,3417
LF:22
LH:22
BRDA:4,0,0,910
BRDA:6,1,0,34
BRDA:6,1,1,182
BRDA:6,1,2,103
BRDA:6,1,3,2
BRDA:6,1,4,52
BRDA:6,1,5,13
BRDA:6,1,6,9
BRDA:6,1,7,3
BRDA:6,1,8,6
BRDA:6,1,9,4
BRDA:6,1,10,3417
BRF:12
BRH:12
end_of_record
TN:
SF:/home/travis/build/MaibornWolff/codecharta/visualization/app/codeCharta/state/store/files/files.service.ts
FN:14,(anonymous_0)
FN:18,(anonymous_1)
FN:24,(anonymous_2)
FN:28,(anonymous_3)
FN:32,(anonymous_4)
FN:33,(anonymous_5)
FNF:6
FNH:5
FNDA:12,(anonymous_0)
FNDA:1063,(anonymous_1)
FNDA:1,(anonymous_2)
FNDA:1,(anonymous_3)
FNDA:507,(anonymous_4)
FNDA:0,(anonymous_5)
DA:12,93
DA:14,12
DA:15,12
DA:19,1063
DA:20,1
DA:25,1
DA:29,1
DA:33,507
DA:34,0
LF:9
LH:8
BRDA:19,0,0,1
BRDA:19,0,1,1062
BRF:2
BRH:2
end_of_record
TN:
SF:/home/travis/build/MaibornWolff/codecharta/visualization/app/codeCharta/state/store/files/files.splitter.ts
FN:5,splitFilesAction
FNF:1
FNH:1
FNDA:28,splitFilesAction
DA:6,28
LF:1
LH:1
BRF:0
BRH:0
end_of_record
TN:
SF:/home/travis/build/MaibornWolff/codecharta/visualization/app/codeCharta/state/store/treeMap/treeMap.actions.ts
FN:6,(anonymous_0)
FN:17,setTreeMapSettings
FNF:2
FNH:1
FNDA:94,(anonymous_0)
FNDA:0,setTreeMapSettings
DA:6,94
DA:7,94
DA:18,0
DA:24,94
LF:4
LH:3
BRDA:6,0,0,94
BRDA:6,0,1,94
BRDA:17,1,0,0
BRF:3
BRH:2
end_of_record
TN:
SF:/home/travis/build/MaibornWolff/codecharta/visualization/app/codeCharta/state/store/treeMap/treeMap.reducer.ts
FNF:0
FNH:0
DA:5,95
LF:1
LH:1
BRF:0
BRH:0
end_of_record
TN:
[...]
BRDA:94,5,0,8
BRDA:94,5,1,16
BRF:12
BRH:10
end_of_record
TN:
SF:/home/travis/build/MaibornWolff/codecharta/visualization/app/codeCharta/util/codeMapHelper.ts
FN:7,(anonymous_0)
FN:15,(anonymous_1)
FN:18,(anonymous_2)
FN:22,(anonymous_3)
FN:25,(anonymous_4)
FN:28,(anonymous_5)
FN:39,(anonymous_6)
FN:42,(anonymous_7)
FN:45,(anonymous_8)
FN:48,(anonymous_9)
FN:50,(anonymous_10)
FN:51,(anonymous_11)
FN:58,(anonymous_12)
FN:65,(anonymous_13)
FN:69,(anonymous_14)
FN:74,(anonymous_15)
FN:74,(anonymous_16)
FN:78,(anonymous_17)
FN:82,(anonymous_18)
FN:85,(anonymous_19)
FN:92,(anonymous_20)
FNF:21
FNH:21
FNDA:4,(anonymous_0)
FNDA:13,(anonymous_1)
FNDA:54,(anonymous_2)
FNDA:5,(anonymous_3)
FNDA:30,(anonymous_4)
FNDA:113,(anonymous_5)
FNDA:4,(anonymous_6)
FNDA:9,(anonymous_7)
FNDA:9,(anonymous_8)
FNDA:13,(anonymous_9)
FNDA:2,(anonymous_10)
FNDA:41,(anonymous_11)
FNDA:3,(anonymous_12)
FNDA:147,(anonymous_13)
FNDA:172,(anonymous_14)
FNDA:27,(anonymous_15)
FNDA:19,(anonymous_16)
FNDA:50,(anonymous_17)
FNDA:7,(anonymous_18)
FNDA:1,(anonymous_19)
FNDA:1,(anonymous_20)
DA:8,4
DA:9,4
DA:10,2
DA:12,2
DA:16,13
DA:18,54
DA:19,13
DA:23,5
DA:25,30
DA:29,113
DA:31,113
DA:32,1
DA:33,112
DA:34,104
DA:36,113
DA:40,4
DA:42,9
DA:44,4
DA:45,9
DA:49,13
DA:50,12
DA:51,41
DA:52,12
DA:54,1
DA:59,3
DA:66,147
DA:70,172
DA:71,145
DA:74,27
DA:75,27
DA:79,50
DA:81,50
DA:82,49
DA:84,49
DA:85,4
DA:86,4
DA:89,50
DA:93,1
LF:38
LH:38
BRDA:9,0,0,2
BRDA:9,0,1,2
BRDA:18,1,0,54
BRDA:18,1,1,12
BRDA:19,2,0,11
BRDA:19,2,1,2
BRDA:31,3,0,1
BRDA:31,3,1,112
BRDA:33,4,0,104
BRDA:33,4,1,8
BRDA:49,5,0,12
BRDA:49,5,1,1
BRDA:60,6,0,3
BRDA:60,6,1,2
BRDA:70,7,0,145
BRDA:70,7,1,27
BRDA:81,8,0,49
BRDA:81,8,1,1
BRDA:84,9,0,4
BRDA:84,9,1,45
BRF:20
BRH:20
end_of_record
TN:
SF:/home/travis/build/MaibornWolff/codecharta/visualization/app/codeCharta/util/dataMocks.ts
FN:1065,withMockedEventMethods
FNF:1
FNH:1
FNDA:316,withMockedEventMethods
DA:25,91
DA:56,91
DA:94,91
DA:132,91
DA:170,91
DA:208,91
DA:251,91
DA:272,91
DA:310,91
DA:316,91
DA:343,91
DA:364,91
DA:373,91
DA:380,91
DA:386,91
DA:399,91
DA:453,91
DA:462,91
DA:471,91
DA:526,91
DA:573,91
DA:594,91
DA:640,91
DA:698,91
DA:768,91
DA:776,91
DA:858,91
DA:917,91
DA:941,91
DA:965,91
DA:967,91
DA:991,91
DA:1015,91
DA:1022,91
DA:1029,91
DA:1031,91
DA:1046,91
DA:1066,316
DA:1067,316
DA:1068,316
DA:1069,316
LF:41
LH:41
BRF:0
BRH:0
end_of_record
TN:
SF:/home/travis/build/MaibornWolff/codecharta/visualization/app/codeCharta/util/deltaGenerator.ts
FN:9,(anonymous_0)
FN:19,(anonymous_1)
FN:24,(anonymous_2)
FN:25,(anonymous_3)
FN:32,(anonymous_4)
FN:38,(anonymous_5)
FN:49,(anonymous_6)
FN:58,(anonymous_7)
FN:65,(anonymous_8)
FN:68,(anonymous_9)
FN:72,(anonymous_10)
FN:80,(anonymous_11)
FN:92,(anonymous_12)
FNF:13
FNH:13
FNDA:3,(anonymous_0)
FNDA:6,(anonymous_1)
FNDA:42,(anonymous_2)
FNDA:42,(anonymous_3)
FNDA:3,(anonymous_4)
FNDA:24,(anonymous_5)
FNDA:18,(anonymous_6)
FNDA:25,(anonymous_7)
FNDA:29,(anonymous_8)
FNDA:57,(anonymous_9)
FNDA:40,(anonymous_10)
FNDA:3,(anonymous_11)
FNDA:3,(anonymous_12)
DA:6,94
DA:10,3
DA:11,3
DA:12,3
DA:14,3
DA:15,3
DA:16,3
DA:20,6
DA:22,6
DA:24,42
DA:26,42
DA:27,42
DA:29,6
DA:36,3
DA:38,3
DA:39,24
DA:40,24
DA:41,17
DA:42,17
DA:44,7
DA:45,7
DA:49,3
DA:50,18
DA:51,1
DA:52,1
DA:55,3
DA:59,25
DA:60,25
DA:61,25
DA:62,25
DA:66,29
DA:68,29
DA:69,57
DA:72,29
DA:73,40
DA:74,10
DA:77,29
DA:81,3
DA:93,3
LF:39
LH:39
BRDA:40,0,0,17
BRDA:40,0,1,7
BRDA:50,1,0,1
BRDA:50,1,1,17
BRDA:69,2,0,32
BRDA:69,2,1,25
BRDA:73,3,0,10
BRDA:73,3,1,30
BRF:8
BRH:8
end_of_record
TN:
SF:/home/travis/build/MaibornWolff/codecharta/visualization/app/codeCharta/util/envDetector.ts
FN:1,isStandalone
FNF:1
FNH:0
FNDA:0,isStandalone
DA:1,0
DA:2,0
LF:2
LH:0
BRF:0
BRH:0
end_of_record
TN:
SF:/home/travis/build/MaibornWolff/codecharta/visualization/app/codeCharta/util/fileDownloader.ts
FN:20,(anonymous_0)
FN:32,(anonymous_1)
FN:49,(anonymous_2)
FN:54,(anonymous_3)
FN:66,(anonymous_4)
FN:74,(anonymous_5)
FN:75,(anonymous_6)
FN:78,(anonymous_7)
FN:80,(anonymous_8)
FN:93,(anonymous_9)
FN:101,(anonymous_10)
FNF:11
FNH:10
FNDA:3,(anonymous_0)
FNDA:3,(anonymous_1)
FNDA:3,(anonymous_2)
FNDA:1,(anonymous_3)
FNDA:3,(anonymous_4)
FNDA:2,(anonymous_5)
FNDA:4,(anonymous_6)
FNDA:3,(anonymous_7)
FNDA:15,(anonymous_8)
FNDA:1,(anonymous_9)
FNDA:0,(anonymous_10)
DA:17,94
DA:27,3
DA:28,3
DA:29,3
DA:38,3
DA:50,3
DA:52,3
DA:53,1
DA:55,1
DA:60,3
DA:61,1
DA:63,3
DA:67,3
DA:68,3
DA:70,0
DA:75,4
DA:79,3
DA:80,3
DA:81,15
DA:82,15
DA:83,15
DA:84,15
DA:85,6
DA:87,9
DA:90,3
DA:94,1
DA:95,1
DA:96,2
DA:98,1
DA:102,0
DA:103,0
DA:104,0
DA:107,0
DA:108,0
DA:109,0
DA:111,0
DA:112,0
DA:113,0
DA:114,0
DA:115,0
LF:40
LH:28
BRDA:43,0,0,1
BRDA:43,0,1,2
BRDA:44,1,0,0
BRDA:44,1,1,3
BRDA:52,2,0,1
BRDA:52,2,1,2
BRDA:60,3,0,1
BRDA:60,3,1,2
BRDA:67,4,0,3
BRDA:67,4,1,0
BRDA:67,5,0,3
BRDA:67,5,1,3
BRDA:84,6,0,6
BRDA:84,6,1,9
BRDA:103,7,0,0
BRDA:103,7,1,0
BRF:16
BRH:12
end_of_record
TN:
SF:/home/travis/build/MaibornWolff/codecharta/visualization/app/codeCharta/util/fileExtensionCalculator.ts
FN:19,(anonymous_0)
FN:22,(anonymous_1)
FN:28,(anonymous_2)
FN:32,(anonymous_3)
FN:36,(anonymous_4)
FN:48,(anonymous_5)
FN:53,(anonymous_6)
FN:62,(anonymous_7)
FN:66,(anonymous_8)
FN:82,(anonymous_9)
FN:91,(anonymous_10)
FN:100,(anonymous_11)
FN:101,(anonymous_12)
FN:101,(anonymous_13)
FN:104,(anonymous_14)
FN:115,(anonymous_15)
FN:123,(anonymous_16)
FN:128,(anonymous_17)
FNF:18
FNH:18
FNDA:3,(anonymous_0)
FNDA:16,(anonymous_1)
FNDA:7,(anonymous_2)
FNDA:42,(anonymous_3)
FNDA:70,(anonymous_4)
FNDA:3,(anonymous_5)
FNDA:12,(anonymous_6)
FNDA:3,(anonymous_7)
FNDA:13,(anonymous_8)
FNDA:3,(anonymous_9)
FNDA:29,(anonymous_10)
FNDA:3,(anonymous_11)
FNDA:14,(anonymous_12)
FNDA:11,(anonymous_13)
FNDA:45,(anonymous_14)
FNDA:2,(anonymous_15)
FNDA:2,(anonymous_16)
FNDA:2,(anonymous_17)
DA:15,94
DA:16,94
DA:17,94
DA:20,3
DA:21,3
DA:22,16
DA:23,3
DA:25,3
DA:29,7
DA:30,7
DA:33,42
DA:34,39
DA:35,39
DA:36,70
DA:38,39
DA:39,10
DA:41,29
DA:45,7
DA:49,3
DA:50,3
DA:51,1
DA:53,2
DA:54,12
DA:55,12
DA:59,2
DA:63,3
DA:64,3
DA:66,3
DA:67,13
DA:68,10
DA:70,3
DA:71,3
DA:75,3
DA:76,1
DA:79,3
DA:83,3
DA:92,29
DA:101,14
DA:105,45
DA:106,38
DA:111,7
DA:116,2
DA:117,2
DA:118,6
DA:120,2
DA:124,2
DA:125,2
DA:129,2
LF:48
LH:48
BRDA:33,0,0,39
BRDA:33,0,1,3
BRDA:38,1,0,10
BRDA:38,1,1,29
BRDA:50,2,0,1
BRDA:50,2,1,2
BRDA:54,3,0,12
BRDA:54,3,1,0
BRDA:67,4,0,10
BRDA:67,4,1,3
BRDA:75,5,0,1
BRDA:75,5,1,2
BRDA:105,6,0,38
BRDA:105,6,1,7
BRF:14
BRH:13
end_of_record
TN:
SF:/home/travis/build/MaibornWolff/codecharta/visualization/app/codeCharta/util/fileNameHelper.ts
FN:6,(anonymous_0)
FN:10,(anonymous_1)
FN:22,(anonymous_2)
FN:37,(anonymous_3)
FNF:4
FNH:4
FNDA:58,(anonymous_0)
FNDA:58,(anonymous_1)
FNDA:58,(anonymous_2)
FNDA:17,(anonymous_3)
DA:4,97
DA:7,58
DA:11,58
DA:12,58
DA:23,58
DA:25,58
DA:26,58
DA:27,2
DA:28,56
DA:29,1
DA:30,55
DA:31,1
DA:34,54
DA:38,17
LF:14
LH:14
BRDA:25,0,0,58
BRDA:25,0,1,0
BRDA:26,1,0,2
BRDA:26,1,1,56
BRDA:28,2,0,1
BRDA:28,2,1,55
BRDA:30,3,0,1
BRDA:30,3,1,54
BRF:8
BRH:7
end_of_record
TN:
SF:/home/travis/build/MaibornWolff/codecharta/visualization/app/codeCharta/util/fileValidator.ts
FN:4,(anonymous_0)
FN:25,(anonymous_1)
FNF:2
FNH:2
FNDA:35,(anonymous_0)
FNDA:16,(anonymous_1)
DA:5,35
DA:6,22
DA:9,13
DA:10,13
DA:11,26
DA:13,13
DA:14,1
DA:17,12
DA:18,24
DA:19,0
DA:22,12
DA:26,16
DA:27,4
DA:29,12
DA:30,12
DA:31,12
DA:33,12
DA:34,1
DA:42,10
LF:19
LH:18
BRDA:5,0,0,22
BRDA:5,0,1,13
BRDA:5,1,0,35
BRDA:5,1,1,13
BRDA:13,2,0,1
BRDA:13,2,1,12
BRDA:18,3,0,0
BRDA:18,3,1,24
BRDA:26,4,0,4
BRDA:26,4,1,12
BRDA:33,5,0,1
BRDA:33,5,1,10
BRDA:42,6,0,6
BRDA:42,6,1,4
BRF:14
BRH:13
end_of_record
TN:
SF:/home/travis/build/MaibornWolff/codecharta/visualization/app/codeCharta/util/mapBuilder.ts
FN:5,(anonymous_0)
FN:8,(anonymous_1)
FN:20,(anonymous_2)
FN:30,(anonymous_3)
FN:31,(anonymous_4)
FN:34,(anonymous_5)
FN:40,(anonymous_6)
FNF:7
FNH:7
FNDA:4,(anonymous_0)
FNDA:31,(anonymous_1)
FNDA:4,(anonymous_2)
FNDA:4,(anonymous_3)
FNDA:51,(anonymous_4)
FNDA:33,(anonymous_5)
FNDA:79,(anonymous_6)
DA:6,4
DA:8,4
DA:9,31
DA:10,31
DA:11,31
DA:12,4
DA:14,27
DA:17,4
DA:21,4
DA:31,51
DA:35,33
DA:36,33
DA:37,33
DA:41,79
DA:42,33
DA:44,46
DA:45,26
DA:46,46
DA:47,46
DA:48,20
LF:20
LH:20
BRDA:11,0,0,4
BRDA:11,0,1,27
BRDA:37,1,0,4
BRDA:37,1,1,29
BRDA:41,2,0,33
BRDA:41,2,1,46
BRDA:41,3,0,79
BRDA:41,3,1,50
BRDA:44,4,0,26
BRDA:44,4,1,20
BRDA:44,5,0,46
BRDA:44,5,1,46
BRDA:47,6,0,20
BRDA:47,6,1,26
BRF:14
BRH:14
end_of_record
TN:
SF:/home/travis/build/MaibornWolff/codecharta/visualization/app/codeCharta/util/metricHelper.ts
FN:3,isAnyMetricAvailable
FN:4,(anonymous_1)
FN:7,isMetricUnavailable
FN:8,(anonymous_3)
FN:11,getMetricNameFromIndexOrLast
FN:12,(anonymous_5)
FNF:6
FNH:6
FNDA:70,isAnyMetricAvailable
FNDA:66,(anonymous_1)
FNDA:66,isMetricUnavailable
FNDA:79,(anonymous_3)
FNDA:62,getMetricNameFromIndexOrLast
FNDA:74,(anonymous_5)
DA:4,70
DA:8,79
DA:12,74
DA:13,62
LF:4
LH:4
BRDA:8,0,0,79
BRDA:8,0,1,79
BRF:2
BRH:2
end_of_record
TN:
SF:/home/travis/build/MaibornWolff/codecharta/visualization/app/codeCharta/util/nodeDecorator.ts
FN:8,(anonymous_0)
FN:14,(anonymous_1)
FN:18,(anonymous_2)
FN:19,(anonymous_3)
FN:29,(anonymous_4)
FN:54,(anonymous_5)
FN:57,(anonymous_6)
FN:62,(anonymous_7)
FN:69,(anonymous_8)
FN:72,(anonymous_9)
FN:81,(anonymous_10)
FN:84,(anonymous_11)
FN:85,(anonymous_12)
FN:94,(anonymous_13)
FN:103,(anonymous_14)
FN:106,(anonymous_15)
FN:114,(anonymous_16)
FN:120,(anonymous_17)
FN:122,(anonymous_18)
FN:124,(anonymous_19)
FN:130,(anonymous_20)
FN:135,(anonymous_21)
FN:142,(anonymous_22)
FN:143,(anonymous_23)
FN:143,(anonymous_24)
FN:146,(anonymous_25)
FN:151,(anonymous_26)
FN:152,(anonymous_27)
FN:152,(anonymous_28)
FN:156,(anonymous_29)
FNF:30
FNH:25
FNDA:27,(anonymous_0)
FNDA:55,(anonymous_1)
FNDA:27,(anonymous_2)
FNDA:143,(anonymous_3)
FNDA:143,(anonymous_4)
FNDA:55,(anonymous_5)
FNDA:315,(anonymous_6)
FNDA:705,(anonymous_7)
FNDA:27,(anonymous_8)
FNDA:144,(anonymous_9)
FNDA:27,(anonymous_10)
FNDA:88,(anonymous_11)
FNDA:229,(anonymous_12)
FNDA:7,(anonymous_13)
FNDA:36,(anonymous_14)
FNDA:58,(anonymous_15)
FNDA:36,(anonymous_16)
FNDA:113,(anonymous_17)
FNDA:113,(anonymous_18)
FNDA:18,(anonymous_19)
FNDA:36,(anonymous_20)
FNDA:0,(anonymous_21)
FNDA:50,(anonymous_22)
FNDA:131,(anonymous_23)
FNDA:131,(anonymous_24)
FNDA:72,(anonymous_25)
FNDA:0,(anonymous_26)
FNDA:0,(anonymous_27)
FNDA:0,(anonymous_28)
FNDA:0,(anonymous_29)
DA:9,27
DA:10,27
DA:11,27
DA:15,55
DA:19,27
DA:20,143
DA:29,27
DA:30,143
DA:31,6
DA:32,6
DA:33,6
DA:34,6
DA:35,6
DA:36,1
DA:38,6
DA:39,6
DA:40,6
DA:41,6
DA:42,137
DA:43,49
DA:44,110
DA:49,27
DA:50,27
DA:55,55
DA:56,55
DA:57,55
DA:58,315
DA:62,705
DA:66,55
DA:70,27
DA:71,27
DA:72,27
DA:73,144
DA:74,144
DA:75,144
DA:76,144
DA:82,27
DA:83,27
DA:84,27
DA:85,88
DA:86,229
DA:87,73
DA:101,7
DA:102,7
DA:103,7
DA:104,36
DA:106,58
DA:107,36
DA:108,36
DA:111,7
DA:120,36
DA:121,113
DA:122,113
DA:123,44
DA:124,18
DA:135,36
DA:136,0
DA:137,0
DA:143,131
DA:145,50
DA:146,72
DA:148,4
DA:152,0
DA:154,0
DA:155,0
DA:156,0
DA:157,0
DA:158,0
DA:160,0
DA:163,0
LF:70
LH:60
BRDA:21,0,0,143
BRDA:21,0,1,143
BRDA:21,0,2,67
BRDA:21,0,3,7
BRDA:21,0,4,6
BRDA:30,1,0,6
BRDA:30,1,1,137
BRDA:35,2,0,1
BRDA:35,2,1,5
BRDA:42,3,0,49
BRDA:42,3,1,88
BRDA:42,4,0,137
BRDA:42,4,1,137
BRDA:42,4,2,61
BRDA:49,5,0,27
BRDA:49,5,1,0
BRDA:55,6,0,55
BRDA:55,6,1,0
BRDA:55,7,0,55
BRDA:55,7,1,55
BRDA:70,8,0,27
BRDA:70,8,1,0
BRDA:74,9,0,2
BRDA:74,9,1,142
BRDA:75,10,0,144
BRDA:75,10,1,0
BRDA:82,11,0,27
BRDA:82,11,1,0
BRDA:82,12,0,27
BRDA:82,12,1,27
BRDA:86,13,0,73
BRDA:86,13,1,156
BRDA:101,14,0,7
BRDA:101,14,1,0
BRDA:121,15,0,44
BRDA:121,15,1,69
BRDA:121,16,0,113
BRDA:121,16,1,44
BRDA:123,17,0,6
BRDA:123,17,1,38
BRDA:136,18,0,0
BRDA:136,18,1,0
BRDA:136,19,0,0
BRDA:136,19,1,0
BRDA:145,20,0,46
BRDA:145,20,1,4
BRDA:154,21,0,0
BRDA:154,21,1,0
BRF:48
BRH:36
end_of_record
TN:
SF:/home/travis/build/MaibornWolff/codecharta/visualization/app/codeCharta/util/nodePathHelper.ts
FN:3,getUpdatedBlacklistItemPath
FN:10,getUpdatedPath
FN:16,isAbsoluteRootPath
FNF:3
FNH:1
FNDA:0,getUpdatedBlacklistItemPath
FNDA:32,getUpdatedPath
FNDA:0,isAbsoluteRootPath
DA:4,0
DA:5,0
DA:7,0
DA:11,32
DA:12,32
DA:13,32
DA:17,0
LF:7
LH:3
BRDA:4,0,0,0
BRDA:4,0,1,0
BRF:2
BRH:0
end_of_record
TN:
SF:/home/travis/build/MaibornWolff/codecharta/visualization/app/codeCharta/util/reduxHelper.ts
FN:5,removeItemFromArray
FN:6,(anonymous_1)
FN:11,addItemToArray
FN:20,isActionOfType
FN:24,arrayContainsItem
FN:25,(anonymous_5)
FN:28,isEqualObject
FNF:7
FNH:7
FNDA:11,removeItemFromArray
FNDA:13,(anonymous_1)
FNDA:30,addItemToArray
FNDA:42600,isActionOfType
FNDA:30,arrayContainsItem
FNDA:22,(anonymous_5)
FNDA:35,isEqualObject
DA:3,99
DA:6,11
DA:7,13
DA:12,30
DA:13,18
DA:14,18
DA:15,18
DA:17,12
DA:21,42600
DA:25,30
DA:29,35
LF:11
LH:11
BRDA:12,0,0,18
BRDA:12,0,1,12
BRF:2
BRH:2
end_of_record
TN:
SF:/home/travis/build/MaibornWolff/codecharta/visualization/app/codeCharta/util/scenarioHelper.ts
FN:14,(anonymous_0)
FN:15,(anonymous_1)
FN:18,(anonymous_2)
FN:19,(anonymous_3)
FN:27,(anonymous_4)
FN:28,(anonymous_5)
FN:31,(anonymous_6)
FN:32,(anonymous_7)
FN:35,(anonymous_8)
FN:36,(anonymous_9)
FNF:10
FNH:10
FNDA:2,(anonymous_0)
FNDA:8,(anonymous_1)
FNDA:2,(anonymous_2)
FNDA:6,(anonymous_3)
FNDA:1,(anonymous_4)
FNDA:1,(anonymous_5)
FNDA:1,(anonymous_6)
FNDA:1,(anonymous_7)
FNDA:96,(anonymous_8)
FNDA:384,(anonymous_9)
DA:12,94
DA:15,8
DA:19,6
DA:20,2
DA:28,1
DA:32,1
DA:36,96
DA:37,384
DA:39,96
LF:9
LH:9
BRDA:21,0,0,2
BRDA:21,0,1,1
BRDA:21,0,2,1
BRF:3
BRH:3
end_of_record
TN:
SF:/home/travis/build/MaibornWolff/codecharta/visualization/app/codeCharta/util/settingsHelper.ts
FN:5,convertToVectors
FNF:1
FNH:1
FNDA:1168,convertToVectors
DA:6,1168
DA:8,1168
DA:9,2723
DA:10,779
DA:11,779
DA:12,779
DA:14,779
DA:15,6
DA:21,779
LF:9
LH:9
BRDA:9,0,0,779
BRDA:9,0,1,1944
BRDA:14,1,0,6
BRDA:14,1,1,773
BRDA:14,2,0,779
BRDA:14,2,1,776
BRDA:14,2,2,773
BRDA:16,3,0,3
BRDA:16,3,1,3
BRDA:17,4,0,6
BRDA:17,4,1,0
BRDA:18,5,0,3
BRDA:18,5,1,3
BRF:13
BRH:12
end_of_record
TN:
SF:/home/travis/build/MaibornWolff/codecharta/visualization/app/codeCharta/util/treeMapGenerator.ts
FN:22,(anonymous_0)
FN:24,(anonymous_1)
FN:27,(anonymous_2)
FN:32,(anonymous_3)
FN:34,(anonymous_4)
FN:45,(anonymous_5)
FN:48,(anonymous_6)
FN:51,(anonymous_7)
FN:56,(anonymous_8)
FN:60,(anonymous_9)
FN:64,(anonymous_10)
FN:68,(anonymous_11)
FN:83,(anonymous_12)
FNF:13
FNH:13
FNDA:9,(anonymous_0)
FNDA:11,(anonymous_1)
FNDA:36,(anonymous_2)
FNDA:9,(anonymous_3)
FNDA:36,(anonymous_4)
FNDA:36,(anonymous_5)
FNDA:36,(anonymous_6)
FNDA:27,(anonymous_7)
FNDA:5,(anonymous_8)
FNDA:25,(anonymous_9)
FNDA:37,(anonymous_10)
FNDA:37,(anonymous_11)
FNDA:36,(anonymous_12)
DA:19,94
DA:20,94
DA:23,9
DA:24,11
DA:25,9
DA:26,9
DA:27,9
DA:28,36
DA:33,9
DA:34,36
DA:35,9
DA:36,9
DA:37,9
DA:38,9
DA:39,9
DA:45,36
DA:49,36
DA:50,36
DA:51,27
DA:53,36
DA:57,5
DA:58,5
DA:60,25
DA:61,5
DA:65,37
DA:69,37
DA:70,0
DA:73,37
DA:74,1
DA:77,36
DA:78,8
DA:80,28
DA:84,36
LF:33
LH:32
BRDA:50,0,0,11
BRDA:50,0,1,25
BRDA:65,1,0,37
BRDA:65,1,1,37
BRDA:65,1,2,3
BRDA:65,1,3,1
BRDA:69,2,0,0
BRDA:69,2,1,37
BRDA:73,3,0,1
BRDA:73,3,1,36
BRDA:77,4,0,8
BRDA:77,4,1,28
BRDA:77,5,0,36
BRDA:77,5,1,25
BRDA:77,5,2,25
BRDA:84,6,0,36
BRDA:84,6,1,20
BRF:17
BRH:16
end_of_record
TN:
SF:/home/travis/build/MaibornWolff/codecharta/visualization/app/codeCharta/util/treeMapHelper.ts
FN:12,(anonymous_0)
FN:22,(anonymous_1)
FN:24,(anonymous_2)
FN:31,(anonymous_3)
FN:43,(anonymous_4)
FN:91,(anonymous_5)
FN:99,(anonymous_6)
FN:107,(anonymous_7)
FN:112,(anonymous_8)
FN:127,(anonymous_9)
FN:130,(anonymous_10)
FN:135,(anonymous_11)
FN:136,(anonymous_12)
FN:139,(anonymous_13)
FN:143,(anonymous_14)
FNF:15
FNH:15
FNDA:9,(anonymous_0)
FNDA:1,(anonymous_1)
FNDA:1,(anonymous_2)
FNDA:43,(anonymous_3)
FNDA:43,(anonymous_4)
FNDA:43,(anonymous_5)
FNDA:43,(anonymous_6)
FNDA:51,(anonymous_7)
FNDA:7,(anonymous_8)
FNDA:1,(anonymous_9)
FNDA:1,(anonymous_10)
FNDA:2,(anonymous_11)
FNDA:3,(anonymous_12)
FNDA:51,(anonymous_13)
FNDA:52,(anonymous_14)
DA:8,95
DA:9,95
DA:10,95
DA:13,9
DA:14,9
DA:15,4
DA:16,5
DA:19,9
DA:23,1
DA:24,1
DA:25,1
DA:28,1
DA:32,43
DA:34,43
DA:35,0
DA:36,43
DA:37,37
DA:39,6
DA:50,43
DA:51,43
DA:52,43
DA:53,43
DA:54,43
DA:55,43
DA:58,43
DA:59,43
DA:60,43
DA:61,43
DA:63,43
DA:92,43
DA:93,18
DA:95,25
DA:100,43
DA:101,18
DA:103,25
DA:108,51
DA:109,51
DA:112,7
DA:114,1
DA:117,51
DA:118,2
DA:121,51
DA:123,51
DA:124,51
DA:128,1
DA:130,1
DA:136,3
DA:140,51
DA:144,52
DA:145,52
DA:146,0
DA:148,52
DA:150,52
DA:151,28
DA:152,24
DA:153,1
DA:154,23
DA:155,14
DA:156,9
DA:157,8
DA:159,1
LF:61
LH:59
BRDA:14,0,0,4
BRDA:14,0,1,5
BRDA:14,1,0,9
BRDA:14,1,1,4
BRDA:32,2,0,43
BRDA:32,2,1,27
BRDA:34,3,0,0
BRDA:34,3,1,43
BRDA:36,4,0,37
BRDA:36,4,1,6
BRDA:50,5,0,43
BRDA:50,5,1,11
BRDA:56,6,0,32
BRDA:56,6,1,11
BRDA:78,7,0,3
BRDA:78,7,1,40
BRDA:77,8,0,43
BRDA:77,8,1,5
BRDA:80,9,0,43
BRDA:80,9,1,6
BRDA:80,10,0,6
BRDA:80,10,1,4
BRDA:80,10,2,4
BRDA:92,11,0,18
BRDA:92,11,1,25
BRDA:100,12,0,18
BRDA:100,12,1,25
BRDA:109,13,0,1
BRDA:109,13,1,50
BRDA:110,14,0,51
BRDA:110,14,1,7
BRDA:110,14,2,7
BRDA:117,15,0,2
BRDA:117,15,1,49
BRDA:117,16,0,51
BRDA:117,16,1,51
BRDA:117,16,2,2
BRDA:118,17,0,0
BRDA:118,17,1,2
BRDA:123,18,0,51
BRDA:123,18,1,50
BRDA:129,19,0,1
BRDA:129,19,1,1
BRDA:130,20,0,1
BRDA:130,20,1,1
BRDA:144,21,0,45
BRDA:144,21,1,7
BRDA:145,22,0,0
BRDA:145,22,1,52
BRDA:150,23,0,28
BRDA:150,23,1,24
BRDA:152,24,0,1
BRDA:152,24,1,23
BRDA:154,25,0,14
BRDA:154,25,1,9
BRDA:155,26,0,1
BRDA:155,26,1,13
BRDA:156,27,0,8
BRDA:156,27,1,1
BRDA:157,28,0,2
BRDA:157,28,1,6
BRF:61
BRH:58
end_of_record
TN:
SF:/home/travis/build/MaibornWolff/codecharta/visualization/app/codeCharta/util/urlExtractor.ts
FN:8,(anonymous_0)
FN:10,(anonymous_1)
FN:24,(anonymous_2)
FN:37,(anonymous_3)
FN:39,(anonymous_4)
FN:48,(anonymous_5)
FN:49,(anonymous_6)
FN:51,(anonymous_7)
FNF:8
FNH:8
FNDA:20,(anonymous_0)
FNDA:4,(anonymous_1)
FNDA:14,(anonymous_2)
FNDA:5,(anonymous_3)
FNDA:5,(anonymous_4)
FNDA:4,(anonymous_5)
FNDA:4,(anonymous_6)
FNDA:2,(anonymous_7)
DA:6,94
DA:8,20
DA:11,4
DA:12,4
DA:13,4
DA:15,4
DA:16,2
DA:18,2
DA:19,0
DA:21,2
DA:25,14
DA:27,14
DA:28,11
DA:31,14
DA:32,1
DA:35,14
DA:37,14
DA:38,5
DA:40,5
DA:45,14
DA:49,4
DA:50,4
DA:51,2
DA:52,2
DA:53,1
DA:54,1
DA:56,1
DA:60,2
LF:28
LH:27
BRDA:15,0,0,2
BRDA:15,0,1,2
BRDA:18,1,0,0
BRDA:18,1,1,2
BRDA:27,2,0,11
BRDA:27,2,1,3
BRDA:31,3,0,1
BRDA:31,3,1,13
BRDA:50,4,0,2
BRDA:50,4,1,2
BRDA:50,5,0,4
BRDA:50,5,1,2
BRDA:52,6,0,1
BRDA:52,6,1,1
BRF:14
BRH:13
end_of_record
TN:
SF:/home/travis/build/MaibornWolff/codecharta/visualization/app/codeCharta/util/color/colorConverter.ts
FN:6,(anonymous_0)
FN:10,(anonymous_1)
FN:16,(anonymous_2)
FN:21,(anonymous_3)
FN:26,(anonymous_4)
FN:37,(anonymous_5)
FN:42,(anonymous_6)
FN:47,(anonymous_7)
FN:55,(anonymous_8)
FN:69,(anonymous_9)
FN:75,(anonymous_10)
FN:83,(anonymous_11)
FN:87,(anonymous_12)
FN:96,(anonymous_13)
FNF:14
FNH:14
FNDA:374,(anonymous_0)
FNDA:2,(anonymous_1)
FNDA:8,(anonymous_2)
FNDA:14,(anonymous_3)
FNDA:35,(anonymous_4)
FNDA:6,(anonymous_5)
FNDA:371,(anonymous_6)
FNDA:1,(anonymous_7)
FNDA:7,(anonymous_8)
FNDA:35,(anonymous_9)
FNDA:57,(anonymous_10)
FNDA:35,(anonymous_11)
FNDA:70,(anonymous_12)
FNDA:35,(anonymous_13)
DA:7,374
DA:11,2
DA:12,2
DA:13,2
DA:17,8
DA:18,8
DA:22,14
DA:23,14
DA:27,35
DA:38,6
DA:39,6
DA:43,371
DA:44,371
DA:48,1
DA:49,1
DA:50,1
DA:52,1
DA:56,7
DA:57,7
DA:58,7
DA:59,7
DA:61,7
DA:62,35
DA:63,35
DA:64,35
DA:66,7
DA:70,35
DA:71,35
DA:72,35
DA:76,57
DA:77,57
DA:78,2
DA:80,57
DA:84,35
DA:88,70
DA:89,70
DA:90,70
DA:91,70
DA:92,70
DA:93,70
DA:97,35
LF:41
LH:41
BRDA:16,0,0,7
BRDA:77,1,0,2
BRDA:77,1,1,55
BRF:3
BRH:3
end_of_record
TN:
SF:/home/travis/build/MaibornWolff/codecharta/visualization/app/codeCharta/util/color/hsl.ts
FN:4,(anonymous_0)
FN:6,(anonymous_1)
FN:10,(anonymous_2)
FN:14,(anonymous_3)
FN:18,(anonymous_4)
FN:22,(anonymous_5)
FNF:6
FNH:6
FNDA:12,(anonymous_0)
FNDA:7,(anonymous_1)
FNDA:7,(anonymous_2)
FNDA:8,(anonymous_3)
FNDA:6,(anonymous_4)
FNDA:2,(anonymous_5)
DA:4,12
DA:7,7
DA:11,7
DA:15,8
DA:19,6
DA:23,2
LF:6
LH:6
BRF:0
BRH:0
end_of_record
